GowinSynthesis start
Running parser ...
Analyzing Verilog file 'C:\Gowin\Gowin_V1.9.9_x64\IDE\ipcore\RiscV_AE350_SOC\data\riscv_ae350_top.v'
Analyzing included file 'riscv_ae350_config.v'("C:\Gowin\Gowin_V1.9.9_x64\IDE\ipcore\RiscV_AE350_SOC\data\riscv_ae350_top.v":16)
Back to file 'C:\Gowin\Gowin_V1.9.9_x64\IDE\ipcore\RiscV_AE350_SOC\data\riscv_ae350_top.v'("C:\Gowin\Gowin_V1.9.9_x64\IDE\ipcore\RiscV_AE350_SOC\data\riscv_ae350_top.v":16)
Analyzing Verilog file 'C:\Gowin\Gowin_V1.9.9_x64\IDE\ipcore\RiscV_AE350_SOC\data\riscv_ae350_soc.v'
Analyzing included file 'riscv_ae350_config.v'("C:\Gowin\Gowin_V1.9.9_x64\IDE\ipcore\RiscV_AE350_SOC\data\riscv_ae350_soc.v":634)
Back to file 'C:\Gowin\Gowin_V1.9.9_x64\IDE\ipcore\RiscV_AE350_SOC\data\riscv_ae350_soc.v'("C:\Gowin\Gowin_V1.9.9_x64\IDE\ipcore\RiscV_AE350_SOC\data\riscv_ae350_soc.v":634)
Analyzing Verilog file 'C:\Gowin\Gowin_V1.9.9_x64\IDE\ipcore\RiscV_AE350_SOC\data\riscv_ae350_ddr3.v'
Analyzing Verilog file 'C:\Gowin\Gowin_V1.9.9_x64\IDE\ipcore\RiscV_AE350_SOC\data\riscv_ae350_flash.v'
Analyzing included file 'riscv_ae350_config.v'("C:\Gowin\Gowin_V1.9.9_x64\IDE\ipcore\RiscV_AE350_SOC\data\riscv_ae350_flash.v":3247)
Back to file 'C:\Gowin\Gowin_V1.9.9_x64\IDE\ipcore\RiscV_AE350_SOC\data\riscv_ae350_flash.v'("C:\Gowin\Gowin_V1.9.9_x64\IDE\ipcore\RiscV_AE350_SOC\data\riscv_ae350_flash.v":3247)
Analyzing Verilog file 'C:\Gowin\Gowin_V1.9.9_x64\IDE\ipcore\RiscV_AE350_SOC\data\ddr3_memory_interface.v'
Analyzing Verilog file 'C:\Gowin\Gowin_V1.9.9_x64\IDE\ipcore\RiscV_AE350_SOC\data\ddr3_memory_rdfifo.v'
Analyzing Verilog file 'C:\Gowin\Gowin_V1.9.9_x64\IDE\ipcore\RiscV_AE350_SOC\data\ddr3_memory_wrfifo.v'
Compiling module 'RiscV_AE350_SOC_Top'("C:\Gowin\Gowin_V1.9.9_x64\IDE\ipcore\RiscV_AE350_SOC\data\riscv_ae350_top.v":21)
Compiling module '**'("C:\Gowin\Gowin_V1.9.9_x64\IDE\ipcore\RiscV_AE350_SOC\data\riscv_ae350_soc.v":0)
Compiling module '**'("C:\Gowin\Gowin_V1.9.9_x64\IDE\ipcore\RiscV_AE350_SOC\data\riscv_ae350_flash.v":0)
Compiling module '**'("C:\Gowin\Gowin_V1.9.9_x64\IDE\ipcore\RiscV_AE350_SOC\data\riscv_ae350_flash.v":0)
Compiling module '**'("C:\Gowin\Gowin_V1.9.9_x64\IDE\ipcore\RiscV_AE350_SOC\data\riscv_ae350_flash.v":0)
Compiling module '**'("C:\Gowin\Gowin_V1.9.9_x64\IDE\ipcore\RiscV_AE350_SOC\data\riscv_ae350_flash.v":0)
Compiling module '**'("C:\Gowin\Gowin_V1.9.9_x64\IDE\ipcore\RiscV_AE350_SOC\data\riscv_ae350_flash.v":0)
Compiling module '**'("C:\Gowin\Gowin_V1.9.9_x64\IDE\ipcore\RiscV_AE350_SOC\data\riscv_ae350_flash.v":0)
Compiling module '**'("C:\Gowin\Gowin_V1.9.9_x64\IDE\ipcore\RiscV_AE350_SOC\data\riscv_ae350_flash.v":0)
Compiling module '**'("C:\Gowin\Gowin_V1.9.9_x64\IDE\ipcore\RiscV_AE350_SOC\data\riscv_ae350_flash.v":0)
Compiling module '**'("C:\Gowin\Gowin_V1.9.9_x64\IDE\ipcore\RiscV_AE350_SOC\data\riscv_ae350_flash.v":0)
Compiling module '**'("C:\Gowin\Gowin_V1.9.9_x64\IDE\ipcore\RiscV_AE350_SOC\data\riscv_ae350_flash.v":0)
Compiling module '**'("C:\Gowin\Gowin_V1.9.9_x64\IDE\ipcore\RiscV_AE350_SOC\data\riscv_ae350_flash.v":0)
Extracting RAM for identifier '**'("C:\Gowin\Gowin_V1.9.9_x64\IDE\ipcore\RiscV_AE350_SOC\data\riscv_ae350_flash.v":0)
Compiling module '**'("C:\Gowin\Gowin_V1.9.9_x64\IDE\ipcore\RiscV_AE350_SOC\data\riscv_ae350_flash.v":0)
Compiling module '**'("C:\Gowin\Gowin_V1.9.9_x64\IDE\ipcore\RiscV_AE350_SOC\data\riscv_ae350_flash.v":0)
Compiling module '**'("C:\Gowin\Gowin_V1.9.9_x64\IDE\ipcore\RiscV_AE350_SOC\data\riscv_ae350_flash.v":0)
Compiling module '**'("C:\Gowin\Gowin_V1.9.9_x64\IDE\ipcore\RiscV_AE350_SOC\data\riscv_ae350_flash.v":0)
Compiling module '**'("C:\Gowin\Gowin_V1.9.9_x64\IDE\ipcore\RiscV_AE350_SOC\data\riscv_ae350_flash.v":0)
WARN  (EX2420) : Latch inferred for net '**'; We do not recommend the use of latches in FPGA designs, as they may lead to timing problems("C:\Gowin\Gowin_V1.9.9_x64\IDE\ipcore\RiscV_AE350_SOC\data\riscv_ae350_flash.v":0)
Compiling module '**'("C:\Gowin\Gowin_V1.9.9_x64\IDE\ipcore\RiscV_AE350_SOC\data\riscv_ae350_flash.v":0)
WARN  (EX1998) : Net '**' does not have a driver("C:\Gowin\Gowin_V1.9.9_x64\IDE\ipcore\RiscV_AE350_SOC\data\riscv_ae350_flash.v":0)
WARN  (EX3670) : Actual bit length ** differs from formal bit length ** for port '**'("C:\Gowin\Gowin_V1.9.9_x64\IDE\ipcore\RiscV_AE350_SOC\data\riscv_ae350_soc.v":0)
Compiling module '**'("C:\Gowin\Gowin_V1.9.9_x64\IDE\ipcore\RiscV_AE350_SOC\data\riscv_ae350_ddr3.v":0)
Compiling module '**'("C:\Gowin\Gowin_V1.9.9_x64\IDE\ipcore\RiscV_AE350_SOC\data\riscv_ae350_ddr3.v":0)
Compiling module 'DDR3_Memory_Interface_Top'("C:\Gowin\Gowin_V1.9.9_x64\IDE\ipcore\RiscV_AE350_SOC\data\ddr3_memory_interface.v":21629)
Compiling module '**'("C:\Gowin\Gowin_V1.9.9_x64\IDE\ipcore\RiscV_AE350_SOC\data\ddr3_memory_interface.v":0)
Compiling module '**'("C:\Gowin\Gowin_V1.9.9_x64\IDE\ipcore\RiscV_AE350_SOC\data\ddr3_memory_interface.v":0)
Compiling module '**'("C:\Gowin\Gowin_V1.9.9_x64\IDE\ipcore\RiscV_AE350_SOC\data\ddr3_memory_interface.v":0)
Compiling module '**'("C:\Gowin\Gowin_V1.9.9_x64\IDE\ipcore\RiscV_AE350_SOC\data\ddr3_memory_interface.v":0)
Compiling module '**'("C:\Gowin\Gowin_V1.9.9_x64\IDE\ipcore\RiscV_AE350_SOC\data\ddr3_memory_interface.v":0)
Compiling module '**'("C:\Gowin\Gowin_V1.9.9_x64\IDE\ipcore\RiscV_AE350_SOC\data\ddr3_memory_interface.v":0)
Compiling module '**'("C:\Gowin\Gowin_V1.9.9_x64\IDE\ipcore\RiscV_AE350_SOC\data\ddr3_memory_interface.v":0)
Compiling module '**'("C:\Gowin\Gowin_V1.9.9_x64\IDE\ipcore\RiscV_AE350_SOC\data\ddr3_memory_interface.v":0)
Compiling module '**'("C:\Gowin\Gowin_V1.9.9_x64\IDE\ipcore\RiscV_AE350_SOC\data\ddr3_memory_interface.v":0)
Compiling module '**'("C:\Gowin\Gowin_V1.9.9_x64\IDE\ipcore\RiscV_AE350_SOC\data\ddr3_memory_interface.v":0)
Compiling module '**'("C:\Gowin\Gowin_V1.9.9_x64\IDE\ipcore\RiscV_AE350_SOC\data\ddr3_memory_interface.v":0)
Compiling module '**'("C:\Gowin\Gowin_V1.9.9_x64\IDE\ipcore\RiscV_AE350_SOC\data\ddr3_memory_interface.v":0)
Compiling module '**'("C:\Gowin\Gowin_V1.9.9_x64\IDE\ipcore\RiscV_AE350_SOC\data\ddr3_memory_interface.v":0)
Compiling module '**'("C:\Gowin\Gowin_V1.9.9_x64\IDE\ipcore\RiscV_AE350_SOC\data\ddr3_memory_interface.v":0)
Compiling module '**'("C:\Gowin\Gowin_V1.9.9_x64\IDE\ipcore\RiscV_AE350_SOC\data\ddr3_memory_interface.v":0)
Compiling module '**'("C:\Gowin\Gowin_V1.9.9_x64\IDE\ipcore\RiscV_AE350_SOC\data\ddr3_memory_interface.v":0)
Compiling module '**'("C:\Gowin\Gowin_V1.9.9_x64\IDE\ipcore\RiscV_AE350_SOC\data\ddr3_memory_interface.v":0)
Compiling module '**'("C:\Gowin\Gowin_V1.9.9_x64\IDE\ipcore\RiscV_AE350_SOC\data\ddr3_memory_interface.v":0)
Compiling module '**'("C:\Gowin\Gowin_V1.9.9_x64\IDE\ipcore\RiscV_AE350_SOC\data\ddr3_memory_interface.v":0)
Compiling module '**'("C:\Gowin\Gowin_V1.9.9_x64\IDE\ipcore\RiscV_AE350_SOC\data\ddr3_memory_interface.v":0)
Compiling module '**'("C:\Gowin\Gowin_V1.9.9_x64\IDE\ipcore\RiscV_AE350_SOC\data\ddr3_memory_interface.v":0)
Compiling module '**'("C:\Gowin\Gowin_V1.9.9_x64\IDE\ipcore\RiscV_AE350_SOC\data\ddr3_memory_interface.v":0)
Compiling module '**'("C:\Gowin\Gowin_V1.9.9_x64\IDE\ipcore\RiscV_AE350_SOC\data\ddr3_memory_interface.v":0)
Compiling module '**'("C:\Gowin\Gowin_V1.9.9_x64\IDE\ipcore\RiscV_AE350_SOC\data\ddr3_memory_interface.v":0)
Compiling module '**'("C:\Gowin\Gowin_V1.9.9_x64\IDE\ipcore\RiscV_AE350_SOC\data\ddr3_memory_interface.v":0)
Compiling module '**'("C:\Gowin\Gowin_V1.9.9_x64\IDE\ipcore\RiscV_AE350_SOC\data\ddr3_memory_interface.v":0)
Compiling module '**'("C:\Gowin\Gowin_V1.9.9_x64\IDE\ipcore\RiscV_AE350_SOC\data\ddr3_memory_interface.v":0)
Compiling module '**'("C:\Gowin\Gowin_V1.9.9_x64\IDE\ipcore\RiscV_AE350_SOC\data\ddr3_memory_interface.v":0)
Compiling module '**'("C:\Gowin\Gowin_V1.9.9_x64\IDE\ipcore\RiscV_AE350_SOC\data\ddr3_memory_interface.v":0)
Compiling module '**'("C:\Gowin\Gowin_V1.9.9_x64\IDE\ipcore\RiscV_AE350_SOC\data\ddr3_memory_interface.v":0)
Compiling module '**'("C:\Gowin\Gowin_V1.9.9_x64\IDE\ipcore\RiscV_AE350_SOC\data\ddr3_memory_interface.v":0)
Compiling module '**'("C:\Gowin\Gowin_V1.9.9_x64\IDE\ipcore\RiscV_AE350_SOC\data\riscv_ae350_ddr3.v":0)
Compiling module 'ddr3_memory_wrfifo'("C:\Gowin\Gowin_V1.9.9_x64\IDE\ipcore\RiscV_AE350_SOC\data\ddr3_memory_wrfifo.v":478)
Compiling module '**'("C:\Gowin\Gowin_V1.9.9_x64\IDE\ipcore\RiscV_AE350_SOC\data\ddr3_memory_wrfifo.v":0)
WARN  (EX3791) : Expression size ** truncated to fit in target size **("C:\Gowin\Gowin_V1.9.9_x64\IDE\ipcore\RiscV_AE350_SOC\data\riscv_ae350_ddr3.v":0)
WARN  (EX3791) : Expression size ** truncated to fit in target size **("C:\Gowin\Gowin_V1.9.9_x64\IDE\ipcore\RiscV_AE350_SOC\data\riscv_ae350_ddr3.v":0)
Compiling module 'ddr3_memory_rdfifo'("C:\Gowin\Gowin_V1.9.9_x64\IDE\ipcore\RiscV_AE350_SOC\data\ddr3_memory_rdfifo.v":478)
Compiling module '**'("C:\Gowin\Gowin_V1.9.9_x64\IDE\ipcore\RiscV_AE350_SOC\data\ddr3_memory_rdfifo.v":0)
WARN  (EX3670) : Actual bit length ** differs from formal bit length ** for port '**'("C:\Gowin\Gowin_V1.9.9_x64\IDE\ipcore\RiscV_AE350_SOC\data\riscv_ae350_soc.v":0)
NOTE  (EX0101) : Current top module is "RiscV_AE350_SOC_Top"
WARN  (NL0001) : Sweep user defined dangling instance "u_RiscV_AE350_SOC/u_riscv_ae350_ddr3_top/u_ddr3_memory_ahb_top/u_ddr3/gw3_top/u_gwmc_top/phy_rd_data_dly_127_s0"("C:\Gowin\Gowin_V1.9.9_x64\IDE\ipcore\RiscV_AE350_SOC\data\ddr3_memory_interface.v":0)
WARN  (NL0001) : Sweep user defined dangling instance "u_RiscV_AE350_SOC/u_riscv_ae350_ddr3_top/u_ddr3_memory_ahb_top/u_ddr3/gw3_top/u_gwmc_top/phy_rd_data_dly_126_s0"("C:\Gowin\Gowin_V1.9.9_x64\IDE\ipcore\RiscV_AE350_SOC\data\ddr3_memory_interface.v":0)
WARN  (NL0001) : Sweep user defined dangling instance "u_RiscV_AE350_SOC/u_riscv_ae350_ddr3_top/u_ddr3_memory_ahb_top/u_ddr3/gw3_top/u_gwmc_top/phy_rd_data_dly_125_s0"("C:\Gowin\Gowin_V1.9.9_x64\IDE\ipcore\RiscV_AE350_SOC\data\ddr3_memory_interface.v":0)
WARN  (NL0001) : Sweep user defined dangling instance "u_RiscV_AE350_SOC/u_riscv_ae350_ddr3_top/u_ddr3_memory_ahb_top/u_ddr3/gw3_top/u_gwmc_top/phy_rd_data_dly_124_s0"("C:\Gowin\Gowin_V1.9.9_x64\IDE\ipcore\RiscV_AE350_SOC\data\ddr3_memory_interface.v":0)
WARN  (NL0001) : Sweep user defined dangling instance "u_RiscV_AE350_SOC/u_riscv_ae350_ddr3_top/u_ddr3_memory_ahb_top/u_ddr3/gw3_top/u_gwmc_top/phy_rd_data_dly_123_s0"("C:\Gowin\Gowin_V1.9.9_x64\IDE\ipcore\RiscV_AE350_SOC\data\ddr3_memory_interface.v":0)
WARN  (NL0001) : Sweep user defined dangling instance "u_RiscV_AE350_SOC/u_riscv_ae350_ddr3_top/u_ddr3_memory_ahb_top/u_ddr3/gw3_top/u_gwmc_top/phy_rd_data_dly_122_s0"("C:\Gowin\Gowin_V1.9.9_x64\IDE\ipcore\RiscV_AE350_SOC\data\ddr3_memory_interface.v":0)
WARN  (NL0001) : Sweep user defined dangling instance "u_RiscV_AE350_SOC/u_riscv_ae350_ddr3_top/u_ddr3_memory_ahb_top/u_ddr3/gw3_top/u_gwmc_top/phy_rd_data_dly_121_s0"("C:\Gowin\Gowin_V1.9.9_x64\IDE\ipcore\RiscV_AE350_SOC\data\ddr3_memory_interface.v":0)
WARN  (NL0001) : Sweep user defined dangling instance "u_RiscV_AE350_SOC/u_riscv_ae350_ddr3_top/u_ddr3_memory_ahb_top/u_ddr3/gw3_top/u_gwmc_top/phy_rd_data_dly_120_s0"("C:\Gowin\Gowin_V1.9.9_x64\IDE\ipcore\RiscV_AE350_SOC\data\ddr3_memory_interface.v":0)
WARN  (NL0001) : Sweep user defined dangling instance "u_RiscV_AE350_SOC/u_riscv_ae350_ddr3_top/u_ddr3_memory_ahb_top/u_ddr3/gw3_top/u_gwmc_top/phy_rd_data_dly_119_s0"("C:\Gowin\Gowin_V1.9.9_x64\IDE\ipcore\RiscV_AE350_SOC\data\ddr3_memory_interface.v":0)
WARN  (NL0001) : Sweep user defined dangling instance "u_RiscV_AE350_SOC/u_riscv_ae350_ddr3_top/u_ddr3_memory_ahb_top/u_ddr3/gw3_top/u_gwmc_top/phy_rd_data_dly_118_s0"("C:\Gowin\Gowin_V1.9.9_x64\IDE\ipcore\RiscV_AE350_SOC\data\ddr3_memory_interface.v":0)
WARN  (NL0001) : Sweep user defined dangling instance "u_RiscV_AE350_SOC/u_riscv_ae350_ddr3_top/u_ddr3_memory_ahb_top/u_ddr3/gw3_top/u_gwmc_top/phy_rd_data_dly_117_s0"("C:\Gowin\Gowin_V1.9.9_x64\IDE\ipcore\RiscV_AE350_SOC\data\ddr3_memory_interface.v":0)
WARN  (NL0001) : Sweep user defined dangling instance "u_RiscV_AE350_SOC/u_riscv_ae350_ddr3_top/u_ddr3_memory_ahb_top/u_ddr3/gw3_top/u_gwmc_top/phy_rd_data_dly_116_s0"("C:\Gowin\Gowin_V1.9.9_x64\IDE\ipcore\RiscV_AE350_SOC\data\ddr3_memory_interface.v":0)
WARN  (NL0001) : Sweep user defined dangling instance "u_RiscV_AE350_SOC/u_riscv_ae350_ddr3_top/u_ddr3_memory_ahb_top/u_ddr3/gw3_top/u_gwmc_top/phy_rd_data_dly_115_s0"("C:\Gowin\Gowin_V1.9.9_x64\IDE\ipcore\RiscV_AE350_SOC\data\ddr3_memory_interface.v":0)
WARN  (NL0001) : Sweep user defined dangling instance "u_RiscV_AE350_SOC/u_riscv_ae350_ddr3_top/u_ddr3_memory_ahb_top/u_ddr3/gw3_top/u_gwmc_top/phy_rd_data_dly_114_s0"("C:\Gowin\Gowin_V1.9.9_x64\IDE\ipcore\RiscV_AE350_SOC\data\ddr3_memory_interface.v":0)
WARN  (NL0001) : Sweep user defined dangling instance "u_RiscV_AE350_SOC/u_riscv_ae350_ddr3_top/u_ddr3_memory_ahb_top/u_ddr3/gw3_top/u_gwmc_top/phy_rd_data_dly_113_s0"("C:\Gowin\Gowin_V1.9.9_x64\IDE\ipcore\RiscV_AE350_SOC\data\ddr3_memory_interface.v":0)
WARN  (NL0001) : Sweep user defined dangling instance "u_RiscV_AE350_SOC/u_riscv_ae350_ddr3_top/u_ddr3_memory_ahb_top/u_ddr3/gw3_top/u_gwmc_top/phy_rd_data_dly_112_s0"("C:\Gowin\Gowin_V1.9.9_x64\IDE\ipcore\RiscV_AE350_SOC\data\ddr3_memory_interface.v":0)
WARN  (NL0001) : Sweep user defined dangling instance "u_RiscV_AE350_SOC/u_riscv_ae350_ddr3_top/u_ddr3_memory_ahb_top/u_ddr3/gw3_top/u_gwmc_top/phy_rd_data_dly_111_s0"("C:\Gowin\Gowin_V1.9.9_x64\IDE\ipcore\RiscV_AE350_SOC\data\ddr3_memory_interface.v":0)
WARN  (NL0001) : Sweep user defined dangling instance "u_RiscV_AE350_SOC/u_riscv_ae350_ddr3_top/u_ddr3_memory_ahb_top/u_ddr3/gw3_top/u_gwmc_top/phy_rd_data_dly_110_s0"("C:\Gowin\Gowin_V1.9.9_x64\IDE\ipcore\RiscV_AE350_SOC\data\ddr3_memory_interface.v":0)
WARN  (NL0001) : Sweep user defined dangling instance "u_RiscV_AE350_SOC/u_riscv_ae350_ddr3_top/u_ddr3_memory_ahb_top/u_ddr3/gw3_top/u_gwmc_top/phy_rd_data_dly_109_s0"("C:\Gowin\Gowin_V1.9.9_x64\IDE\ipcore\RiscV_AE350_SOC\data\ddr3_memory_interface.v":0)
WARN  (NL0001) : Sweep user defined dangling instance "u_RiscV_AE350_SOC/u_riscv_ae350_ddr3_top/u_ddr3_memory_ahb_top/u_ddr3/gw3_top/u_gwmc_top/phy_rd_data_dly_108_s0"("C:\Gowin\Gowin_V1.9.9_x64\IDE\ipcore\RiscV_AE350_SOC\data\ddr3_memory_interface.v":0)
WARN  (NL0001) : Sweep user defined dangling instance "u_RiscV_AE350_SOC/u_riscv_ae350_ddr3_top/u_ddr3_memory_ahb_top/u_ddr3/gw3_top/u_gwmc_top/phy_rd_data_dly_107_s0"("C:\Gowin\Gowin_V1.9.9_x64\IDE\ipcore\RiscV_AE350_SOC\data\ddr3_memory_interface.v":0)
WARN  (NL0001) : Sweep user defined dangling instance "u_RiscV_AE350_SOC/u_riscv_ae350_ddr3_top/u_ddr3_memory_ahb_top/u_ddr3/gw3_top/u_gwmc_top/phy_rd_data_dly_106_s0"("C:\Gowin\Gowin_V1.9.9_x64\IDE\ipcore\RiscV_AE350_SOC\data\ddr3_memory_interface.v":0)
WARN  (NL0001) : Sweep user defined dangling instance "u_RiscV_AE350_SOC/u_riscv_ae350_ddr3_top/u_ddr3_memory_ahb_top/u_ddr3/gw3_top/u_gwmc_top/phy_rd_data_dly_105_s0"("C:\Gowin\Gowin_V1.9.9_x64\IDE\ipcore\RiscV_AE350_SOC\data\ddr3_memory_interface.v":0)
WARN  (NL0001) : Sweep user defined dangling instance "u_RiscV_AE350_SOC/u_riscv_ae350_ddr3_top/u_ddr3_memory_ahb_top/u_ddr3/gw3_top/u_gwmc_top/phy_rd_data_dly_104_s0"("C:\Gowin\Gowin_V1.9.9_x64\IDE\ipcore\RiscV_AE350_SOC\data\ddr3_memory_interface.v":0)
WARN  (NL0001) : Sweep user defined dangling instance "u_RiscV_AE350_SOC/u_riscv_ae350_ddr3_top/u_ddr3_memory_ahb_top/u_ddr3/gw3_top/u_gwmc_top/phy_rd_data_dly_103_s0"("C:\Gowin\Gowin_V1.9.9_x64\IDE\ipcore\RiscV_AE350_SOC\data\ddr3_memory_interface.v":0)
WARN  (NL0001) : Sweep user defined dangling instance "u_RiscV_AE350_SOC/u_riscv_ae350_ddr3_top/u_ddr3_memory_ahb_top/u_ddr3/gw3_top/u_gwmc_top/phy_rd_data_dly_102_s0"("C:\Gowin\Gowin_V1.9.9_x64\IDE\ipcore\RiscV_AE350_SOC\data\ddr3_memory_interface.v":0)
WARN  (NL0001) : Sweep user defined dangling instance "u_RiscV_AE350_SOC/u_riscv_ae350_ddr3_top/u_ddr3_memory_ahb_top/u_ddr3/gw3_top/u_gwmc_top/phy_rd_data_dly_101_s0"("C:\Gowin\Gowin_V1.9.9_x64\IDE\ipcore\RiscV_AE350_SOC\data\ddr3_memory_interface.v":0)
WARN  (NL0001) : Sweep user defined dangling instance "u_RiscV_AE350_SOC/u_riscv_ae350_ddr3_top/u_ddr3_memory_ahb_top/u_ddr3/gw3_top/u_gwmc_top/phy_rd_data_dly_100_s0"("C:\Gowin\Gowin_V1.9.9_x64\IDE\ipcore\RiscV_AE350_SOC\data\ddr3_memory_interface.v":0)
WARN  (NL0001) : Sweep user defined dangling instance "u_RiscV_AE350_SOC/u_riscv_ae350_ddr3_top/u_ddr3_memory_ahb_top/u_ddr3/gw3_top/u_gwmc_top/phy_rd_data_dly_99_s0"("C:\Gowin\Gowin_V1.9.9_x64\IDE\ipcore\RiscV_AE350_SOC\data\ddr3_memory_interface.v":0)
WARN  (NL0001) : Sweep user defined dangling instance "u_RiscV_AE350_SOC/u_riscv_ae350_ddr3_top/u_ddr3_memory_ahb_top/u_ddr3/gw3_top/u_gwmc_top/phy_rd_data_dly_98_s0"("C:\Gowin\Gowin_V1.9.9_x64\IDE\ipcore\RiscV_AE350_SOC\data\ddr3_memory_interface.v":0)
WARN  (NL0001) : Sweep user defined dangling instance "u_RiscV_AE350_SOC/u_riscv_ae350_ddr3_top/u_ddr3_memory_ahb_top/u_ddr3/gw3_top/u_gwmc_top/phy_rd_data_dly_97_s0"("C:\Gowin\Gowin_V1.9.9_x64\IDE\ipcore\RiscV_AE350_SOC\data\ddr3_memory_interface.v":0)
WARN  (NL0001) : Sweep user defined dangling instance "u_RiscV_AE350_SOC/u_riscv_ae350_ddr3_top/u_ddr3_memory_ahb_top/u_ddr3/gw3_top/u_gwmc_top/phy_rd_data_dly_96_s0"("C:\Gowin\Gowin_V1.9.9_x64\IDE\ipcore\RiscV_AE350_SOC\data\ddr3_memory_interface.v":0)
WARN  (NL0001) : Sweep user defined dangling instance "u_RiscV_AE350_SOC/u_riscv_ae350_ddr3_top/u_ddr3_memory_ahb_top/u_ddr3/gw3_top/u_gwmc_top/phy_rd_data_dly_95_s0"("C:\Gowin\Gowin_V1.9.9_x64\IDE\ipcore\RiscV_AE350_SOC\data\ddr3_memory_interface.v":0)
WARN  (NL0001) : Sweep user defined dangling instance "u_RiscV_AE350_SOC/u_riscv_ae350_ddr3_top/u_ddr3_memory_ahb_top/u_ddr3/gw3_top/u_gwmc_top/phy_rd_data_dly_94_s0"("C:\Gowin\Gowin_V1.9.9_x64\IDE\ipcore\RiscV_AE350_SOC\data\ddr3_memory_interface.v":0)
WARN  (NL0001) : Sweep user defined dangling instance "u_RiscV_AE350_SOC/u_riscv_ae350_ddr3_top/u_ddr3_memory_ahb_top/u_ddr3/gw3_top/u_gwmc_top/phy_rd_data_dly_93_s0"("C:\Gowin\Gowin_V1.9.9_x64\IDE\ipcore\RiscV_AE350_SOC\data\ddr3_memory_interface.v":0)
WARN  (NL0001) : Sweep user defined dangling instance "u_RiscV_AE350_SOC/u_riscv_ae350_ddr3_top/u_ddr3_memory_ahb_top/u_ddr3/gw3_top/u_gwmc_top/phy_rd_data_dly_92_s0"("C:\Gowin\Gowin_V1.9.9_x64\IDE\ipcore\RiscV_AE350_SOC\data\ddr3_memory_interface.v":0)
WARN  (NL0001) : Sweep user defined dangling instance "u_RiscV_AE350_SOC/u_riscv_ae350_ddr3_top/u_ddr3_memory_ahb_top/u_ddr3/gw3_top/u_gwmc_top/phy_rd_data_dly_91_s0"("C:\Gowin\Gowin_V1.9.9_x64\IDE\ipcore\RiscV_AE350_SOC\data\ddr3_memory_interface.v":0)
WARN  (NL0001) : Sweep user defined dangling instance "u_RiscV_AE350_SOC/u_riscv_ae350_ddr3_top/u_ddr3_memory_ahb_top/u_ddr3/gw3_top/u_gwmc_top/phy_rd_data_dly_90_s0"("C:\Gowin\Gowin_V1.9.9_x64\IDE\ipcore\RiscV_AE350_SOC\data\ddr3_memory_interface.v":0)
WARN  (NL0001) : Sweep user defined dangling instance "u_RiscV_AE350_SOC/u_riscv_ae350_ddr3_top/u_ddr3_memory_ahb_top/u_ddr3/gw3_top/u_gwmc_top/phy_rd_data_dly_89_s0"("C:\Gowin\Gowin_V1.9.9_x64\IDE\ipcore\RiscV_AE350_SOC\data\ddr3_memory_interface.v":0)
WARN  (NL0001) : Sweep user defined dangling instance "u_RiscV_AE350_SOC/u_riscv_ae350_ddr3_top/u_ddr3_memory_ahb_top/u_ddr3/gw3_top/u_gwmc_top/phy_rd_data_dly_88_s0"("C:\Gowin\Gowin_V1.9.9_x64\IDE\ipcore\RiscV_AE350_SOC\data\ddr3_memory_interface.v":0)
WARN  (NL0001) : Sweep user defined dangling instance "u_RiscV_AE350_SOC/u_riscv_ae350_ddr3_top/u_ddr3_memory_ahb_top/u_ddr3/gw3_top/u_gwmc_top/phy_rd_data_dly_87_s0"("C:\Gowin\Gowin_V1.9.9_x64\IDE\ipcore\RiscV_AE350_SOC\data\ddr3_memory_interface.v":0)
WARN  (NL0001) : Sweep user defined dangling instance "u_RiscV_AE350_SOC/u_riscv_ae350_ddr3_top/u_ddr3_memory_ahb_top/u_ddr3/gw3_top/u_gwmc_top/phy_rd_data_dly_86_s0"("C:\Gowin\Gowin_V1.9.9_x64\IDE\ipcore\RiscV_AE350_SOC\data\ddr3_memory_interface.v":0)
WARN  (NL0001) : Sweep user defined dangling instance "u_RiscV_AE350_SOC/u_riscv_ae350_ddr3_top/u_ddr3_memory_ahb_top/u_ddr3/gw3_top/u_gwmc_top/phy_rd_data_dly_85_s0"("C:\Gowin\Gowin_V1.9.9_x64\IDE\ipcore\RiscV_AE350_SOC\data\ddr3_memory_interface.v":0)
WARN  (NL0001) : Sweep user defined dangling instance "u_RiscV_AE350_SOC/u_riscv_ae350_ddr3_top/u_ddr3_memory_ahb_top/u_ddr3/gw3_top/u_gwmc_top/phy_rd_data_dly_84_s0"("C:\Gowin\Gowin_V1.9.9_x64\IDE\ipcore\RiscV_AE350_SOC\data\ddr3_memory_interface.v":0)
WARN  (NL0001) : Sweep user defined dangling instance "u_RiscV_AE350_SOC/u_riscv_ae350_ddr3_top/u_ddr3_memory_ahb_top/u_ddr3/gw3_top/u_gwmc_top/phy_rd_data_dly_83_s0"("C:\Gowin\Gowin_V1.9.9_x64\IDE\ipcore\RiscV_AE350_SOC\data\ddr3_memory_interface.v":0)
WARN  (NL0001) : Sweep user defined dangling instance "u_RiscV_AE350_SOC/u_riscv_ae350_ddr3_top/u_ddr3_memory_ahb_top/u_ddr3/gw3_top/u_gwmc_top/phy_rd_data_dly_82_s0"("C:\Gowin\Gowin_V1.9.9_x64\IDE\ipcore\RiscV_AE350_SOC\data\ddr3_memory_interface.v":0)
WARN  (NL0001) : Sweep user defined dangling instance "u_RiscV_AE350_SOC/u_riscv_ae350_ddr3_top/u_ddr3_memory_ahb_top/u_ddr3/gw3_top/u_gwmc_top/phy_rd_data_dly_81_s0"("C:\Gowin\Gowin_V1.9.9_x64\IDE\ipcore\RiscV_AE350_SOC\data\ddr3_memory_interface.v":0)
WARN  (NL0001) : Sweep user defined dangling instance "u_RiscV_AE350_SOC/u_riscv_ae350_ddr3_top/u_ddr3_memory_ahb_top/u_ddr3/gw3_top/u_gwmc_top/phy_rd_data_dly_80_s0"("C:\Gowin\Gowin_V1.9.9_x64\IDE\ipcore\RiscV_AE350_SOC\data\ddr3_memory_interface.v":0)
WARN  (NL0001) : Sweep user defined dangling instance "u_RiscV_AE350_SOC/u_riscv_ae350_ddr3_top/u_ddr3_memory_ahb_top/u_ddr3/gw3_top/u_gwmc_top/phy_rd_data_dly_79_s0"("C:\Gowin\Gowin_V1.9.9_x64\IDE\ipcore\RiscV_AE350_SOC\data\ddr3_memory_interface.v":0)
WARN  (NL0001) : Sweep user defined dangling instance "u_RiscV_AE350_SOC/u_riscv_ae350_ddr3_top/u_ddr3_memory_ahb_top/u_ddr3/gw3_top/u_gwmc_top/phy_rd_data_dly_78_s0"("C:\Gowin\Gowin_V1.9.9_x64\IDE\ipcore\RiscV_AE350_SOC\data\ddr3_memory_interface.v":0)
WARN  (NL0001) : Sweep user defined dangling instance "u_RiscV_AE350_SOC/u_riscv_ae350_ddr3_top/u_ddr3_memory_ahb_top/u_ddr3/gw3_top/u_gwmc_top/phy_rd_data_dly_77_s0"("C:\Gowin\Gowin_V1.9.9_x64\IDE\ipcore\RiscV_AE350_SOC\data\ddr3_memory_interface.v":0)
WARN  (NL0001) : Sweep user defined dangling instance "u_RiscV_AE350_SOC/u_riscv_ae350_ddr3_top/u_ddr3_memory_ahb_top/u_ddr3/gw3_top/u_gwmc_top/phy_rd_data_dly_76_s0"("C:\Gowin\Gowin_V1.9.9_x64\IDE\ipcore\RiscV_AE350_SOC\data\ddr3_memory_interface.v":0)
WARN  (NL0001) : Sweep user defined dangling instance "u_RiscV_AE350_SOC/u_riscv_ae350_ddr3_top/u_ddr3_memory_ahb_top/u_ddr3/gw3_top/u_gwmc_top/phy_rd_data_dly_75_s0"("C:\Gowin\Gowin_V1.9.9_x64\IDE\ipcore\RiscV_AE350_SOC\data\ddr3_memory_interface.v":0)
WARN  (NL0001) : Sweep user defined dangling instance "u_RiscV_AE350_SOC/u_riscv_ae350_ddr3_top/u_ddr3_memory_ahb_top/u_ddr3/gw3_top/u_gwmc_top/phy_rd_data_dly_74_s0"("C:\Gowin\Gowin_V1.9.9_x64\IDE\ipcore\RiscV_AE350_SOC\data\ddr3_memory_interface.v":0)
WARN  (NL0001) : Sweep user defined dangling instance "u_RiscV_AE350_SOC/u_riscv_ae350_ddr3_top/u_ddr3_memory_ahb_top/u_ddr3/gw3_top/u_gwmc_top/phy_rd_data_dly_73_s0"("C:\Gowin\Gowin_V1.9.9_x64\IDE\ipcore\RiscV_AE350_SOC\data\ddr3_memory_interface.v":0)
WARN  (NL0001) : Sweep user defined dangling instance "u_RiscV_AE350_SOC/u_riscv_ae350_ddr3_top/u_ddr3_memory_ahb_top/u_ddr3/gw3_top/u_gwmc_top/phy_rd_data_dly_72_s0"("C:\Gowin\Gowin_V1.9.9_x64\IDE\ipcore\RiscV_AE350_SOC\data\ddr3_memory_interface.v":0)
WARN  (NL0001) : Sweep user defined dangling instance "u_RiscV_AE350_SOC/u_riscv_ae350_ddr3_top/u_ddr3_memory_ahb_top/u_ddr3/gw3_top/u_gwmc_top/phy_rd_data_dly_71_s0"("C:\Gowin\Gowin_V1.9.9_x64\IDE\ipcore\RiscV_AE350_SOC\data\ddr3_memory_interface.v":0)
WARN  (NL0001) : Sweep user defined dangling instance "u_RiscV_AE350_SOC/u_riscv_ae350_ddr3_top/u_ddr3_memory_ahb_top/u_ddr3/gw3_top/u_gwmc_top/phy_rd_data_dly_70_s0"("C:\Gowin\Gowin_V1.9.9_x64\IDE\ipcore\RiscV_AE350_SOC\data\ddr3_memory_interface.v":0)
WARN  (NL0001) : Sweep user defined dangling instance "u_RiscV_AE350_SOC/u_riscv_ae350_ddr3_top/u_ddr3_memory_ahb_top/u_ddr3/gw3_top/u_gwmc_top/phy_rd_data_dly_69_s0"("C:\Gowin\Gowin_V1.9.9_x64\IDE\ipcore\RiscV_AE350_SOC\data\ddr3_memory_interface.v":0)
WARN  (NL0001) : Sweep user defined dangling instance "u_RiscV_AE350_SOC/u_riscv_ae350_ddr3_top/u_ddr3_memory_ahb_top/u_ddr3/gw3_top/u_gwmc_top/phy_rd_data_dly_68_s0"("C:\Gowin\Gowin_V1.9.9_x64\IDE\ipcore\RiscV_AE350_SOC\data\ddr3_memory_interface.v":0)
WARN  (NL0001) : Sweep user defined dangling instance "u_RiscV_AE350_SOC/u_riscv_ae350_ddr3_top/u_ddr3_memory_ahb_top/u_ddr3/gw3_top/u_gwmc_top/phy_rd_data_dly_67_s0"("C:\Gowin\Gowin_V1.9.9_x64\IDE\ipcore\RiscV_AE350_SOC\data\ddr3_memory_interface.v":0)
WARN  (NL0001) : Sweep user defined dangling instance "u_RiscV_AE350_SOC/u_riscv_ae350_ddr3_top/u_ddr3_memory_ahb_top/u_ddr3/gw3_top/u_gwmc_top/phy_rd_data_dly_66_s0"("C:\Gowin\Gowin_V1.9.9_x64\IDE\ipcore\RiscV_AE350_SOC\data\ddr3_memory_interface.v":0)
WARN  (NL0001) : Sweep user defined dangling instance "u_RiscV_AE350_SOC/u_riscv_ae350_ddr3_top/u_ddr3_memory_ahb_top/u_ddr3/gw3_top/u_gwmc_top/phy_rd_data_dly_65_s0"("C:\Gowin\Gowin_V1.9.9_x64\IDE\ipcore\RiscV_AE350_SOC\data\ddr3_memory_interface.v":0)
WARN  (NL0001) : Sweep user defined dangling instance "u_RiscV_AE350_SOC/u_riscv_ae350_ddr3_top/u_ddr3_memory_ahb_top/u_ddr3/gw3_top/u_gwmc_top/phy_rd_data_dly_64_s0"("C:\Gowin\Gowin_V1.9.9_x64\IDE\ipcore\RiscV_AE350_SOC\data\ddr3_memory_interface.v":0)
WARN  (NL0001) : Sweep user defined dangling instance "u_RiscV_AE350_SOC/u_riscv_ae350_ddr3_top/u_ddr3_memory_ahb_top/u_ddr3/gw3_top/u_gwmc_top/gwmc_timing_ctrl/ref_accepted_s0"("C:\Gowin\Gowin_V1.9.9_x64\IDE\ipcore\RiscV_AE350_SOC\data\ddr3_memory_interface.v":0)
WARN  (NL0001) : Sweep user defined dangling instance "u_RiscV_AE350_SOC/u_riscv_ae350_ddr3_top/u_ddr3_memory_ahb_top/u_ddr3/gw3_top/u_gwmc_top/gw_rd_data0/n68_s1"("C:\Gowin\Gowin_V1.9.9_x64\IDE\ipcore\RiscV_AE350_SOC\data\ddr3_memory_interface.v":0)
WARN  (NL0001) : Sweep user defined dangling instance "u_RiscV_AE350_SOC/u_riscv_ae350_ddr3_top/u_ddr3_memory_ahb_top/u_ddr3/gw3_top/u_gwmc_top/gw_rd_data0/n67_s1"("C:\Gowin\Gowin_V1.9.9_x64\IDE\ipcore\RiscV_AE350_SOC\data\ddr3_memory_interface.v":0)
WARN  (NL0001) : Sweep user defined dangling instance "u_RiscV_AE350_SOC/u_riscv_ae350_ddr3_top/u_ddr3_memory_ahb_top/u_ddr3/gw3_top/u_gwmc_top/gw_rd_data0/n66_s1"("C:\Gowin\Gowin_V1.9.9_x64\IDE\ipcore\RiscV_AE350_SOC\data\ddr3_memory_interface.v":0)
WARN  (NL0001) : Sweep user defined dangling instance "u_RiscV_AE350_SOC/u_riscv_ae350_ddr3_top/u_ddr3_memory_ahb_top/u_ddr3/gw3_top/u_gwmc_top/gw_rd_data0/n65_s1"("C:\Gowin\Gowin_V1.9.9_x64\IDE\ipcore\RiscV_AE350_SOC\data\ddr3_memory_interface.v":0)
WARN  (NL0001) : Sweep user defined dangling instance "u_RiscV_AE350_SOC/u_riscv_ae350_ddr3_top/u_ddr3_memory_ahb_top/u_ddr3/gw3_top/u_gwmc_top/gw_rd_data0/n64_s1"("C:\Gowin\Gowin_V1.9.9_x64\IDE\ipcore\RiscV_AE350_SOC\data\ddr3_memory_interface.v":0)
WARN  (NL0001) : Sweep user defined dangling instance "u_RiscV_AE350_SOC/u_riscv_ae350_ddr3_top/u_ddr3_memory_ahb_top/u_ddr3/gw3_top/u_gwmc_top/gw_rd_data0/n63_s1"("C:\Gowin\Gowin_V1.9.9_x64\IDE\ipcore\RiscV_AE350_SOC\data\ddr3_memory_interface.v":0)
WARN  (NL0001) : Sweep user defined dangling instance "u_RiscV_AE350_SOC/u_riscv_ae350_ddr3_top/u_ddr3_memory_ahb_top/u_ddr3/gw3_top/u_gwmc_top/gw_rd_data0/n62_s1"("C:\Gowin\Gowin_V1.9.9_x64\IDE\ipcore\RiscV_AE350_SOC\data\ddr3_memory_interface.v":0)
WARN  (NL0001) : Sweep user defined dangling instance "u_RiscV_AE350_SOC/u_riscv_ae350_ddr3_top/u_ddr3_memory_ahb_top/u_ddr3/gw3_top/u_gwmc_top/gw_rd_data0/n61_s1"("C:\Gowin\Gowin_V1.9.9_x64\IDE\ipcore\RiscV_AE350_SOC\data\ddr3_memory_interface.v":0)
WARN  (NL0001) : Sweep user defined dangling instance "u_RiscV_AE350_SOC/u_riscv_ae350_ddr3_top/u_ddr3_memory_ahb_top/u_ddr3/gw3_top/u_gwmc_top/gw_rd_data0/n60_s1"("C:\Gowin\Gowin_V1.9.9_x64\IDE\ipcore\RiscV_AE350_SOC\data\ddr3_memory_interface.v":0)
WARN  (NL0001) : Sweep user defined dangling instance "u_RiscV_AE350_SOC/u_riscv_ae350_ddr3_top/u_ddr3_memory_ahb_top/u_ddr3/gw3_top/u_gwmc_top/gw_rd_data0/n59_s1"("C:\Gowin\Gowin_V1.9.9_x64\IDE\ipcore\RiscV_AE350_SOC\data\ddr3_memory_interface.v":0)
WARN  (NL0001) : Sweep user defined dangling instance "u_RiscV_AE350_SOC/u_riscv_ae350_ddr3_top/u_ddr3_memory_ahb_top/u_ddr3/gw3_top/u_gwmc_top/gw_rd_data0/n58_s1"("C:\Gowin\Gowin_V1.9.9_x64\IDE\ipcore\RiscV_AE350_SOC\data\ddr3_memory_interface.v":0)
WARN  (NL0001) : Sweep user defined dangling instance "u_RiscV_AE350_SOC/u_riscv_ae350_ddr3_top/u_ddr3_memory_ahb_top/u_ddr3/gw3_top/u_gwmc_top/gw_rd_data0/n57_s1"("C:\Gowin\Gowin_V1.9.9_x64\IDE\ipcore\RiscV_AE350_SOC\data\ddr3_memory_interface.v":0)
WARN  (NL0001) : Sweep user defined dangling instance "u_RiscV_AE350_SOC/u_riscv_ae350_ddr3_top/u_ddr3_memory_ahb_top/u_ddr3/gw3_top/u_gwmc_top/gw_rd_data0/n56_s1"("C:\Gowin\Gowin_V1.9.9_x64\IDE\ipcore\RiscV_AE350_SOC\data\ddr3_memory_interface.v":0)
WARN  (NL0001) : Sweep user defined dangling instance "u_RiscV_AE350_SOC/u_riscv_ae350_ddr3_top/u_ddr3_memory_ahb_top/u_ddr3/gw3_top/u_gwmc_top/gw_rd_data0/n55_s1"("C:\Gowin\Gowin_V1.9.9_x64\IDE\ipcore\RiscV_AE350_SOC\data\ddr3_memory_interface.v":0)
WARN  (NL0001) : Sweep user defined dangling instance "u_RiscV_AE350_SOC/u_riscv_ae350_ddr3_top/u_ddr3_memory_ahb_top/u_ddr3/gw3_top/u_gwmc_top/gw_rd_data0/n54_s1"("C:\Gowin\Gowin_V1.9.9_x64\IDE\ipcore\RiscV_AE350_SOC\data\ddr3_memory_interface.v":0)
WARN  (NL0001) : Sweep user defined dangling instance "u_RiscV_AE350_SOC/u_riscv_ae350_ddr3_top/u_ddr3_memory_ahb_top/u_ddr3/gw3_top/u_gwmc_top/gw_rd_data0/n53_s1"("C:\Gowin\Gowin_V1.9.9_x64\IDE\ipcore\RiscV_AE350_SOC\data\ddr3_memory_interface.v":0)
WARN  (NL0001) : Sweep user defined dangling instance "u_RiscV_AE350_SOC/u_riscv_ae350_ddr3_top/u_ddr3_memory_ahb_top/u_ddr3/gw3_top/u_gwmc_top/gw_rd_data0/n52_s1"("C:\Gowin\Gowin_V1.9.9_x64\IDE\ipcore\RiscV_AE350_SOC\data\ddr3_memory_interface.v":0)
WARN  (NL0001) : Sweep user defined dangling instance "u_RiscV_AE350_SOC/u_riscv_ae350_ddr3_top/u_ddr3_memory_ahb_top/u_ddr3/gw3_top/u_gwmc_top/gw_rd_data0/n51_s1"("C:\Gowin\Gowin_V1.9.9_x64\IDE\ipcore\RiscV_AE350_SOC\data\ddr3_memory_interface.v":0)
WARN  (NL0001) : Sweep user defined dangling instance "u_RiscV_AE350_SOC/u_riscv_ae350_ddr3_top/u_ddr3_memory_ahb_top/u_ddr3/gw3_top/u_gwmc_top/gw_rd_data0/n50_s1"("C:\Gowin\Gowin_V1.9.9_x64\IDE\ipcore\RiscV_AE350_SOC\data\ddr3_memory_interface.v":0)
WARN  (NL0001) : Sweep user defined dangling instance "u_RiscV_AE350_SOC/u_riscv_ae350_ddr3_top/u_ddr3_memory_ahb_top/u_ddr3/gw3_top/u_gwmc_top/gw_rd_data0/n49_s1"("C:\Gowin\Gowin_V1.9.9_x64\IDE\ipcore\RiscV_AE350_SOC\data\ddr3_memory_interface.v":0)
WARN  (NL0001) : Sweep user defined dangling instance "u_RiscV_AE350_SOC/u_riscv_ae350_ddr3_top/u_ddr3_memory_ahb_top/u_ddr3/gw3_top/u_gwmc_top/gw_rd_data0/n48_s1"("C:\Gowin\Gowin_V1.9.9_x64\IDE\ipcore\RiscV_AE350_SOC\data\ddr3_memory_interface.v":0)
WARN  (NL0001) : Sweep user defined dangling instance "u_RiscV_AE350_SOC/u_riscv_ae350_ddr3_top/u_ddr3_memory_ahb_top/u_ddr3/gw3_top/u_gwmc_top/gw_rd_data0/n47_s1"("C:\Gowin\Gowin_V1.9.9_x64\IDE\ipcore\RiscV_AE350_SOC\data\ddr3_memory_interface.v":0)
WARN  (NL0001) : Sweep user defined dangling instance "u_RiscV_AE350_SOC/u_riscv_ae350_ddr3_top/u_ddr3_memory_ahb_top/u_ddr3/gw3_top/u_gwmc_top/gw_rd_data0/n46_s1"("C:\Gowin\Gowin_V1.9.9_x64\IDE\ipcore\RiscV_AE350_SOC\data\ddr3_memory_interface.v":0)
WARN  (NL0001) : Sweep user defined dangling instance "u_RiscV_AE350_SOC/u_riscv_ae350_ddr3_top/u_ddr3_memory_ahb_top/u_ddr3/gw3_top/u_gwmc_top/gw_rd_data0/n45_s1"("C:\Gowin\Gowin_V1.9.9_x64\IDE\ipcore\RiscV_AE350_SOC\data\ddr3_memory_interface.v":0)
WARN  (NL0001) : Sweep user defined dangling instance "u_RiscV_AE350_SOC/u_riscv_ae350_ddr3_top/u_ddr3_memory_ahb_top/u_ddr3/gw3_top/u_gwmc_top/gw_rd_data0/n44_s1"("C:\Gowin\Gowin_V1.9.9_x64\IDE\ipcore\RiscV_AE350_SOC\data\ddr3_memory_interface.v":0)
WARN  (NL0001) : Sweep user defined dangling instance "u_RiscV_AE350_SOC/u_riscv_ae350_ddr3_top/u_ddr3_memory_ahb_top/u_ddr3/gw3_top/u_gwmc_top/gw_rd_data0/n43_s1"("C:\Gowin\Gowin_V1.9.9_x64\IDE\ipcore\RiscV_AE350_SOC\data\ddr3_memory_interface.v":0)
WARN  (NL0001) : Sweep user defined dangling instance "u_RiscV_AE350_SOC/u_riscv_ae350_ddr3_top/u_ddr3_memory_ahb_top/u_ddr3/gw3_top/u_gwmc_top/gw_rd_data0/n42_s1"("C:\Gowin\Gowin_V1.9.9_x64\IDE\ipcore\RiscV_AE350_SOC\data\ddr3_memory_interface.v":0)
WARN  (NL0001) : Sweep user defined dangling instance "u_RiscV_AE350_SOC/u_riscv_ae350_ddr3_top/u_ddr3_memory_ahb_top/u_ddr3/gw3_top/u_gwmc_top/gw_rd_data0/n41_s1"("C:\Gowin\Gowin_V1.9.9_x64\IDE\ipcore\RiscV_AE350_SOC\data\ddr3_memory_interface.v":0)
WARN  (NL0001) : Sweep user defined dangling instance "u_RiscV_AE350_SOC/u_riscv_ae350_ddr3_top/u_ddr3_memory_ahb_top/u_ddr3/gw3_top/u_gwmc_top/gw_rd_data0/n40_s1"("C:\Gowin\Gowin_V1.9.9_x64\IDE\ipcore\RiscV_AE350_SOC\data\ddr3_memory_interface.v":0)
WARN  (NL0001) : Sweep user defined dangling instance "u_RiscV_AE350_SOC/u_riscv_ae350_ddr3_top/u_ddr3_memory_ahb_top/u_ddr3/gw3_top/u_gwmc_top/gw_rd_data0/n39_s1"("C:\Gowin\Gowin_V1.9.9_x64\IDE\ipcore\RiscV_AE350_SOC\data\ddr3_memory_interface.v":0)
WARN  (NL0001) : Sweep user defined dangling instance "u_RiscV_AE350_SOC/u_riscv_ae350_ddr3_top/u_ddr3_memory_ahb_top/u_ddr3/gw3_top/u_gwmc_top/gw_rd_data0/n38_s1"("C:\Gowin\Gowin_V1.9.9_x64\IDE\ipcore\RiscV_AE350_SOC\data\ddr3_memory_interface.v":0)
WARN  (NL0001) : Sweep user defined dangling instance "u_RiscV_AE350_SOC/u_riscv_ae350_ddr3_top/u_ddr3_memory_ahb_top/u_ddr3/gw3_top/u_gwmc_top/gw_rd_data0/n37_s1"("C:\Gowin\Gowin_V1.9.9_x64\IDE\ipcore\RiscV_AE350_SOC\data\ddr3_memory_interface.v":0)
WARN  (NL0001) : Sweep user defined dangling instance "u_RiscV_AE350_SOC/u_riscv_ae350_ddr3_top/u_ddr3_memory_ahb_top/u_ddr3/gw3_top/u_gwmc_top/gw_rd_data0/n36_s1"("C:\Gowin\Gowin_V1.9.9_x64\IDE\ipcore\RiscV_AE350_SOC\data\ddr3_memory_interface.v":0)
WARN  (NL0001) : Sweep user defined dangling instance "u_RiscV_AE350_SOC/u_riscv_ae350_ddr3_top/u_ddr3_memory_ahb_top/u_ddr3/gw3_top/u_gwmc_top/gw_rd_data0/n35_s1"("C:\Gowin\Gowin_V1.9.9_x64\IDE\ipcore\RiscV_AE350_SOC\data\ddr3_memory_interface.v":0)
WARN  (NL0001) : Sweep user defined dangling instance "u_RiscV_AE350_SOC/u_riscv_ae350_ddr3_top/u_ddr3_memory_ahb_top/u_ddr3/gw3_top/u_gwmc_top/gw_rd_data0/n34_s1"("C:\Gowin\Gowin_V1.9.9_x64\IDE\ipcore\RiscV_AE350_SOC\data\ddr3_memory_interface.v":0)
WARN  (NL0001) : Sweep user defined dangling instance "u_RiscV_AE350_SOC/u_riscv_ae350_ddr3_top/u_ddr3_memory_ahb_top/u_ddr3/gw3_top/u_gwmc_top/gw_rd_data0/n33_s1"("C:\Gowin\Gowin_V1.9.9_x64\IDE\ipcore\RiscV_AE350_SOC\data\ddr3_memory_interface.v":0)
WARN  (NL0001) : Sweep user defined dangling instance "u_RiscV_AE350_SOC/u_riscv_ae350_ddr3_top/u_ddr3_memory_ahb_top/u_ddr3/gw3_top/u_gwmc_top/gw_rd_data0/n32_s1"("C:\Gowin\Gowin_V1.9.9_x64\IDE\ipcore\RiscV_AE350_SOC\data\ddr3_memory_interface.v":0)
WARN  (NL0001) : Sweep user defined dangling instance "u_RiscV_AE350_SOC/u_riscv_ae350_ddr3_top/u_ddr3_memory_ahb_top/u_ddr3/gw3_top/u_gwmc_top/gw_rd_data0/n31_s1"("C:\Gowin\Gowin_V1.9.9_x64\IDE\ipcore\RiscV_AE350_SOC\data\ddr3_memory_interface.v":0)
WARN  (NL0001) : Sweep user defined dangling instance "u_RiscV_AE350_SOC/u_riscv_ae350_ddr3_top/u_ddr3_memory_ahb_top/u_ddr3/gw3_top/u_gwmc_top/gw_rd_data0/n30_s1"("C:\Gowin\Gowin_V1.9.9_x64\IDE\ipcore\RiscV_AE350_SOC\data\ddr3_memory_interface.v":0)
WARN  (NL0001) : Sweep user defined dangling instance "u_RiscV_AE350_SOC/u_riscv_ae350_ddr3_top/u_ddr3_memory_ahb_top/u_ddr3/gw3_top/u_gwmc_top/gw_rd_data0/n29_s1"("C:\Gowin\Gowin_V1.9.9_x64\IDE\ipcore\RiscV_AE350_SOC\data\ddr3_memory_interface.v":0)
WARN  (NL0001) : Sweep user defined dangling instance "u_RiscV_AE350_SOC/u_riscv_ae350_ddr3_top/u_ddr3_memory_ahb_top/u_ddr3/gw3_top/u_gwmc_top/gw_rd_data0/n28_s1"("C:\Gowin\Gowin_V1.9.9_x64\IDE\ipcore\RiscV_AE350_SOC\data\ddr3_memory_interface.v":0)
WARN  (NL0001) : Sweep user defined dangling instance "u_RiscV_AE350_SOC/u_riscv_ae350_ddr3_top/u_ddr3_memory_ahb_top/u_ddr3/gw3_top/u_gwmc_top/gw_rd_data0/n27_s1"("C:\Gowin\Gowin_V1.9.9_x64\IDE\ipcore\RiscV_AE350_SOC\data\ddr3_memory_interface.v":0)
WARN  (NL0001) : Sweep user defined dangling instance "u_RiscV_AE350_SOC/u_riscv_ae350_ddr3_top/u_ddr3_memory_ahb_top/u_ddr3/gw3_top/u_gwmc_top/gw_rd_data0/n26_s1"("C:\Gowin\Gowin_V1.9.9_x64\IDE\ipcore\RiscV_AE350_SOC\data\ddr3_memory_interface.v":0)
WARN  (NL0001) : Sweep user defined dangling instance "u_RiscV_AE350_SOC/u_riscv_ae350_ddr3_top/u_ddr3_memory_ahb_top/u_ddr3/gw3_top/u_gwmc_top/gw_rd_data0/n25_s1"("C:\Gowin\Gowin_V1.9.9_x64\IDE\ipcore\RiscV_AE350_SOC\data\ddr3_memory_interface.v":0)
WARN  (NL0001) : Sweep user defined dangling instance "u_RiscV_AE350_SOC/u_riscv_ae350_ddr3_top/u_ddr3_memory_ahb_top/u_ddr3/gw3_top/u_gwmc_top/gw_rd_data0/n24_s1"("C:\Gowin\Gowin_V1.9.9_x64\IDE\ipcore\RiscV_AE350_SOC\data\ddr3_memory_interface.v":0)
WARN  (NL0001) : Sweep user defined dangling instance "u_RiscV_AE350_SOC/u_riscv_ae350_ddr3_top/u_ddr3_memory_ahb_top/u_ddr3/gw3_top/u_gwmc_top/gw_rd_data0/n23_s1"("C:\Gowin\Gowin_V1.9.9_x64\IDE\ipcore\RiscV_AE350_SOC\data\ddr3_memory_interface.v":0)
WARN  (NL0001) : Sweep user defined dangling instance "u_RiscV_AE350_SOC/u_riscv_ae350_ddr3_top/u_ddr3_memory_ahb_top/u_ddr3/gw3_top/u_gwmc_top/gw_rd_data0/n22_s1"("C:\Gowin\Gowin_V1.9.9_x64\IDE\ipcore\RiscV_AE350_SOC\data\ddr3_memory_interface.v":0)
WARN  (NL0001) : Sweep user defined dangling instance "u_RiscV_AE350_SOC/u_riscv_ae350_ddr3_top/u_ddr3_memory_ahb_top/u_ddr3/gw3_top/u_gwmc_top/gw_rd_data0/n21_s1"("C:\Gowin\Gowin_V1.9.9_x64\IDE\ipcore\RiscV_AE350_SOC\data\ddr3_memory_interface.v":0)
WARN  (NL0001) : Sweep user defined dangling instance "u_RiscV_AE350_SOC/u_riscv_ae350_ddr3_top/u_ddr3_memory_ahb_top/u_ddr3/gw3_top/u_gwmc_top/gw_rd_data0/n20_s1"("C:\Gowin\Gowin_V1.9.9_x64\IDE\ipcore\RiscV_AE350_SOC\data\ddr3_memory_interface.v":0)
WARN  (NL0001) : Sweep user defined dangling instance "u_RiscV_AE350_SOC/u_riscv_ae350_ddr3_top/u_ddr3_memory_ahb_top/u_ddr3/gw3_top/u_gwmc_top/gw_rd_data0/n19_s1"("C:\Gowin\Gowin_V1.9.9_x64\IDE\ipcore\RiscV_AE350_SOC\data\ddr3_memory_interface.v":0)
WARN  (NL0001) : Sweep user defined dangling instance "u_RiscV_AE350_SOC/u_riscv_ae350_ddr3_top/u_ddr3_memory_ahb_top/u_ddr3/gw3_top/u_gwmc_top/gw_rd_data0/n18_s1"("C:\Gowin\Gowin_V1.9.9_x64\IDE\ipcore\RiscV_AE350_SOC\data\ddr3_memory_interface.v":0)
WARN  (NL0001) : Sweep user defined dangling instance "u_RiscV_AE350_SOC/u_riscv_ae350_ddr3_top/u_ddr3_memory_ahb_top/u_ddr3/gw3_top/u_gwmc_top/gw_rd_data0/n17_s1"("C:\Gowin\Gowin_V1.9.9_x64\IDE\ipcore\RiscV_AE350_SOC\data\ddr3_memory_interface.v":0)
WARN  (NL0001) : Sweep user defined dangling instance "u_RiscV_AE350_SOC/u_riscv_ae350_ddr3_top/u_ddr3_memory_ahb_top/u_ddr3/gw3_top/u_gwmc_top/gw_rd_data0/n16_s1"("C:\Gowin\Gowin_V1.9.9_x64\IDE\ipcore\RiscV_AE350_SOC\data\ddr3_memory_interface.v":0)
WARN  (NL0001) : Sweep user defined dangling instance "u_RiscV_AE350_SOC/u_riscv_ae350_ddr3_top/u_ddr3_memory_ahb_top/u_ddr3/gw3_top/u_gwmc_top/gw_rd_data0/n15_s1"("C:\Gowin\Gowin_V1.9.9_x64\IDE\ipcore\RiscV_AE350_SOC\data\ddr3_memory_interface.v":0)
WARN  (NL0001) : Sweep user defined dangling instance "u_RiscV_AE350_SOC/u_riscv_ae350_ddr3_top/u_ddr3_memory_ahb_top/u_ddr3/gw3_top/u_gwmc_top/gw_rd_data0/n14_s1"("C:\Gowin\Gowin_V1.9.9_x64\IDE\ipcore\RiscV_AE350_SOC\data\ddr3_memory_interface.v":0)
WARN  (NL0001) : Sweep user defined dangling instance "u_RiscV_AE350_SOC/u_riscv_ae350_ddr3_top/u_ddr3_memory_ahb_top/u_ddr3/gw3_top/u_gwmc_top/gw_rd_data0/n13_s1"("C:\Gowin\Gowin_V1.9.9_x64\IDE\ipcore\RiscV_AE350_SOC\data\ddr3_memory_interface.v":0)
WARN  (NL0001) : Sweep user defined dangling instance "u_RiscV_AE350_SOC/u_riscv_ae350_ddr3_top/u_ddr3_memory_ahb_top/u_ddr3/gw3_top/u_gwmc_top/gw_rd_data0/n12_s1"("C:\Gowin\Gowin_V1.9.9_x64\IDE\ipcore\RiscV_AE350_SOC\data\ddr3_memory_interface.v":0)
WARN  (NL0001) : Sweep user defined dangling instance "u_RiscV_AE350_SOC/u_riscv_ae350_ddr3_top/u_ddr3_memory_ahb_top/u_ddr3/gw3_top/u_gwmc_top/gw_rd_data0/n11_s1"("C:\Gowin\Gowin_V1.9.9_x64\IDE\ipcore\RiscV_AE350_SOC\data\ddr3_memory_interface.v":0)
WARN  (NL0001) : Sweep user defined dangling instance "u_RiscV_AE350_SOC/u_riscv_ae350_ddr3_top/u_ddr3_memory_ahb_top/u_ddr3/gw3_top/u_gwmc_top/gw_rd_data0/n10_s1"("C:\Gowin\Gowin_V1.9.9_x64\IDE\ipcore\RiscV_AE350_SOC\data\ddr3_memory_interface.v":0)
WARN  (NL0001) : Sweep user defined dangling instance "u_RiscV_AE350_SOC/u_riscv_ae350_ddr3_top/u_ddr3_memory_ahb_top/u_ddr3/gw3_top/u_gwmc_top/gw_rd_data0/n9_s1"("C:\Gowin\Gowin_V1.9.9_x64\IDE\ipcore\RiscV_AE350_SOC\data\ddr3_memory_interface.v":0)
WARN  (NL0001) : Sweep user defined dangling instance "u_RiscV_AE350_SOC/u_riscv_ae350_ddr3_top/u_ddr3_memory_ahb_top/u_ddr3/gw3_top/u_gwmc_top/gw_rd_data0/n8_s1"("C:\Gowin\Gowin_V1.9.9_x64\IDE\ipcore\RiscV_AE350_SOC\data\ddr3_memory_interface.v":0)
WARN  (NL0001) : Sweep user defined dangling instance "u_RiscV_AE350_SOC/u_riscv_ae350_ddr3_top/u_ddr3_memory_ahb_top/u_ddr3/gw3_top/u_gwmc_top/gw_rd_data0/n7_s1"("C:\Gowin\Gowin_V1.9.9_x64\IDE\ipcore\RiscV_AE350_SOC\data\ddr3_memory_interface.v":0)
WARN  (NL0001) : Sweep user defined dangling instance "u_RiscV_AE350_SOC/u_riscv_ae350_ddr3_top/u_ddr3_memory_ahb_top/u_ddr3/gw3_top/u_gwmc_top/gw_rd_data0/n6_s1"("C:\Gowin\Gowin_V1.9.9_x64\IDE\ipcore\RiscV_AE350_SOC\data\ddr3_memory_interface.v":0)
WARN  (NL0001) : Sweep user defined dangling instance "u_RiscV_AE350_SOC/u_riscv_ae350_ddr3_top/u_ddr3_memory_ahb_top/u_ddr3/gw3_top/u_gwmc_top/gw_rd_data0/n5_s1"("C:\Gowin\Gowin_V1.9.9_x64\IDE\ipcore\RiscV_AE350_SOC\data\ddr3_memory_interface.v":0)
WARN  (NL0001) : Sweep user defined dangling instance "u_RiscV_AE350_SOC/u_riscv_ae350_ddr3_top/u_ddr3_memory_ahb_top/u_ddr3/gw3_top/u_gwmc_top/gw_rd_data0/phy_rd_data_d1_127_s0"("C:\Gowin\Gowin_V1.9.9_x64\IDE\ipcore\RiscV_AE350_SOC\data\ddr3_memory_interface.v":0)
WARN  (NL0001) : Sweep user defined dangling instance "u_RiscV_AE350_SOC/u_riscv_ae350_ddr3_top/u_ddr3_memory_ahb_top/u_ddr3/gw3_top/u_gwmc_top/gw_rd_data0/phy_rd_data_d1_126_s0"("C:\Gowin\Gowin_V1.9.9_x64\IDE\ipcore\RiscV_AE350_SOC\data\ddr3_memory_interface.v":0)
WARN  (NL0001) : Sweep user defined dangling instance "u_RiscV_AE350_SOC/u_riscv_ae350_ddr3_top/u_ddr3_memory_ahb_top/u_ddr3/gw3_top/u_gwmc_top/gw_rd_data0/phy_rd_data_d1_125_s0"("C:\Gowin\Gowin_V1.9.9_x64\IDE\ipcore\RiscV_AE350_SOC\data\ddr3_memory_interface.v":0)
WARN  (NL0001) : Sweep user defined dangling instance "u_RiscV_AE350_SOC/u_riscv_ae350_ddr3_top/u_ddr3_memory_ahb_top/u_ddr3/gw3_top/u_gwmc_top/gw_rd_data0/phy_rd_data_d1_124_s0"("C:\Gowin\Gowin_V1.9.9_x64\IDE\ipcore\RiscV_AE350_SOC\data\ddr3_memory_interface.v":0)
WARN  (NL0001) : Sweep user defined dangling instance "u_RiscV_AE350_SOC/u_riscv_ae350_ddr3_top/u_ddr3_memory_ahb_top/u_ddr3/gw3_top/u_gwmc_top/gw_rd_data0/phy_rd_data_d1_123_s0"("C:\Gowin\Gowin_V1.9.9_x64\IDE\ipcore\RiscV_AE350_SOC\data\ddr3_memory_interface.v":0)
WARN  (NL0001) : Sweep user defined dangling instance "u_RiscV_AE350_SOC/u_riscv_ae350_ddr3_top/u_ddr3_memory_ahb_top/u_ddr3/gw3_top/u_gwmc_top/gw_rd_data0/phy_rd_data_d1_122_s0"("C:\Gowin\Gowin_V1.9.9_x64\IDE\ipcore\RiscV_AE350_SOC\data\ddr3_memory_interface.v":0)
WARN  (NL0001) : Sweep user defined dangling instance "u_RiscV_AE350_SOC/u_riscv_ae350_ddr3_top/u_ddr3_memory_ahb_top/u_ddr3/gw3_top/u_gwmc_top/gw_rd_data0/phy_rd_data_d1_121_s0"("C:\Gowin\Gowin_V1.9.9_x64\IDE\ipcore\RiscV_AE350_SOC\data\ddr3_memory_interface.v":0)
WARN  (NL0001) : Sweep user defined dangling instance "u_RiscV_AE350_SOC/u_riscv_ae350_ddr3_top/u_ddr3_memory_ahb_top/u_ddr3/gw3_top/u_gwmc_top/gw_rd_data0/phy_rd_data_d1_120_s0"("C:\Gowin\Gowin_V1.9.9_x64\IDE\ipcore\RiscV_AE350_SOC\data\ddr3_memory_interface.v":0)
WARN  (NL0001) : Sweep user defined dangling instance "u_RiscV_AE350_SOC/u_riscv_ae350_ddr3_top/u_ddr3_memory_ahb_top/u_ddr3/gw3_top/u_gwmc_top/gw_rd_data0/phy_rd_data_d1_119_s0"("C:\Gowin\Gowin_V1.9.9_x64\IDE\ipcore\RiscV_AE350_SOC\data\ddr3_memory_interface.v":0)
WARN  (NL0001) : Sweep user defined dangling instance "u_RiscV_AE350_SOC/u_riscv_ae350_ddr3_top/u_ddr3_memory_ahb_top/u_ddr3/gw3_top/u_gwmc_top/gw_rd_data0/phy_rd_data_d1_118_s0"("C:\Gowin\Gowin_V1.9.9_x64\IDE\ipcore\RiscV_AE350_SOC\data\ddr3_memory_interface.v":0)
WARN  (NL0001) : Sweep user defined dangling instance "u_RiscV_AE350_SOC/u_riscv_ae350_ddr3_top/u_ddr3_memory_ahb_top/u_ddr3/gw3_top/u_gwmc_top/gw_rd_data0/phy_rd_data_d1_117_s0"("C:\Gowin\Gowin_V1.9.9_x64\IDE\ipcore\RiscV_AE350_SOC\data\ddr3_memory_interface.v":0)
WARN  (NL0001) : Sweep user defined dangling instance "u_RiscV_AE350_SOC/u_riscv_ae350_ddr3_top/u_ddr3_memory_ahb_top/u_ddr3/gw3_top/u_gwmc_top/gw_rd_data0/phy_rd_data_d1_116_s0"("C:\Gowin\Gowin_V1.9.9_x64\IDE\ipcore\RiscV_AE350_SOC\data\ddr3_memory_interface.v":0)
WARN  (NL0001) : Sweep user defined dangling instance "u_RiscV_AE350_SOC/u_riscv_ae350_ddr3_top/u_ddr3_memory_ahb_top/u_ddr3/gw3_top/u_gwmc_top/gw_rd_data0/phy_rd_data_d1_115_s0"("C:\Gowin\Gowin_V1.9.9_x64\IDE\ipcore\RiscV_AE350_SOC\data\ddr3_memory_interface.v":0)
WARN  (NL0001) : Sweep user defined dangling instance "u_RiscV_AE350_SOC/u_riscv_ae350_ddr3_top/u_ddr3_memory_ahb_top/u_ddr3/gw3_top/u_gwmc_top/gw_rd_data0/phy_rd_data_d1_114_s0"("C:\Gowin\Gowin_V1.9.9_x64\IDE\ipcore\RiscV_AE350_SOC\data\ddr3_memory_interface.v":0)
WARN  (NL0001) : Sweep user defined dangling instance "u_RiscV_AE350_SOC/u_riscv_ae350_ddr3_top/u_ddr3_memory_ahb_top/u_ddr3/gw3_top/u_gwmc_top/gw_rd_data0/phy_rd_data_d1_113_s0"("C:\Gowin\Gowin_V1.9.9_x64\IDE\ipcore\RiscV_AE350_SOC\data\ddr3_memory_interface.v":0)
WARN  (NL0001) : Sweep user defined dangling instance "u_RiscV_AE350_SOC/u_riscv_ae350_ddr3_top/u_ddr3_memory_ahb_top/u_ddr3/gw3_top/u_gwmc_top/gw_rd_data0/phy_rd_data_d1_112_s0"("C:\Gowin\Gowin_V1.9.9_x64\IDE\ipcore\RiscV_AE350_SOC\data\ddr3_memory_interface.v":0)
WARN  (NL0001) : Sweep user defined dangling instance "u_RiscV_AE350_SOC/u_riscv_ae350_ddr3_top/u_ddr3_memory_ahb_top/u_ddr3/gw3_top/u_gwmc_top/gw_rd_data0/phy_rd_data_d1_111_s0"("C:\Gowin\Gowin_V1.9.9_x64\IDE\ipcore\RiscV_AE350_SOC\data\ddr3_memory_interface.v":0)
WARN  (NL0001) : Sweep user defined dangling instance "u_RiscV_AE350_SOC/u_riscv_ae350_ddr3_top/u_ddr3_memory_ahb_top/u_ddr3/gw3_top/u_gwmc_top/gw_rd_data0/phy_rd_data_d1_110_s0"("C:\Gowin\Gowin_V1.9.9_x64\IDE\ipcore\RiscV_AE350_SOC\data\ddr3_memory_interface.v":0)
WARN  (NL0001) : Sweep user defined dangling instance "u_RiscV_AE350_SOC/u_riscv_ae350_ddr3_top/u_ddr3_memory_ahb_top/u_ddr3/gw3_top/u_gwmc_top/gw_rd_data0/phy_rd_data_d1_109_s0"("C:\Gowin\Gowin_V1.9.9_x64\IDE\ipcore\RiscV_AE350_SOC\data\ddr3_memory_interface.v":0)
WARN  (NL0001) : Sweep user defined dangling instance "u_RiscV_AE350_SOC/u_riscv_ae350_ddr3_top/u_ddr3_memory_ahb_top/u_ddr3/gw3_top/u_gwmc_top/gw_rd_data0/phy_rd_data_d1_108_s0"("C:\Gowin\Gowin_V1.9.9_x64\IDE\ipcore\RiscV_AE350_SOC\data\ddr3_memory_interface.v":0)
WARN  (NL0001) : Sweep user defined dangling instance "u_RiscV_AE350_SOC/u_riscv_ae350_ddr3_top/u_ddr3_memory_ahb_top/u_ddr3/gw3_top/u_gwmc_top/gw_rd_data0/phy_rd_data_d1_107_s0"("C:\Gowin\Gowin_V1.9.9_x64\IDE\ipcore\RiscV_AE350_SOC\data\ddr3_memory_interface.v":0)
WARN  (NL0001) : Sweep user defined dangling instance "u_RiscV_AE350_SOC/u_riscv_ae350_ddr3_top/u_ddr3_memory_ahb_top/u_ddr3/gw3_top/u_gwmc_top/gw_rd_data0/phy_rd_data_d1_106_s0"("C:\Gowin\Gowin_V1.9.9_x64\IDE\ipcore\RiscV_AE350_SOC\data\ddr3_memory_interface.v":0)
WARN  (NL0001) : Sweep user defined dangling instance "u_RiscV_AE350_SOC/u_riscv_ae350_ddr3_top/u_ddr3_memory_ahb_top/u_ddr3/gw3_top/u_gwmc_top/gw_rd_data0/phy_rd_data_d1_105_s0"("C:\Gowin\Gowin_V1.9.9_x64\IDE\ipcore\RiscV_AE350_SOC\data\ddr3_memory_interface.v":0)
WARN  (NL0001) : Sweep user defined dangling instance "u_RiscV_AE350_SOC/u_riscv_ae350_ddr3_top/u_ddr3_memory_ahb_top/u_ddr3/gw3_top/u_gwmc_top/gw_rd_data0/phy_rd_data_d1_104_s0"("C:\Gowin\Gowin_V1.9.9_x64\IDE\ipcore\RiscV_AE350_SOC\data\ddr3_memory_interface.v":0)
WARN  (NL0001) : Sweep user defined dangling instance "u_RiscV_AE350_SOC/u_riscv_ae350_ddr3_top/u_ddr3_memory_ahb_top/u_ddr3/gw3_top/u_gwmc_top/gw_rd_data0/phy_rd_data_d1_103_s0"("C:\Gowin\Gowin_V1.9.9_x64\IDE\ipcore\RiscV_AE350_SOC\data\ddr3_memory_interface.v":0)
WARN  (NL0001) : Sweep user defined dangling instance "u_RiscV_AE350_SOC/u_riscv_ae350_ddr3_top/u_ddr3_memory_ahb_top/u_ddr3/gw3_top/u_gwmc_top/gw_rd_data0/phy_rd_data_d1_102_s0"("C:\Gowin\Gowin_V1.9.9_x64\IDE\ipcore\RiscV_AE350_SOC\data\ddr3_memory_interface.v":0)
WARN  (NL0001) : Sweep user defined dangling instance "u_RiscV_AE350_SOC/u_riscv_ae350_ddr3_top/u_ddr3_memory_ahb_top/u_ddr3/gw3_top/u_gwmc_top/gw_rd_data0/phy_rd_data_d1_101_s0"("C:\Gowin\Gowin_V1.9.9_x64\IDE\ipcore\RiscV_AE350_SOC\data\ddr3_memory_interface.v":0)
WARN  (NL0001) : Sweep user defined dangling instance "u_RiscV_AE350_SOC/u_riscv_ae350_ddr3_top/u_ddr3_memory_ahb_top/u_ddr3/gw3_top/u_gwmc_top/gw_rd_data0/phy_rd_data_d1_100_s0"("C:\Gowin\Gowin_V1.9.9_x64\IDE\ipcore\RiscV_AE350_SOC\data\ddr3_memory_interface.v":0)
WARN  (NL0001) : Sweep user defined dangling instance "u_RiscV_AE350_SOC/u_riscv_ae350_ddr3_top/u_ddr3_memory_ahb_top/u_ddr3/gw3_top/u_gwmc_top/gw_rd_data0/phy_rd_data_d1_99_s0"("C:\Gowin\Gowin_V1.9.9_x64\IDE\ipcore\RiscV_AE350_SOC\data\ddr3_memory_interface.v":0)
WARN  (NL0001) : Sweep user defined dangling instance "u_RiscV_AE350_SOC/u_riscv_ae350_ddr3_top/u_ddr3_memory_ahb_top/u_ddr3/gw3_top/u_gwmc_top/gw_rd_data0/phy_rd_data_d1_98_s0"("C:\Gowin\Gowin_V1.9.9_x64\IDE\ipcore\RiscV_AE350_SOC\data\ddr3_memory_interface.v":0)
WARN  (NL0001) : Sweep user defined dangling instance "u_RiscV_AE350_SOC/u_riscv_ae350_ddr3_top/u_ddr3_memory_ahb_top/u_ddr3/gw3_top/u_gwmc_top/gw_rd_data0/phy_rd_data_d1_97_s0"("C:\Gowin\Gowin_V1.9.9_x64\IDE\ipcore\RiscV_AE350_SOC\data\ddr3_memory_interface.v":0)
WARN  (NL0001) : Sweep user defined dangling instance "u_RiscV_AE350_SOC/u_riscv_ae350_ddr3_top/u_ddr3_memory_ahb_top/u_ddr3/gw3_top/u_gwmc_top/gw_rd_data0/phy_rd_data_d1_96_s0"("C:\Gowin\Gowin_V1.9.9_x64\IDE\ipcore\RiscV_AE350_SOC\data\ddr3_memory_interface.v":0)
WARN  (NL0001) : Sweep user defined dangling instance "u_RiscV_AE350_SOC/u_riscv_ae350_ddr3_top/u_ddr3_memory_ahb_top/u_ddr3/gw3_top/u_gwmc_top/gw_rd_data0/phy_rd_data_d1_95_s0"("C:\Gowin\Gowin_V1.9.9_x64\IDE\ipcore\RiscV_AE350_SOC\data\ddr3_memory_interface.v":0)
WARN  (NL0001) : Sweep user defined dangling instance "u_RiscV_AE350_SOC/u_riscv_ae350_ddr3_top/u_ddr3_memory_ahb_top/u_ddr3/gw3_top/u_gwmc_top/gw_rd_data0/phy_rd_data_d1_94_s0"("C:\Gowin\Gowin_V1.9.9_x64\IDE\ipcore\RiscV_AE350_SOC\data\ddr3_memory_interface.v":0)
WARN  (NL0001) : Sweep user defined dangling instance "u_RiscV_AE350_SOC/u_riscv_ae350_ddr3_top/u_ddr3_memory_ahb_top/u_ddr3/gw3_top/u_gwmc_top/gw_rd_data0/phy_rd_data_d1_93_s0"("C:\Gowin\Gowin_V1.9.9_x64\IDE\ipcore\RiscV_AE350_SOC\data\ddr3_memory_interface.v":0)
WARN  (NL0001) : Sweep user defined dangling instance "u_RiscV_AE350_SOC/u_riscv_ae350_ddr3_top/u_ddr3_memory_ahb_top/u_ddr3/gw3_top/u_gwmc_top/gw_rd_data0/phy_rd_data_d1_92_s0"("C:\Gowin\Gowin_V1.9.9_x64\IDE\ipcore\RiscV_AE350_SOC\data\ddr3_memory_interface.v":0)
WARN  (NL0001) : Sweep user defined dangling instance "u_RiscV_AE350_SOC/u_riscv_ae350_ddr3_top/u_ddr3_memory_ahb_top/u_ddr3/gw3_top/u_gwmc_top/gw_rd_data0/phy_rd_data_d1_91_s0"("C:\Gowin\Gowin_V1.9.9_x64\IDE\ipcore\RiscV_AE350_SOC\data\ddr3_memory_interface.v":0)
WARN  (NL0001) : Sweep user defined dangling instance "u_RiscV_AE350_SOC/u_riscv_ae350_ddr3_top/u_ddr3_memory_ahb_top/u_ddr3/gw3_top/u_gwmc_top/gw_rd_data0/phy_rd_data_d1_90_s0"("C:\Gowin\Gowin_V1.9.9_x64\IDE\ipcore\RiscV_AE350_SOC\data\ddr3_memory_interface.v":0)
WARN  (NL0001) : Sweep user defined dangling instance "u_RiscV_AE350_SOC/u_riscv_ae350_ddr3_top/u_ddr3_memory_ahb_top/u_ddr3/gw3_top/u_gwmc_top/gw_rd_data0/phy_rd_data_d1_89_s0"("C:\Gowin\Gowin_V1.9.9_x64\IDE\ipcore\RiscV_AE350_SOC\data\ddr3_memory_interface.v":0)
WARN  (NL0001) : Sweep user defined dangling instance "u_RiscV_AE350_SOC/u_riscv_ae350_ddr3_top/u_ddr3_memory_ahb_top/u_ddr3/gw3_top/u_gwmc_top/gw_rd_data0/phy_rd_data_d1_88_s0"("C:\Gowin\Gowin_V1.9.9_x64\IDE\ipcore\RiscV_AE350_SOC\data\ddr3_memory_interface.v":0)
WARN  (NL0001) : Sweep user defined dangling instance "u_RiscV_AE350_SOC/u_riscv_ae350_ddr3_top/u_ddr3_memory_ahb_top/u_ddr3/gw3_top/u_gwmc_top/gw_rd_data0/phy_rd_data_d1_87_s0"("C:\Gowin\Gowin_V1.9.9_x64\IDE\ipcore\RiscV_AE350_SOC\data\ddr3_memory_interface.v":0)
WARN  (NL0001) : Sweep user defined dangling instance "u_RiscV_AE350_SOC/u_riscv_ae350_ddr3_top/u_ddr3_memory_ahb_top/u_ddr3/gw3_top/u_gwmc_top/gw_rd_data0/phy_rd_data_d1_86_s0"("C:\Gowin\Gowin_V1.9.9_x64\IDE\ipcore\RiscV_AE350_SOC\data\ddr3_memory_interface.v":0)
WARN  (NL0001) : Sweep user defined dangling instance "u_RiscV_AE350_SOC/u_riscv_ae350_ddr3_top/u_ddr3_memory_ahb_top/u_ddr3/gw3_top/u_gwmc_top/gw_rd_data0/phy_rd_data_d1_85_s0"("C:\Gowin\Gowin_V1.9.9_x64\IDE\ipcore\RiscV_AE350_SOC\data\ddr3_memory_interface.v":0)
WARN  (NL0001) : Sweep user defined dangling instance "u_RiscV_AE350_SOC/u_riscv_ae350_ddr3_top/u_ddr3_memory_ahb_top/u_ddr3/gw3_top/u_gwmc_top/gw_rd_data0/phy_rd_data_d1_84_s0"("C:\Gowin\Gowin_V1.9.9_x64\IDE\ipcore\RiscV_AE350_SOC\data\ddr3_memory_interface.v":0)
WARN  (NL0001) : Sweep user defined dangling instance "u_RiscV_AE350_SOC/u_riscv_ae350_ddr3_top/u_ddr3_memory_ahb_top/u_ddr3/gw3_top/u_gwmc_top/gw_rd_data0/phy_rd_data_d1_83_s0"("C:\Gowin\Gowin_V1.9.9_x64\IDE\ipcore\RiscV_AE350_SOC\data\ddr3_memory_interface.v":0)
WARN  (NL0001) : Sweep user defined dangling instance "u_RiscV_AE350_SOC/u_riscv_ae350_ddr3_top/u_ddr3_memory_ahb_top/u_ddr3/gw3_top/u_gwmc_top/gw_rd_data0/phy_rd_data_d1_82_s0"("C:\Gowin\Gowin_V1.9.9_x64\IDE\ipcore\RiscV_AE350_SOC\data\ddr3_memory_interface.v":0)
WARN  (NL0001) : Sweep user defined dangling instance "u_RiscV_AE350_SOC/u_riscv_ae350_ddr3_top/u_ddr3_memory_ahb_top/u_ddr3/gw3_top/u_gwmc_top/gw_rd_data0/phy_rd_data_d1_81_s0"("C:\Gowin\Gowin_V1.9.9_x64\IDE\ipcore\RiscV_AE350_SOC\data\ddr3_memory_interface.v":0)
WARN  (NL0001) : Sweep user defined dangling instance "u_RiscV_AE350_SOC/u_riscv_ae350_ddr3_top/u_ddr3_memory_ahb_top/u_ddr3/gw3_top/u_gwmc_top/gw_rd_data0/phy_rd_data_d1_80_s0"("C:\Gowin\Gowin_V1.9.9_x64\IDE\ipcore\RiscV_AE350_SOC\data\ddr3_memory_interface.v":0)
WARN  (NL0001) : Sweep user defined dangling instance "u_RiscV_AE350_SOC/u_riscv_ae350_ddr3_top/u_ddr3_memory_ahb_top/u_ddr3/gw3_top/u_gwmc_top/gw_rd_data0/phy_rd_data_d1_79_s0"("C:\Gowin\Gowin_V1.9.9_x64\IDE\ipcore\RiscV_AE350_SOC\data\ddr3_memory_interface.v":0)
WARN  (NL0001) : Sweep user defined dangling instance "u_RiscV_AE350_SOC/u_riscv_ae350_ddr3_top/u_ddr3_memory_ahb_top/u_ddr3/gw3_top/u_gwmc_top/gw_rd_data0/phy_rd_data_d1_78_s0"("C:\Gowin\Gowin_V1.9.9_x64\IDE\ipcore\RiscV_AE350_SOC\data\ddr3_memory_interface.v":0)
WARN  (NL0001) : Sweep user defined dangling instance "u_RiscV_AE350_SOC/u_riscv_ae350_ddr3_top/u_ddr3_memory_ahb_top/u_ddr3/gw3_top/u_gwmc_top/gw_rd_data0/phy_rd_data_d1_77_s0"("C:\Gowin\Gowin_V1.9.9_x64\IDE\ipcore\RiscV_AE350_SOC\data\ddr3_memory_interface.v":0)
WARN  (NL0001) : Sweep user defined dangling instance "u_RiscV_AE350_SOC/u_riscv_ae350_ddr3_top/u_ddr3_memory_ahb_top/u_ddr3/gw3_top/u_gwmc_top/gw_rd_data0/phy_rd_data_d1_76_s0"("C:\Gowin\Gowin_V1.9.9_x64\IDE\ipcore\RiscV_AE350_SOC\data\ddr3_memory_interface.v":0)
WARN  (NL0001) : Sweep user defined dangling instance "u_RiscV_AE350_SOC/u_riscv_ae350_ddr3_top/u_ddr3_memory_ahb_top/u_ddr3/gw3_top/u_gwmc_top/gw_rd_data0/phy_rd_data_d1_75_s0"("C:\Gowin\Gowin_V1.9.9_x64\IDE\ipcore\RiscV_AE350_SOC\data\ddr3_memory_interface.v":0)
WARN  (NL0001) : Sweep user defined dangling instance "u_RiscV_AE350_SOC/u_riscv_ae350_ddr3_top/u_ddr3_memory_ahb_top/u_ddr3/gw3_top/u_gwmc_top/gw_rd_data0/phy_rd_data_d1_74_s0"("C:\Gowin\Gowin_V1.9.9_x64\IDE\ipcore\RiscV_AE350_SOC\data\ddr3_memory_interface.v":0)
WARN  (NL0001) : Sweep user defined dangling instance "u_RiscV_AE350_SOC/u_riscv_ae350_ddr3_top/u_ddr3_memory_ahb_top/u_ddr3/gw3_top/u_gwmc_top/gw_rd_data0/phy_rd_data_d1_73_s0"("C:\Gowin\Gowin_V1.9.9_x64\IDE\ipcore\RiscV_AE350_SOC\data\ddr3_memory_interface.v":0)
WARN  (NL0001) : Sweep user defined dangling instance "u_RiscV_AE350_SOC/u_riscv_ae350_ddr3_top/u_ddr3_memory_ahb_top/u_ddr3/gw3_top/u_gwmc_top/gw_rd_data0/phy_rd_data_d1_72_s0"("C:\Gowin\Gowin_V1.9.9_x64\IDE\ipcore\RiscV_AE350_SOC\data\ddr3_memory_interface.v":0)
WARN  (NL0001) : Sweep user defined dangling instance "u_RiscV_AE350_SOC/u_riscv_ae350_ddr3_top/u_ddr3_memory_ahb_top/u_ddr3/gw3_top/u_gwmc_top/gw_rd_data0/phy_rd_data_d1_71_s0"("C:\Gowin\Gowin_V1.9.9_x64\IDE\ipcore\RiscV_AE350_SOC\data\ddr3_memory_interface.v":0)
WARN  (NL0001) : Sweep user defined dangling instance "u_RiscV_AE350_SOC/u_riscv_ae350_ddr3_top/u_ddr3_memory_ahb_top/u_ddr3/gw3_top/u_gwmc_top/gw_rd_data0/phy_rd_data_d1_70_s0"("C:\Gowin\Gowin_V1.9.9_x64\IDE\ipcore\RiscV_AE350_SOC\data\ddr3_memory_interface.v":0)
WARN  (NL0001) : Sweep user defined dangling instance "u_RiscV_AE350_SOC/u_riscv_ae350_ddr3_top/u_ddr3_memory_ahb_top/u_ddr3/gw3_top/u_gwmc_top/gw_rd_data0/phy_rd_data_d1_69_s0"("C:\Gowin\Gowin_V1.9.9_x64\IDE\ipcore\RiscV_AE350_SOC\data\ddr3_memory_interface.v":0)
WARN  (NL0001) : Sweep user defined dangling instance "u_RiscV_AE350_SOC/u_riscv_ae350_ddr3_top/u_ddr3_memory_ahb_top/u_ddr3/gw3_top/u_gwmc_top/gw_rd_data0/phy_rd_data_d1_68_s0"("C:\Gowin\Gowin_V1.9.9_x64\IDE\ipcore\RiscV_AE350_SOC\data\ddr3_memory_interface.v":0)
WARN  (NL0001) : Sweep user defined dangling instance "u_RiscV_AE350_SOC/u_riscv_ae350_ddr3_top/u_ddr3_memory_ahb_top/u_ddr3/gw3_top/u_gwmc_top/gw_rd_data0/phy_rd_data_d1_67_s0"("C:\Gowin\Gowin_V1.9.9_x64\IDE\ipcore\RiscV_AE350_SOC\data\ddr3_memory_interface.v":0)
WARN  (NL0001) : Sweep user defined dangling instance "u_RiscV_AE350_SOC/u_riscv_ae350_ddr3_top/u_ddr3_memory_ahb_top/u_ddr3/gw3_top/u_gwmc_top/gw_rd_data0/phy_rd_data_d1_66_s0"("C:\Gowin\Gowin_V1.9.9_x64\IDE\ipcore\RiscV_AE350_SOC\data\ddr3_memory_interface.v":0)
WARN  (NL0001) : Sweep user defined dangling instance "u_RiscV_AE350_SOC/u_riscv_ae350_ddr3_top/u_ddr3_memory_ahb_top/u_ddr3/gw3_top/u_gwmc_top/gw_rd_data0/phy_rd_data_d1_65_s0"("C:\Gowin\Gowin_V1.9.9_x64\IDE\ipcore\RiscV_AE350_SOC\data\ddr3_memory_interface.v":0)
WARN  (NL0001) : Sweep user defined dangling instance "u_RiscV_AE350_SOC/u_riscv_ae350_ddr3_top/u_ddr3_memory_ahb_top/u_ddr3/gw3_top/u_gwmc_top/gw_rd_data0/phy_rd_data_d1_64_s0"("C:\Gowin\Gowin_V1.9.9_x64\IDE\ipcore\RiscV_AE350_SOC\data\ddr3_memory_interface.v":0)
WARN  (NL0001) : Sweep user defined dangling instance "u_RiscV_AE350_SOC/u_riscv_ae350_ddr3_top/u_ddr3_memory_ahb_top/u_ddr3_ahb_top/u_hwrite_buf/fifo_inst/Equal.wcount_r_4_s0"("C:\Gowin\Gowin_V1.9.9_x64\IDE\ipcore\RiscV_AE350_SOC\data\ddr3_memory_wrfifo.v":0)
WARN  (NL0001) : Sweep user defined dangling instance "u_RiscV_AE350_SOC/u_riscv_ae350_ddr3_top/u_ddr3_memory_ahb_top/u_ddr3_ahb_top/u_hwrite_buf/fifo_inst/Equal.wcount_r_1_s0"("C:\Gowin\Gowin_V1.9.9_x64\IDE\ipcore\RiscV_AE350_SOC\data\ddr3_memory_wrfifo.v":0)
WARN  (NL0001) : Sweep user defined dangling instance "u_RiscV_AE350_SOC/u_riscv_ae350_ddr3_top/u_ddr3_memory_ahb_top/u_ddr3_ahb_top/u_hwrite_buf/fifo_inst/Equal.wcount_r_0_s0"("C:\Gowin\Gowin_V1.9.9_x64\IDE\ipcore\RiscV_AE350_SOC\data\ddr3_memory_wrfifo.v":0)
WARN  (NL0001) : Sweep user defined dangling instance "u_RiscV_AE350_SOC/u_riscv_ae350_ddr3_top/u_ddr3_memory_ahb_top/u_ddr3_ahb_top/u_hwrite_buf/fifo_inst/n574_s0"("C:\Gowin\Gowin_V1.9.9_x64\IDE\ipcore\RiscV_AE350_SOC\data\ddr3_memory_wrfifo.v":0)
WARN  (NL0001) : Sweep user defined dangling instance "u_RiscV_AE350_SOC/u_riscv_ae350_ddr3_top/u_ddr3_memory_ahb_top/u_ddr3_ahb_top/u_hwrite_buf/fifo_inst/arempty_val_s0"("C:\Gowin\Gowin_V1.9.9_x64\IDE\ipcore\RiscV_AE350_SOC\data\ddr3_memory_wrfifo.v":0)
WARN  (NL0001) : Sweep user defined dangling instance "u_RiscV_AE350_SOC/u_riscv_ae350_ddr3_top/u_ddr3_memory_ahb_top/u_ddr3_ahb_top/u_hwrite_buf/fifo_inst/arempty_val_s1"("C:\Gowin\Gowin_V1.9.9_x64\IDE\ipcore\RiscV_AE350_SOC\data\ddr3_memory_wrfifo.v":0)
WARN  (NL0001) : Sweep user defined dangling instance "u_RiscV_AE350_SOC/u_riscv_ae350_ddr3_top/u_ddr3_memory_ahb_top/u_ddr3_ahb_top/u_hwrite_buf/fifo_inst/Equal.wcount_r_3_s1"("C:\Gowin\Gowin_V1.9.9_x64\IDE\ipcore\RiscV_AE350_SOC\data\ddr3_memory_wrfifo.v":0)
WARN  (NL0001) : Sweep user defined dangling instance "u_RiscV_AE350_SOC/u_riscv_ae350_ddr3_top/u_ddr3_memory_ahb_top/u_ddr3_ahb_top/u_hwrite_buf/fifo_inst/Equal.wcount_r_2_s1"("C:\Gowin\Gowin_V1.9.9_x64\IDE\ipcore\RiscV_AE350_SOC\data\ddr3_memory_wrfifo.v":0)
WARN  (NL0001) : Sweep user defined dangling instance "u_RiscV_AE350_SOC/u_riscv_ae350_ddr3_top/u_ddr3_memory_ahb_top/u_ddr3_ahb_top/u_hwrite_buf/fifo_inst/Almost_Empty_s0"("C:\Gowin\Gowin_V1.9.9_x64\IDE\ipcore\RiscV_AE350_SOC\data\ddr3_memory_wrfifo.v":0)
WARN  (NL0001) : Sweep user defined dangling instance "u_RiscV_AE350_SOC/u_riscv_ae350_ddr3_top/u_ddr3_memory_ahb_top/u_ddr3_ahb_top/u_hwrite_buf/fifo_inst/rcnt_sub_0_s"("C:\Gowin\Gowin_V1.9.9_x64\IDE\ipcore\RiscV_AE350_SOC\data\ddr3_memory_wrfifo.v":0)
WARN  (NL0001) : Sweep user defined dangling instance "u_RiscV_AE350_SOC/u_riscv_ae350_ddr3_top/u_ddr3_memory_ahb_top/u_ddr3_ahb_top/u_hwrite_buf/fifo_inst/rcnt_sub_1_s"("C:\Gowin\Gowin_V1.9.9_x64\IDE\ipcore\RiscV_AE350_SOC\data\ddr3_memory_wrfifo.v":0)
WARN  (NL0001) : Sweep user defined dangling instance "u_RiscV_AE350_SOC/u_riscv_ae350_ddr3_top/u_ddr3_memory_ahb_top/u_ddr3_ahb_top/u_hwrite_buf/fifo_inst/rcnt_sub_2_s"("C:\Gowin\Gowin_V1.9.9_x64\IDE\ipcore\RiscV_AE350_SOC\data\ddr3_memory_wrfifo.v":0)
WARN  (NL0001) : Sweep user defined dangling instance "u_RiscV_AE350_SOC/u_riscv_ae350_ddr3_top/u_ddr3_memory_ahb_top/u_ddr3_ahb_top/u_hwrite_buf/fifo_inst/rcnt_sub_3_s"("C:\Gowin\Gowin_V1.9.9_x64\IDE\ipcore\RiscV_AE350_SOC\data\ddr3_memory_wrfifo.v":0)
WARN  (NL0001) : Sweep user defined dangling instance "u_RiscV_AE350_SOC/u_riscv_ae350_ddr3_top/u_ddr3_memory_ahb_top/u_ddr3_ahb_top/u_hwrite_buf/fifo_inst/rcnt_sub_4_s"("C:\Gowin\Gowin_V1.9.9_x64\IDE\ipcore\RiscV_AE350_SOC\data\ddr3_memory_wrfifo.v":0)
WARN  (NL0001) : Sweep user defined dangling instance "u_RiscV_AE350_SOC/u_riscv_ae350_ddr3_top/u_ddr3_memory_ahb_top/u_ddr3_ahb_top/u_hwrite_buf/fifo_inst/rcnt_sub_5_s"("C:\Gowin\Gowin_V1.9.9_x64\IDE\ipcore\RiscV_AE350_SOC\data\ddr3_memory_wrfifo.v":0)
WARN  (NL0001) : Sweep user defined dangling instance "u_RiscV_AE350_SOC/u_riscv_ae350_ddr3_top/u_ddr3_memory_ahb_top/u_ddr3_ahb_top/u_fifo_wr/fifo_inst/Equal.wcount_r_4_s0"("C:\Gowin\Gowin_V1.9.9_x64\IDE\ipcore\RiscV_AE350_SOC\data\ddr3_memory_wrfifo.v":0)
WARN  (NL0001) : Sweep user defined dangling instance "u_RiscV_AE350_SOC/u_riscv_ae350_ddr3_top/u_ddr3_memory_ahb_top/u_ddr3_ahb_top/u_fifo_wr/fifo_inst/Equal.wcount_r_1_s0"("C:\Gowin\Gowin_V1.9.9_x64\IDE\ipcore\RiscV_AE350_SOC\data\ddr3_memory_wrfifo.v":0)
WARN  (NL0001) : Sweep user defined dangling instance "u_RiscV_AE350_SOC/u_riscv_ae350_ddr3_top/u_ddr3_memory_ahb_top/u_ddr3_ahb_top/u_fifo_wr/fifo_inst/Equal.wcount_r_0_s0"("C:\Gowin\Gowin_V1.9.9_x64\IDE\ipcore\RiscV_AE350_SOC\data\ddr3_memory_wrfifo.v":0)
WARN  (NL0001) : Sweep user defined dangling instance "u_RiscV_AE350_SOC/u_riscv_ae350_ddr3_top/u_ddr3_memory_ahb_top/u_ddr3_ahb_top/u_fifo_wr/fifo_inst/n574_s0"("C:\Gowin\Gowin_V1.9.9_x64\IDE\ipcore\RiscV_AE350_SOC\data\ddr3_memory_wrfifo.v":0)
WARN  (NL0001) : Sweep user defined dangling instance "u_RiscV_AE350_SOC/u_riscv_ae350_ddr3_top/u_ddr3_memory_ahb_top/u_ddr3_ahb_top/u_fifo_wr/fifo_inst/arempty_val_s0"("C:\Gowin\Gowin_V1.9.9_x64\IDE\ipcore\RiscV_AE350_SOC\data\ddr3_memory_wrfifo.v":0)
WARN  (NL0001) : Sweep user defined dangling instance "u_RiscV_AE350_SOC/u_riscv_ae350_ddr3_top/u_ddr3_memory_ahb_top/u_ddr3_ahb_top/u_fifo_wr/fifo_inst/arempty_val_s1"("C:\Gowin\Gowin_V1.9.9_x64\IDE\ipcore\RiscV_AE350_SOC\data\ddr3_memory_wrfifo.v":0)
WARN  (NL0001) : Sweep user defined dangling instance "u_RiscV_AE350_SOC/u_riscv_ae350_ddr3_top/u_ddr3_memory_ahb_top/u_ddr3_ahb_top/u_fifo_wr/fifo_inst/Equal.wcount_r_3_s1"("C:\Gowin\Gowin_V1.9.9_x64\IDE\ipcore\RiscV_AE350_SOC\data\ddr3_memory_wrfifo.v":0)
WARN  (NL0001) : Sweep user defined dangling instance "u_RiscV_AE350_SOC/u_riscv_ae350_ddr3_top/u_ddr3_memory_ahb_top/u_ddr3_ahb_top/u_fifo_wr/fifo_inst/Equal.wcount_r_2_s1"("C:\Gowin\Gowin_V1.9.9_x64\IDE\ipcore\RiscV_AE350_SOC\data\ddr3_memory_wrfifo.v":0)
WARN  (NL0001) : Sweep user defined dangling instance "u_RiscV_AE350_SOC/u_riscv_ae350_ddr3_top/u_ddr3_memory_ahb_top/u_ddr3_ahb_top/u_fifo_wr/fifo_inst/Almost_Empty_s0"("C:\Gowin\Gowin_V1.9.9_x64\IDE\ipcore\RiscV_AE350_SOC\data\ddr3_memory_wrfifo.v":0)
WARN  (NL0001) : Sweep user defined dangling instance "u_RiscV_AE350_SOC/u_riscv_ae350_ddr3_top/u_ddr3_memory_ahb_top/u_ddr3_ahb_top/u_fifo_wr/fifo_inst/rcnt_sub_0_s"("C:\Gowin\Gowin_V1.9.9_x64\IDE\ipcore\RiscV_AE350_SOC\data\ddr3_memory_wrfifo.v":0)
WARN  (NL0001) : Sweep user defined dangling instance "u_RiscV_AE350_SOC/u_riscv_ae350_ddr3_top/u_ddr3_memory_ahb_top/u_ddr3_ahb_top/u_fifo_wr/fifo_inst/rcnt_sub_1_s"("C:\Gowin\Gowin_V1.9.9_x64\IDE\ipcore\RiscV_AE350_SOC\data\ddr3_memory_wrfifo.v":0)
WARN  (NL0001) : Sweep user defined dangling instance "u_RiscV_AE350_SOC/u_riscv_ae350_ddr3_top/u_ddr3_memory_ahb_top/u_ddr3_ahb_top/u_fifo_wr/fifo_inst/rcnt_sub_2_s"("C:\Gowin\Gowin_V1.9.9_x64\IDE\ipcore\RiscV_AE350_SOC\data\ddr3_memory_wrfifo.v":0)
WARN  (NL0001) : Sweep user defined dangling instance "u_RiscV_AE350_SOC/u_riscv_ae350_ddr3_top/u_ddr3_memory_ahb_top/u_ddr3_ahb_top/u_fifo_wr/fifo_inst/rcnt_sub_3_s"("C:\Gowin\Gowin_V1.9.9_x64\IDE\ipcore\RiscV_AE350_SOC\data\ddr3_memory_wrfifo.v":0)
WARN  (NL0001) : Sweep user defined dangling instance "u_RiscV_AE350_SOC/u_riscv_ae350_ddr3_top/u_ddr3_memory_ahb_top/u_ddr3_ahb_top/u_fifo_wr/fifo_inst/rcnt_sub_4_s"("C:\Gowin\Gowin_V1.9.9_x64\IDE\ipcore\RiscV_AE350_SOC\data\ddr3_memory_wrfifo.v":0)
WARN  (NL0001) : Sweep user defined dangling instance "u_RiscV_AE350_SOC/u_riscv_ae350_ddr3_top/u_ddr3_memory_ahb_top/u_ddr3_ahb_top/u_fifo_wr/fifo_inst/rcnt_sub_5_s"("C:\Gowin\Gowin_V1.9.9_x64\IDE\ipcore\RiscV_AE350_SOC\data\ddr3_memory_wrfifo.v":0)
WARN  (NL0001) : Sweep user defined dangling instance "u_RiscV_AE350_SOC/u_riscv_ae350_ddr3_top/u_ddr3_memory_ahb_top/u_ddr3_ahb_top/u_fifo_rd/fifo_inst/Equal.wcount_r_4_s0"("C:\Gowin\Gowin_V1.9.9_x64\IDE\ipcore\RiscV_AE350_SOC\data\ddr3_memory_rdfifo.v":0)
WARN  (NL0001) : Sweep user defined dangling instance "u_RiscV_AE350_SOC/u_riscv_ae350_ddr3_top/u_ddr3_memory_ahb_top/u_ddr3_ahb_top/u_fifo_rd/fifo_inst/Equal.wcount_r_1_s0"("C:\Gowin\Gowin_V1.9.9_x64\IDE\ipcore\RiscV_AE350_SOC\data\ddr3_memory_rdfifo.v":0)
WARN  (NL0001) : Sweep user defined dangling instance "u_RiscV_AE350_SOC/u_riscv_ae350_ddr3_top/u_ddr3_memory_ahb_top/u_ddr3_ahb_top/u_fifo_rd/fifo_inst/Equal.wcount_r_0_s0"("C:\Gowin\Gowin_V1.9.9_x64\IDE\ipcore\RiscV_AE350_SOC\data\ddr3_memory_rdfifo.v":0)
WARN  (NL0001) : Sweep user defined dangling instance "u_RiscV_AE350_SOC/u_riscv_ae350_ddr3_top/u_ddr3_memory_ahb_top/u_ddr3_ahb_top/u_fifo_rd/fifo_inst/n574_s0"("C:\Gowin\Gowin_V1.9.9_x64\IDE\ipcore\RiscV_AE350_SOC\data\ddr3_memory_rdfifo.v":0)
WARN  (NL0001) : Sweep user defined dangling instance "u_RiscV_AE350_SOC/u_riscv_ae350_ddr3_top/u_ddr3_memory_ahb_top/u_ddr3_ahb_top/u_fifo_rd/fifo_inst/Equal.rcount_w_4_s0"("C:\Gowin\Gowin_V1.9.9_x64\IDE\ipcore\RiscV_AE350_SOC\data\ddr3_memory_rdfifo.v":0)
WARN  (NL0001) : Sweep user defined dangling instance "u_RiscV_AE350_SOC/u_riscv_ae350_ddr3_top/u_ddr3_memory_ahb_top/u_ddr3_ahb_top/u_fifo_rd/fifo_inst/Equal.rcount_w_1_s0"("C:\Gowin\Gowin_V1.9.9_x64\IDE\ipcore\RiscV_AE350_SOC\data\ddr3_memory_rdfifo.v":0)
WARN  (NL0001) : Sweep user defined dangling instance "u_RiscV_AE350_SOC/u_riscv_ae350_ddr3_top/u_ddr3_memory_ahb_top/u_ddr3_ahb_top/u_fifo_rd/fifo_inst/Equal.rcount_w_0_s0"("C:\Gowin\Gowin_V1.9.9_x64\IDE\ipcore\RiscV_AE350_SOC\data\ddr3_memory_rdfifo.v":0)
WARN  (NL0001) : Sweep user defined dangling instance "u_RiscV_AE350_SOC/u_riscv_ae350_ddr3_top/u_ddr3_memory_ahb_top/u_ddr3_ahb_top/u_fifo_rd/fifo_inst/n622_s0"("C:\Gowin\Gowin_V1.9.9_x64\IDE\ipcore\RiscV_AE350_SOC\data\ddr3_memory_rdfifo.v":0)
WARN  (NL0001) : Sweep user defined dangling instance "u_RiscV_AE350_SOC/u_riscv_ae350_ddr3_top/u_ddr3_memory_ahb_top/u_ddr3_ahb_top/u_fifo_rd/fifo_inst/arempty_val_s0"("C:\Gowin\Gowin_V1.9.9_x64\IDE\ipcore\RiscV_AE350_SOC\data\ddr3_memory_rdfifo.v":0)
WARN  (NL0001) : Sweep user defined dangling instance "u_RiscV_AE350_SOC/u_riscv_ae350_ddr3_top/u_ddr3_memory_ahb_top/u_ddr3_ahb_top/u_fifo_rd/fifo_inst/awfull_val_s0"("C:\Gowin\Gowin_V1.9.9_x64\IDE\ipcore\RiscV_AE350_SOC\data\ddr3_memory_rdfifo.v":0)
WARN  (NL0001) : Sweep user defined dangling instance "u_RiscV_AE350_SOC/u_riscv_ae350_ddr3_top/u_ddr3_memory_ahb_top/u_ddr3_ahb_top/u_fifo_rd/fifo_inst/arempty_val_s1"("C:\Gowin\Gowin_V1.9.9_x64\IDE\ipcore\RiscV_AE350_SOC\data\ddr3_memory_rdfifo.v":0)
WARN  (NL0001) : Sweep user defined dangling instance "u_RiscV_AE350_SOC/u_riscv_ae350_ddr3_top/u_ddr3_memory_ahb_top/u_ddr3_ahb_top/u_fifo_rd/fifo_inst/awfull_val_s1"("C:\Gowin\Gowin_V1.9.9_x64\IDE\ipcore\RiscV_AE350_SOC\data\ddr3_memory_rdfifo.v":0)
WARN  (NL0001) : Sweep user defined dangling instance "u_RiscV_AE350_SOC/u_riscv_ae350_ddr3_top/u_ddr3_memory_ahb_top/u_ddr3_ahb_top/u_fifo_rd/fifo_inst/Equal.rcount_w_3_s1"("C:\Gowin\Gowin_V1.9.9_x64\IDE\ipcore\RiscV_AE350_SOC\data\ddr3_memory_rdfifo.v":0)
WARN  (NL0001) : Sweep user defined dangling instance "u_RiscV_AE350_SOC/u_riscv_ae350_ddr3_top/u_ddr3_memory_ahb_top/u_ddr3_ahb_top/u_fifo_rd/fifo_inst/Equal.wcount_r_3_s1"("C:\Gowin\Gowin_V1.9.9_x64\IDE\ipcore\RiscV_AE350_SOC\data\ddr3_memory_rdfifo.v":0)
WARN  (NL0001) : Sweep user defined dangling instance "u_RiscV_AE350_SOC/u_riscv_ae350_ddr3_top/u_ddr3_memory_ahb_top/u_ddr3_ahb_top/u_fifo_rd/fifo_inst/Equal.rcount_w_2_s1"("C:\Gowin\Gowin_V1.9.9_x64\IDE\ipcore\RiscV_AE350_SOC\data\ddr3_memory_rdfifo.v":0)
WARN  (NL0001) : Sweep user defined dangling instance "u_RiscV_AE350_SOC/u_riscv_ae350_ddr3_top/u_ddr3_memory_ahb_top/u_ddr3_ahb_top/u_fifo_rd/fifo_inst/Equal.wcount_r_2_s1"("C:\Gowin\Gowin_V1.9.9_x64\IDE\ipcore\RiscV_AE350_SOC\data\ddr3_memory_rdfifo.v":0)
WARN  (NL0001) : Sweep user defined dangling instance "u_RiscV_AE350_SOC/u_riscv_ae350_ddr3_top/u_ddr3_memory_ahb_top/u_ddr3_ahb_top/u_fifo_rd/fifo_inst/Almost_Empty_s0"("C:\Gowin\Gowin_V1.9.9_x64\IDE\ipcore\RiscV_AE350_SOC\data\ddr3_memory_rdfifo.v":0)
WARN  (NL0001) : Sweep user defined dangling instance "u_RiscV_AE350_SOC/u_riscv_ae350_ddr3_top/u_ddr3_memory_ahb_top/u_ddr3_ahb_top/u_fifo_rd/fifo_inst/Almost_Full_s0"("C:\Gowin\Gowin_V1.9.9_x64\IDE\ipcore\RiscV_AE350_SOC\data\ddr3_memory_rdfifo.v":0)
WARN  (NL0001) : Sweep user defined dangling instance "u_RiscV_AE350_SOC/u_riscv_ae350_ddr3_top/u_ddr3_memory_ahb_top/u_ddr3_ahb_top/u_fifo_rd/fifo_inst/Equal.mem_Equal.mem_0_2_s"("C:\Gowin\Gowin_V1.9.9_x64\IDE\ipcore\RiscV_AE350_SOC\data\ddr3_memory_rdfifo.v":0)
WARN  (NL0001) : Sweep user defined dangling instance "u_RiscV_AE350_SOC/u_riscv_ae350_ddr3_top/u_ddr3_memory_ahb_top/u_ddr3_ahb_top/u_fifo_rd/fifo_inst/Equal.mem_Equal.mem_0_3_s"("C:\Gowin\Gowin_V1.9.9_x64\IDE\ipcore\RiscV_AE350_SOC\data\ddr3_memory_rdfifo.v":0)
WARN  (NL0001) : Sweep user defined dangling instance "u_RiscV_AE350_SOC/u_riscv_ae350_ddr3_top/u_ddr3_memory_ahb_top/u_ddr3_ahb_top/u_fifo_rd/fifo_inst/rcnt_sub_0_s"("C:\Gowin\Gowin_V1.9.9_x64\IDE\ipcore\RiscV_AE350_SOC\data\ddr3_memory_rdfifo.v":0)
WARN  (NL0001) : Sweep user defined dangling instance "u_RiscV_AE350_SOC/u_riscv_ae350_ddr3_top/u_ddr3_memory_ahb_top/u_ddr3_ahb_top/u_fifo_rd/fifo_inst/rcnt_sub_1_s"("C:\Gowin\Gowin_V1.9.9_x64\IDE\ipcore\RiscV_AE350_SOC\data\ddr3_memory_rdfifo.v":0)
WARN  (NL0001) : Sweep user defined dangling instance "u_RiscV_AE350_SOC/u_riscv_ae350_ddr3_top/u_ddr3_memory_ahb_top/u_ddr3_ahb_top/u_fifo_rd/fifo_inst/rcnt_sub_2_s"("C:\Gowin\Gowin_V1.9.9_x64\IDE\ipcore\RiscV_AE350_SOC\data\ddr3_memory_rdfifo.v":0)
WARN  (NL0001) : Sweep user defined dangling instance "u_RiscV_AE350_SOC/u_riscv_ae350_ddr3_top/u_ddr3_memory_ahb_top/u_ddr3_ahb_top/u_fifo_rd/fifo_inst/rcnt_sub_3_s"("C:\Gowin\Gowin_V1.9.9_x64\IDE\ipcore\RiscV_AE350_SOC\data\ddr3_memory_rdfifo.v":0)
WARN  (NL0001) : Sweep user defined dangling instance "u_RiscV_AE350_SOC/u_riscv_ae350_ddr3_top/u_ddr3_memory_ahb_top/u_ddr3_ahb_top/u_fifo_rd/fifo_inst/rcnt_sub_4_s"("C:\Gowin\Gowin_V1.9.9_x64\IDE\ipcore\RiscV_AE350_SOC\data\ddr3_memory_rdfifo.v":0)
WARN  (NL0001) : Sweep user defined dangling instance "u_RiscV_AE350_SOC/u_riscv_ae350_ddr3_top/u_ddr3_memory_ahb_top/u_ddr3_ahb_top/u_fifo_rd/fifo_inst/rcnt_sub_5_s"("C:\Gowin\Gowin_V1.9.9_x64\IDE\ipcore\RiscV_AE350_SOC\data\ddr3_memory_rdfifo.v":0)
WARN  (NL0001) : Sweep user defined dangling instance "u_RiscV_AE350_SOC/u_riscv_ae350_ddr3_top/u_ddr3_memory_ahb_top/u_ddr3_ahb_top/u_fifo_rd/fifo_inst/wcnt_sub_0_s"("C:\Gowin\Gowin_V1.9.9_x64\IDE\ipcore\RiscV_AE350_SOC\data\ddr3_memory_rdfifo.v":0)
WARN  (NL0001) : Sweep user defined dangling instance "u_RiscV_AE350_SOC/u_riscv_ae350_ddr3_top/u_ddr3_memory_ahb_top/u_ddr3_ahb_top/u_fifo_rd/fifo_inst/wcnt_sub_1_s"("C:\Gowin\Gowin_V1.9.9_x64\IDE\ipcore\RiscV_AE350_SOC\data\ddr3_memory_rdfifo.v":0)
WARN  (NL0001) : Sweep user defined dangling instance "u_RiscV_AE350_SOC/u_riscv_ae350_ddr3_top/u_ddr3_memory_ahb_top/u_ddr3_ahb_top/u_fifo_rd/fifo_inst/wcnt_sub_2_s"("C:\Gowin\Gowin_V1.9.9_x64\IDE\ipcore\RiscV_AE350_SOC\data\ddr3_memory_rdfifo.v":0)
WARN  (NL0001) : Sweep user defined dangling instance "u_RiscV_AE350_SOC/u_riscv_ae350_ddr3_top/u_ddr3_memory_ahb_top/u_ddr3_ahb_top/u_fifo_rd/fifo_inst/wcnt_sub_3_s"("C:\Gowin\Gowin_V1.9.9_x64\IDE\ipcore\RiscV_AE350_SOC\data\ddr3_memory_rdfifo.v":0)
WARN  (NL0001) : Sweep user defined dangling instance "u_RiscV_AE350_SOC/u_riscv_ae350_ddr3_top/u_ddr3_memory_ahb_top/u_ddr3_ahb_top/u_fifo_rd/fifo_inst/wcnt_sub_4_s"("C:\Gowin\Gowin_V1.9.9_x64\IDE\ipcore\RiscV_AE350_SOC\data\ddr3_memory_rdfifo.v":0)
WARN  (NL0001) : Sweep user defined dangling instance "u_RiscV_AE350_SOC/u_riscv_ae350_ddr3_top/u_ddr3_memory_ahb_top/u_ddr3_ahb_top/u_fifo_rd/fifo_inst/wcnt_sub_5_s"("C:\Gowin\Gowin_V1.9.9_x64\IDE\ipcore\RiscV_AE350_SOC\data\ddr3_memory_rdfifo.v":0)
[5%] Running netlist conversion ...
Running device independent optimization ...
WARN  (NL0001) : Sweep user defined dangling instance "u_RiscV_AE350_SOC/u_riscv_ae350_ddr3_top/u_ddr3_memory_ahb_top/u_ddr3/gw3_top/u_gwmc_top/gw_cmd0/cmd_ready_d_s0"("C:\Gowin\Gowin_V1.9.9_x64\IDE\ipcore\RiscV_AE350_SOC\data\ddr3_memory_interface.v":0)
[10%] Optimizing Phase 0 completed
[15%] Optimizing Phase 1 completed
[25%] Optimizing Phase 2 completed
Running inference ...
[30%] Inferring Phase 0 completed
[40%] Inferring Phase 1 completed
[50%] Inferring Phase 2 completed
[55%] Inferring Phase 3 completed
Running technical mapping ...
[60%] Tech-Mapping Phase 0 completed
[65%] Tech-Mapping Phase 1 completed
WARN  (DI0003) : Latch inferred for net 'latch_out';We do not recommend the use of latches in FPGA designs, as they may lead to timing problems("C:\Gowin\Gowin_V1.9.9_x64\IDE\ipcore\RiscV_AE350_SOC\data\riscv_ae350_flash.v":0)
[75%] Tech-Mapping Phase 2 completed
[80%] Tech-Mapping Phase 3 completed
[90%] Tech-Mapping Phase 4 completed
WARN  (NL0002) : The module "gw_inout_pad" instantiated to "spi1_clk_pad" is swept in optimizing("C:\Gowin\Gowin_V1.9.9_x64\IDE\ipcore\RiscV_AE350_SOC\data\riscv_ae350_flash.v":0)
WARN  (NL0002) : The module "gw_inout_pad" instantiated to "spi1_csn_pad" is swept in optimizing("C:\Gowin\Gowin_V1.9.9_x64\IDE\ipcore\RiscV_AE350_SOC\data\riscv_ae350_flash.v":0)
WARN  (NL0002) : The module "gw_inout_pad" instantiated to "spi1_holdn_pad" is swept in optimizing("C:\Gowin\Gowin_V1.9.9_x64\IDE\ipcore\RiscV_AE350_SOC\data\riscv_ae350_flash.v":0)
WARN  (NL0002) : The module "gw_inout_pad" instantiated to "spi1_mosi_pad" is swept in optimizing("C:\Gowin\Gowin_V1.9.9_x64\IDE\ipcore\RiscV_AE350_SOC\data\riscv_ae350_flash.v":0)
WARN  (NL0002) : The module "gw_inout_pad" instantiated to "spi1_wpn_pad" is swept in optimizing("C:\Gowin\Gowin_V1.9.9_x64\IDE\ipcore\RiscV_AE350_SOC\data\riscv_ae350_flash.v":0)
WARN  (NL0002) : The module "gw_sync_l2l" instantiated to "txf_clr_ack_sync" is swept in optimizing("C:\Gowin\Gowin_V1.9.9_x64\IDE\ipcore\RiscV_AE350_SOC\data\riscv_ae350_flash.v":0)
WARN  (NL0002) : The module "gw_sync_l2l" instantiated to "txf_clr_sync" is swept in optimizing("C:\Gowin\Gowin_V1.9.9_x64\IDE\ipcore\RiscV_AE350_SOC\data\riscv_ae350_flash.v":0)
WARN  (NL0002) : The module "gwspiflash_reg" instantiated to "u_spi_reg" is swept in optimizing("C:\Gowin\Gowin_V1.9.9_x64\IDE\ipcore\RiscV_AE350_SOC\data\riscv_ae350_flash.v":0)
WARN  (NL0002) : The module "gwspiflash_regif" instantiated to "u_spi_regif" is swept in optimizing("C:\Gowin\Gowin_V1.9.9_x64\IDE\ipcore\RiscV_AE350_SOC\data\riscv_ae350_flash.v":0)
WARN  (NL0002) : The module "gwspiflash_regif_ctrl" instantiated to "u_spi_regif_ctrl" is swept in optimizing("C:\Gowin\Gowin_V1.9.9_x64\IDE\ipcore\RiscV_AE350_SOC\data\riscv_ae350_flash.v":0)
WARN  (NL0002) : The module "gw_gck" instantiated to "master_gclk_0" is swept in optimizing("C:\Gowin\Gowin_V1.9.9_x64\IDE\ipcore\RiscV_AE350_SOC\data\riscv_ae350_flash.v":0)
WARN  (NL0002) : The module "gw_sync_l2l" instantiated to "spi_clk_in_syn" is swept in optimizing("C:\Gowin\Gowin_V1.9.9_x64\IDE\ipcore\RiscV_AE350_SOC\data\riscv_ae350_flash.v":0)
WARN  (NL0002) : The module "gw_sync_l2l" instantiated to "spi_cs_n_syn" is swept in optimizing("C:\Gowin\Gowin_V1.9.9_x64\IDE\ipcore\RiscV_AE350_SOC\data\riscv_ae350_flash.v":0)
WARN  (NL0002) : The module "gw_sync_l2l" instantiated to "dataonly_sync" is swept in optimizing("C:\Gowin\Gowin_V1.9.9_x64\IDE\ipcore\RiscV_AE350_SOC\data\riscv_ae350_flash.v":0)
WARN  (NL0002) : The module "gw_sync_l2l" instantiated to "mem_intf_idle_clr_sync" is swept in optimizing("C:\Gowin\Gowin_V1.9.9_x64\IDE\ipcore\RiscV_AE350_SOC\data\riscv_ae350_flash.v":0)
WARN  (NL0002) : The module "gw_sync_p2p" instantiated to "rxf_overrun_sync" is swept in optimizing("C:\Gowin\Gowin_V1.9.9_x64\IDE\ipcore\RiscV_AE350_SOC\data\riscv_ae350_flash.v":0)
WARN  (NL0002) : The module "gw_sync_p2p" instantiated to "slave_cmd_wr_sync" is swept in optimizing("C:\Gowin\Gowin_V1.9.9_x64\IDE\ipcore\RiscV_AE350_SOC\data\riscv_ae350_flash.v":0)
WARN  (NL0002) : The module "gw_sync_p2p" instantiated to "slave_rcnt_inc_sync" is swept in optimizing("C:\Gowin\Gowin_V1.9.9_x64\IDE\ipcore\RiscV_AE350_SOC\data\riscv_ae350_flash.v":0)
WARN  (NL0002) : The module "gw_sync_p2p" instantiated to "slave_wcnt_inc_sync" is swept in optimizing("C:\Gowin\Gowin_V1.9.9_x64\IDE\ipcore\RiscV_AE350_SOC\data\riscv_ae350_flash.v":0)
WARN  (NL0002) : The module "gw_sync_l2l" instantiated to "spi_reset_ack_sync" is swept in optimizing("C:\Gowin\Gowin_V1.9.9_x64\IDE\ipcore\RiscV_AE350_SOC\data\riscv_ae350_flash.v":0)
WARN  (NL0002) : The module "gw_sync_l2l" instantiated to "spi_reset_sync" is swept in optimizing("C:\Gowin\Gowin_V1.9.9_x64\IDE\ipcore\RiscV_AE350_SOC\data\riscv_ae350_flash.v":0)
WARN  (NL0002) : The module "gw_sync_p2p" instantiated to "txf_underrun_sync" is swept in optimizing("C:\Gowin\Gowin_V1.9.9_x64\IDE\ipcore\RiscV_AE350_SOC\data\riscv_ae350_flash.v":0)
[95%] Generate netlist file "G:\TangMega138K\ae350_test\ae350_demo\src\riscv_ae350_soc\temp\riscv_ae350_soc\riscv_ae350_soc.vg" completed
Generate template file "G:\TangMega138K\ae350_test\ae350_demo\src\riscv_ae350_soc\temp\riscv_ae350_soc\riscv_ae350_soc_tmp.v" completed
[100%] Generate report file "G:\TangMega138K\ae350_test\ae350_demo\src\riscv_ae350_soc\temp\riscv_ae350_soc\riscv_ae350_soc_syn.rpt.html" completed
GowinSynthesis finish
