Reading netlist file: "G:\TangMega138K\ae350_test\ae350_demo\impl\gwsynthesis\ae350_demo.vg"
Parsing netlist file "G:\TangMega138K\ae350_test\ae350_demo\impl\gwsynthesis\ae350_demo.vg" completed
WARN  (PA1001) : Dangling net 'core_lock'(source:'PLL_inst') in module 'core_pll' has no destination
WARN  (PA1001) : Dangling net 'clkout5_o'(source:'PLL_inst') in module 'core_pll' has no destination
WARN  (PA1001) : Dangling net 'clkout6_o'(source:'PLL_inst') in module 'core_pll' has no destination
WARN  (PA1001) : Dangling net 'clkfbout_o'(source:'PLL_inst') in module 'core_pll' has no destination
WARN  (PA1001) : Dangling net 'clkout1'(source:'PLL_inst') in module 'ddr_pll' has no destination
WARN  (PA1001) : Dangling net 'clkout3'(source:'PLL_inst') in module 'ddr_pll' has no destination
WARN  (PA1001) : Dangling net 'clkout4'(source:'PLL_inst') in module 'ddr_pll' has no destination
WARN  (PA1001) : Dangling net 'clkout5'(source:'PLL_inst') in module 'ddr_pll' has no destination
WARN  (PA1001) : Dangling net 'clkout6'(source:'PLL_inst') in module 'ddr_pll' has no destination
WARN  (PA1001) : Dangling net 'clkfbout'(source:'PLL_inst') in module 'ddr_pll' has no destination
WARN  (PA1001) : Dangling net 'PRESETN'(source:'u_AE350_SOC') in module 'RiscV_AE350_SOC' has no destination
WARN  (PA1001) : Dangling net 'DMA_ACK[0]'(source:'u_AE350_SOC') in module 'RiscV_AE350_SOC' has no destination
WARN  (PA1001) : Dangling net 'DMA_ACK[1]'(source:'u_AE350_SOC') in module 'RiscV_AE350_SOC' has no destination
WARN  (PA1001) : Dangling net 'DMA_ACK[2]'(source:'u_AE350_SOC') in module 'RiscV_AE350_SOC' has no destination
WARN  (PA1001) : Dangling net 'DMA_ACK[3]'(source:'u_AE350_SOC') in module 'RiscV_AE350_SOC' has no destination
WARN  (PA1001) : Dangling net 'DMA_ACK[4]'(source:'u_AE350_SOC') in module 'RiscV_AE350_SOC' has no destination
WARN  (PA1001) : Dangling net 'DMA_ACK[5]'(source:'u_AE350_SOC') in module 'RiscV_AE350_SOC' has no destination
WARN  (PA1001) : Dangling net 'DMA_ACK[6]'(source:'u_AE350_SOC') in module 'RiscV_AE350_SOC' has no destination
WARN  (PA1001) : Dangling net 'DMA_ACK[7]'(source:'u_AE350_SOC') in module 'RiscV_AE350_SOC' has no destination
WARN  (PA1001) : Dangling net 'u_AE350_SOC_218_CORE0_WFI_MODE'(source:'u_AE350_SOC') in module 'RiscV_AE350_SOC' has no destination
WARN  (PA1001) : Dangling net 'u_AE350_SOC_218_RTC_WAKEUP'(source:'u_AE350_SOC') in module 'RiscV_AE350_SOC' has no destination
WARN  (PA1001) : Dangling net 'ROM_HADDR_0[0]'(source:'u_AE350_SOC') in module 'RiscV_AE350_SOC' has no destination
WARN  (PA1001) : Dangling net 'ROM_HADDR_0[1]'(source:'u_AE350_SOC') in module 'RiscV_AE350_SOC' has no destination
WARN  (PA1001) : Dangling net 'ROM_HTRANS_0[0]'(source:'u_AE350_SOC') in module 'RiscV_AE350_SOC' has no destination
WARN  (PA1001) : Dangling net 'APB_PADDR[0]'(source:'u_AE350_SOC') in module 'RiscV_AE350_SOC' has no destination
WARN  (PA1001) : Dangling net 'APB_PADDR[1]'(source:'u_AE350_SOC') in module 'RiscV_AE350_SOC' has no destination
WARN  (PA1001) : Dangling net 'APB_PADDR[2]'(source:'u_AE350_SOC') in module 'RiscV_AE350_SOC' has no destination
WARN  (PA1001) : Dangling net 'APB_PADDR[3]'(source:'u_AE350_SOC') in module 'RiscV_AE350_SOC' has no destination
WARN  (PA1001) : Dangling net 'APB_PADDR[4]'(source:'u_AE350_SOC') in module 'RiscV_AE350_SOC' has no destination
WARN  (PA1001) : Dangling net 'APB_PADDR[5]'(source:'u_AE350_SOC') in module 'RiscV_AE350_SOC' has no destination
WARN  (PA1001) : Dangling net 'APB_PADDR[6]'(source:'u_AE350_SOC') in module 'RiscV_AE350_SOC' has no destination
WARN  (PA1001) : Dangling net 'APB_PADDR[7]'(source:'u_AE350_SOC') in module 'RiscV_AE350_SOC' has no destination
WARN  (PA1001) : Dangling net 'APB_PADDR[8]'(source:'u_AE350_SOC') in module 'RiscV_AE350_SOC' has no destination
WARN  (PA1001) : Dangling net 'APB_PADDR[9]'(source:'u_AE350_SOC') in module 'RiscV_AE350_SOC' has no destination
WARN  (PA1001) : Dangling net 'APB_PADDR[10]'(source:'u_AE350_SOC') in module 'RiscV_AE350_SOC' has no destination
WARN  (PA1001) : Dangling net 'APB_PADDR[11]'(source:'u_AE350_SOC') in module 'RiscV_AE350_SOC' has no destination
WARN  (PA1001) : Dangling net 'APB_PADDR[12]'(source:'u_AE350_SOC') in module 'RiscV_AE350_SOC' has no destination
WARN  (PA1001) : Dangling net 'APB_PADDR[13]'(source:'u_AE350_SOC') in module 'RiscV_AE350_SOC' has no destination
WARN  (PA1001) : Dangling net 'APB_PADDR[14]'(source:'u_AE350_SOC') in module 'RiscV_AE350_SOC' has no destination
WARN  (PA1001) : Dangling net 'APB_PADDR[15]'(source:'u_AE350_SOC') in module 'RiscV_AE350_SOC' has no destination
WARN  (PA1001) : Dangling net 'APB_PADDR[16]'(source:'u_AE350_SOC') in module 'RiscV_AE350_SOC' has no destination
WARN  (PA1001) : Dangling net 'APB_PADDR[17]'(source:'u_AE350_SOC') in module 'RiscV_AE350_SOC' has no destination
WARN  (PA1001) : Dangling net 'APB_PADDR[18]'(source:'u_AE350_SOC') in module 'RiscV_AE350_SOC' has no destination
WARN  (PA1001) : Dangling net 'APB_PADDR[19]'(source:'u_AE350_SOC') in module 'RiscV_AE350_SOC' has no destination
WARN  (PA1001) : Dangling net 'APB_PADDR[20]'(source:'u_AE350_SOC') in module 'RiscV_AE350_SOC' has no destination
WARN  (PA1001) : Dangling net 'APB_PADDR[21]'(source:'u_AE350_SOC') in module 'RiscV_AE350_SOC' has no destination
WARN  (PA1001) : Dangling net 'APB_PADDR[22]'(source:'u_AE350_SOC') in module 'RiscV_AE350_SOC' has no destination
WARN  (PA1001) : Dangling net 'APB_PADDR[23]'(source:'u_AE350_SOC') in module 'RiscV_AE350_SOC' has no destination
WARN  (PA1001) : Dangling net 'APB_PADDR[24]'(source:'u_AE350_SOC') in module 'RiscV_AE350_SOC' has no destination
WARN  (PA1001) : Dangling net 'APB_PADDR[25]'(source:'u_AE350_SOC') in module 'RiscV_AE350_SOC' has no destination
WARN  (PA1001) : Dangling net 'APB_PADDR[26]'(source:'u_AE350_SOC') in module 'RiscV_AE350_SOC' has no destination
WARN  (PA1001) : Dangling net 'APB_PADDR[27]'(source:'u_AE350_SOC') in module 'RiscV_AE350_SOC' has no destination
WARN  (PA1001) : Dangling net 'APB_PADDR[28]'(source:'u_AE350_SOC') in module 'RiscV_AE350_SOC' has no destination
WARN  (PA1001) : Dangling net 'APB_PADDR[29]'(source:'u_AE350_SOC') in module 'RiscV_AE350_SOC' has no destination
WARN  (PA1001) : Dangling net 'APB_PADDR[30]'(source:'u_AE350_SOC') in module 'RiscV_AE350_SOC' has no destination
WARN  (PA1001) : Dangling net 'APB_PADDR[31]'(source:'u_AE350_SOC') in module 'RiscV_AE350_SOC' has no destination
WARN  (PA1001) : Dangling net 'u_AE350_SOC_218_APB_PENABLE'(source:'u_AE350_SOC') in module 'RiscV_AE350_SOC' has no destination
WARN  (PA1001) : Dangling net 'u_AE350_SOC_218_APB_PSEL'(source:'u_AE350_SOC') in module 'RiscV_AE350_SOC' has no destination
WARN  (PA1001) : Dangling net 'APB_PWDATA[0]'(source:'u_AE350_SOC') in module 'RiscV_AE350_SOC' has no destination
WARN  (PA1001) : Dangling net 'APB_PWDATA[1]'(source:'u_AE350_SOC') in module 'RiscV_AE350_SOC' has no destination
WARN  (PA1001) : Dangling net 'APB_PWDATA[2]'(source:'u_AE350_SOC') in module 'RiscV_AE350_SOC' has no destination
WARN  (PA1001) : Dangling net 'APB_PWDATA[3]'(source:'u_AE350_SOC') in module 'RiscV_AE350_SOC' has no destination
WARN  (PA1001) : Dangling net 'APB_PWDATA[4]'(source:'u_AE350_SOC') in module 'RiscV_AE350_SOC' has no destination
WARN  (PA1001) : Dangling net 'APB_PWDATA[5]'(source:'u_AE350_SOC') in module 'RiscV_AE350_SOC' has no destination
WARN  (PA1001) : Dangling net 'APB_PWDATA[6]'(source:'u_AE350_SOC') in module 'RiscV_AE350_SOC' has no destination
WARN  (PA1001) : Dangling net 'APB_PWDATA[7]'(source:'u_AE350_SOC') in module 'RiscV_AE350_SOC' has no destination
WARN  (PA1001) : Dangling net 'APB_PWDATA[8]'(source:'u_AE350_SOC') in module 'RiscV_AE350_SOC' has no destination
WARN  (PA1001) : Dangling net 'APB_PWDATA[9]'(source:'u_AE350_SOC') in module 'RiscV_AE350_SOC' has no destination
WARN  (PA1001) : Dangling net 'APB_PWDATA[10]'(source:'u_AE350_SOC') in module 'RiscV_AE350_SOC' has no destination
WARN  (PA1001) : Dangling net 'APB_PWDATA[11]'(source:'u_AE350_SOC') in module 'RiscV_AE350_SOC' has no destination
WARN  (PA1001) : Dangling net 'APB_PWDATA[12]'(source:'u_AE350_SOC') in module 'RiscV_AE350_SOC' has no destination
WARN  (PA1001) : Dangling net 'APB_PWDATA[13]'(source:'u_AE350_SOC') in module 'RiscV_AE350_SOC' has no destination
WARN  (PA1001) : Dangling net 'APB_PWDATA[14]'(source:'u_AE350_SOC') in module 'RiscV_AE350_SOC' has no destination
WARN  (PA1001) : Dangling net 'APB_PWDATA[15]'(source:'u_AE350_SOC') in module 'RiscV_AE350_SOC' has no destination
WARN  (PA1001) : Dangling net 'APB_PWDATA[16]'(source:'u_AE350_SOC') in module 'RiscV_AE350_SOC' has no destination
WARN  (PA1001) : Dangling net 'APB_PWDATA[17]'(source:'u_AE350_SOC') in module 'RiscV_AE350_SOC' has no destination
WARN  (PA1001) : Dangling net 'APB_PWDATA[18]'(source:'u_AE350_SOC') in module 'RiscV_AE350_SOC' has no destination
WARN  (PA1001) : Dangling net 'APB_PWDATA[19]'(source:'u_AE350_SOC') in module 'RiscV_AE350_SOC' has no destination
WARN  (PA1001) : Dangling net 'APB_PWDATA[20]'(source:'u_AE350_SOC') in module 'RiscV_AE350_SOC' has no destination
WARN  (PA1001) : Dangling net 'APB_PWDATA[21]'(source:'u_AE350_SOC') in module 'RiscV_AE350_SOC' has no destination
WARN  (PA1001) : Dangling net 'APB_PWDATA[22]'(source:'u_AE350_SOC') in module 'RiscV_AE350_SOC' has no destination
WARN  (PA1001) : Dangling net 'APB_PWDATA[23]'(source:'u_AE350_SOC') in module 'RiscV_AE350_SOC' has no destination
WARN  (PA1001) : Dangling net 'APB_PWDATA[24]'(source:'u_AE350_SOC') in module 'RiscV_AE350_SOC' has no destination
WARN  (PA1001) : Dangling net 'APB_PWDATA[25]'(source:'u_AE350_SOC') in module 'RiscV_AE350_SOC' has no destination
WARN  (PA1001) : Dangling net 'APB_PWDATA[26]'(source:'u_AE350_SOC') in module 'RiscV_AE350_SOC' has no destination
WARN  (PA1001) : Dangling net 'APB_PWDATA[27]'(source:'u_AE350_SOC') in module 'RiscV_AE350_SOC' has no destination
WARN  (PA1001) : Dangling net 'APB_PWDATA[28]'(source:'u_AE350_SOC') in module 'RiscV_AE350_SOC' has no destination
WARN  (PA1001) : Dangling net 'APB_PWDATA[29]'(source:'u_AE350_SOC') in module 'RiscV_AE350_SOC' has no destination
WARN  (PA1001) : Dangling net 'APB_PWDATA[30]'(source:'u_AE350_SOC') in module 'RiscV_AE350_SOC' has no destination
WARN  (PA1001) : Dangling net 'APB_PWDATA[31]'(source:'u_AE350_SOC') in module 'RiscV_AE350_SOC' has no destination
WARN  (PA1001) : Dangling net 'u_AE350_SOC_218_APB_PWRITE'(source:'u_AE350_SOC') in module 'RiscV_AE350_SOC' has no destination
WARN  (PA1001) : Dangling net 'APB_PPROT[0]'(source:'u_AE350_SOC') in module 'RiscV_AE350_SOC' has no destination
WARN  (PA1001) : Dangling net 'APB_PPROT[1]'(source:'u_AE350_SOC') in module 'RiscV_AE350_SOC' has no destination
WARN  (PA1001) : Dangling net 'APB_PPROT[2]'(source:'u_AE350_SOC') in module 'RiscV_AE350_SOC' has no destination
WARN  (PA1001) : Dangling net 'APB_PSTRB[0]'(source:'u_AE350_SOC') in module 'RiscV_AE350_SOC' has no destination
WARN  (PA1001) : Dangling net 'APB_PSTRB[1]'(source:'u_AE350_SOC') in module 'RiscV_AE350_SOC' has no destination
WARN  (PA1001) : Dangling net 'APB_PSTRB[2]'(source:'u_AE350_SOC') in module 'RiscV_AE350_SOC' has no destination
WARN  (PA1001) : Dangling net 'APB_PSTRB[3]'(source:'u_AE350_SOC') in module 'RiscV_AE350_SOC' has no destination
WARN  (PA1001) : Dangling net 'EXTS_HADDR[0]'(source:'u_AE350_SOC') in module 'RiscV_AE350_SOC' has no destination
WARN  (PA1001) : Dangling net 'EXTS_HADDR[1]'(source:'u_AE350_SOC') in module 'RiscV_AE350_SOC' has no destination
WARN  (PA1001) : Dangling net 'EXTS_HADDR[2]'(source:'u_AE350_SOC') in module 'RiscV_AE350_SOC' has no destination
WARN  (PA1001) : Dangling net 'EXTS_HADDR[3]'(source:'u_AE350_SOC') in module 'RiscV_AE350_SOC' has no destination
WARN  (PA1001) : Dangling net 'EXTS_HADDR[4]'(source:'u_AE350_SOC') in module 'RiscV_AE350_SOC' has no destination
WARN  (PA1001) : Dangling net 'EXTS_HADDR[5]'(source:'u_AE350_SOC') in module 'RiscV_AE350_SOC' has no destination
WARN  (PA1001) : Dangling net 'EXTS_HADDR[6]'(source:'u_AE350_SOC') in module 'RiscV_AE350_SOC' has no destination
WARN  (PA1001) : Dangling net 'EXTS_HADDR[7]'(source:'u_AE350_SOC') in module 'RiscV_AE350_SOC' has no destination
WARN  (PA1001) : Dangling net 'EXTS_HADDR[8]'(source:'u_AE350_SOC') in module 'RiscV_AE350_SOC' has no destination
WARN  (PA1001) : Dangling net 'EXTS_HADDR[9]'(source:'u_AE350_SOC') in module 'RiscV_AE350_SOC' has no destination
WARN  (PA1001) : Dangling net 'EXTS_HADDR[10]'(source:'u_AE350_SOC') in module 'RiscV_AE350_SOC' has no destination
WARN  (PA1001) : Dangling net 'EXTS_HADDR[11]'(source:'u_AE350_SOC') in module 'RiscV_AE350_SOC' has no destination
WARN  (PA1001) : Dangling net 'EXTS_HADDR[12]'(source:'u_AE350_SOC') in module 'RiscV_AE350_SOC' has no destination
WARN  (PA1001) : Dangling net 'EXTS_HADDR[13]'(source:'u_AE350_SOC') in module 'RiscV_AE350_SOC' has no destination
WARN  (PA1001) : Dangling net 'EXTS_HADDR[14]'(source:'u_AE350_SOC') in module 'RiscV_AE350_SOC' has no destination
WARN  (PA1001) : Dangling net 'EXTS_HADDR[15]'(source:'u_AE350_SOC') in module 'RiscV_AE350_SOC' has no destination
WARN  (PA1001) : Dangling net 'EXTS_HADDR[16]'(source:'u_AE350_SOC') in module 'RiscV_AE350_SOC' has no destination
WARN  (PA1001) : Dangling net 'EXTS_HADDR[17]'(source:'u_AE350_SOC') in module 'RiscV_AE350_SOC' has no destination
WARN  (PA1001) : Dangling net 'EXTS_HADDR[18]'(source:'u_AE350_SOC') in module 'RiscV_AE350_SOC' has no destination
WARN  (PA1001) : Dangling net 'EXTS_HADDR[19]'(source:'u_AE350_SOC') in module 'RiscV_AE350_SOC' has no destination
WARN  (PA1001) : Dangling net 'EXTS_HADDR[20]'(source:'u_AE350_SOC') in module 'RiscV_AE350_SOC' has no destination
WARN  (PA1001) : Dangling net 'EXTS_HADDR[21]'(source:'u_AE350_SOC') in module 'RiscV_AE350_SOC' has no destination
WARN  (PA1001) : Dangling net 'EXTS_HADDR[22]'(source:'u_AE350_SOC') in module 'RiscV_AE350_SOC' has no destination
WARN  (PA1001) : Dangling net 'EXTS_HADDR[23]'(source:'u_AE350_SOC') in module 'RiscV_AE350_SOC' has no destination
WARN  (PA1001) : Dangling net 'EXTS_HADDR[24]'(source:'u_AE350_SOC') in module 'RiscV_AE350_SOC' has no destination
WARN  (PA1001) : Dangling net 'EXTS_HADDR[25]'(source:'u_AE350_SOC') in module 'RiscV_AE350_SOC' has no destination
WARN  (PA1001) : Dangling net 'EXTS_HADDR[26]'(source:'u_AE350_SOC') in module 'RiscV_AE350_SOC' has no destination
WARN  (PA1001) : Dangling net 'EXTS_HADDR[27]'(source:'u_AE350_SOC') in module 'RiscV_AE350_SOC' has no destination
WARN  (PA1001) : Dangling net 'EXTS_HADDR[28]'(source:'u_AE350_SOC') in module 'RiscV_AE350_SOC' has no destination
WARN  (PA1001) : Dangling net 'EXTS_HADDR[29]'(source:'u_AE350_SOC') in module 'RiscV_AE350_SOC' has no destination
WARN  (PA1001) : Dangling net 'EXTS_HADDR[30]'(source:'u_AE350_SOC') in module 'RiscV_AE350_SOC' has no destination
WARN  (PA1001) : Dangling net 'EXTS_HADDR[31]'(source:'u_AE350_SOC') in module 'RiscV_AE350_SOC' has no destination
WARN  (PA1001) : Dangling net 'EXTS_HBURST[0]'(source:'u_AE350_SOC') in module 'RiscV_AE350_SOC' has no destination
WARN  (PA1001) : Dangling net 'EXTS_HBURST[1]'(source:'u_AE350_SOC') in module 'RiscV_AE350_SOC' has no destination
WARN  (PA1001) : Dangling net 'EXTS_HBURST[2]'(source:'u_AE350_SOC') in module 'RiscV_AE350_SOC' has no destination
WARN  (PA1001) : Dangling net 'EXTS_HPROT[0]'(source:'u_AE350_SOC') in module 'RiscV_AE350_SOC' has no destination
WARN  (PA1001) : Dangling net 'EXTS_HPROT[1]'(source:'u_AE350_SOC') in module 'RiscV_AE350_SOC' has no destination
WARN  (PA1001) : Dangling net 'EXTS_HPROT[2]'(source:'u_AE350_SOC') in module 'RiscV_AE350_SOC' has no destination
WARN  (PA1001) : Dangling net 'EXTS_HPROT[3]'(source:'u_AE350_SOC') in module 'RiscV_AE350_SOC' has no destination
WARN  (PA1001) : Dangling net 'u_AE350_SOC_218_EXTS_HSEL'(source:'u_AE350_SOC') in module 'RiscV_AE350_SOC' has no destination
WARN  (PA1001) : Dangling net 'EXTS_HSIZE[0]'(source:'u_AE350_SOC') in module 'RiscV_AE350_SOC' has no destination
WARN  (PA1001) : Dangling net 'EXTS_HSIZE[1]'(source:'u_AE350_SOC') in module 'RiscV_AE350_SOC' has no destination
WARN  (PA1001) : Dangling net 'EXTS_HSIZE[2]'(source:'u_AE350_SOC') in module 'RiscV_AE350_SOC' has no destination
WARN  (PA1001) : Dangling net 'EXTS_HTRANS[0]'(source:'u_AE350_SOC') in module 'RiscV_AE350_SOC' has no destination
WARN  (PA1001) : Dangling net 'EXTS_HTRANS[1]'(source:'u_AE350_SOC') in module 'RiscV_AE350_SOC' has no destination
WARN  (PA1001) : Dangling net 'EXTS_HWDATA[0]'(source:'u_AE350_SOC') in module 'RiscV_AE350_SOC' has no destination
WARN  (PA1001) : Dangling net 'EXTS_HWDATA[1]'(source:'u_AE350_SOC') in module 'RiscV_AE350_SOC' has no destination
WARN  (PA1001) : Dangling net 'EXTS_HWDATA[2]'(source:'u_AE350_SOC') in module 'RiscV_AE350_SOC' has no destination
WARN  (PA1001) : Dangling net 'EXTS_HWDATA[3]'(source:'u_AE350_SOC') in module 'RiscV_AE350_SOC' has no destination
WARN  (PA1001) : Dangling net 'EXTS_HWDATA[4]'(source:'u_AE350_SOC') in module 'RiscV_AE350_SOC' has no destination
WARN  (PA1001) : Dangling net 'EXTS_HWDATA[5]'(source:'u_AE350_SOC') in module 'RiscV_AE350_SOC' has no destination
WARN  (PA1001) : Dangling net 'EXTS_HWDATA[6]'(source:'u_AE350_SOC') in module 'RiscV_AE350_SOC' has no destination
WARN  (PA1001) : Dangling net 'EXTS_HWDATA[7]'(source:'u_AE350_SOC') in module 'RiscV_AE350_SOC' has no destination
WARN  (PA1001) : Dangling net 'EXTS_HWDATA[8]'(source:'u_AE350_SOC') in module 'RiscV_AE350_SOC' has no destination
WARN  (PA1001) : Dangling net 'EXTS_HWDATA[9]'(source:'u_AE350_SOC') in module 'RiscV_AE350_SOC' has no destination
WARN  (PA1001) : Dangling net 'EXTS_HWDATA[10]'(source:'u_AE350_SOC') in module 'RiscV_AE350_SOC' has no destination
WARN  (PA1001) : Dangling net 'EXTS_HWDATA[11]'(source:'u_AE350_SOC') in module 'RiscV_AE350_SOC' has no destination
WARN  (PA1001) : Dangling net 'EXTS_HWDATA[12]'(source:'u_AE350_SOC') in module 'RiscV_AE350_SOC' has no destination
WARN  (PA1001) : Dangling net 'EXTS_HWDATA[13]'(source:'u_AE350_SOC') in module 'RiscV_AE350_SOC' has no destination
WARN  (PA1001) : Dangling net 'EXTS_HWDATA[14]'(source:'u_AE350_SOC') in module 'RiscV_AE350_SOC' has no destination
WARN  (PA1001) : Dangling net 'EXTS_HWDATA[15]'(source:'u_AE350_SOC') in module 'RiscV_AE350_SOC' has no destination
WARN  (PA1001) : Dangling net 'EXTS_HWDATA[16]'(source:'u_AE350_SOC') in module 'RiscV_AE350_SOC' has no destination
WARN  (PA1001) : Dangling net 'EXTS_HWDATA[17]'(source:'u_AE350_SOC') in module 'RiscV_AE350_SOC' has no destination
WARN  (PA1001) : Dangling net 'EXTS_HWDATA[18]'(source:'u_AE350_SOC') in module 'RiscV_AE350_SOC' has no destination
WARN  (PA1001) : Dangling net 'EXTS_HWDATA[19]'(source:'u_AE350_SOC') in module 'RiscV_AE350_SOC' has no destination
WARN  (PA1001) : Dangling net 'EXTS_HWDATA[20]'(source:'u_AE350_SOC') in module 'RiscV_AE350_SOC' has no destination
WARN  (PA1001) : Dangling net 'EXTS_HWDATA[21]'(source:'u_AE350_SOC') in module 'RiscV_AE350_SOC' has no destination
WARN  (PA1001) : Dangling net 'EXTS_HWDATA[22]'(source:'u_AE350_SOC') in module 'RiscV_AE350_SOC' has no destination
WARN  (PA1001) : Dangling net 'EXTS_HWDATA[23]'(source:'u_AE350_SOC') in module 'RiscV_AE350_SOC' has no destination
WARN  (PA1001) : Dangling net 'EXTS_HWDATA[24]'(source:'u_AE350_SOC') in module 'RiscV_AE350_SOC' has no destination
WARN  (PA1001) : Dangling net 'EXTS_HWDATA[25]'(source:'u_AE350_SOC') in module 'RiscV_AE350_SOC' has no destination
WARN  (PA1001) : Dangling net 'EXTS_HWDATA[26]'(source:'u_AE350_SOC') in module 'RiscV_AE350_SOC' has no destination
WARN  (PA1001) : Dangling net 'EXTS_HWDATA[27]'(source:'u_AE350_SOC') in module 'RiscV_AE350_SOC' has no destination
WARN  (PA1001) : Dangling net 'EXTS_HWDATA[28]'(source:'u_AE350_SOC') in module 'RiscV_AE350_SOC' has no destination
WARN  (PA1001) : Dangling net 'EXTS_HWDATA[29]'(source:'u_AE350_SOC') in module 'RiscV_AE350_SOC' has no destination
WARN  (PA1001) : Dangling net 'EXTS_HWDATA[30]'(source:'u_AE350_SOC') in module 'RiscV_AE350_SOC' has no destination
WARN  (PA1001) : Dangling net 'EXTS_HWDATA[31]'(source:'u_AE350_SOC') in module 'RiscV_AE350_SOC' has no destination
WARN  (PA1001) : Dangling net 'u_AE350_SOC_218_EXTS_HWRITE'(source:'u_AE350_SOC') in module 'RiscV_AE350_SOC' has no destination
WARN  (PA1001) : Dangling net 'EXTM_HRDATA[0]'(source:'u_AE350_SOC') in module 'RiscV_AE350_SOC' has no destination
WARN  (PA1001) : Dangling net 'EXTM_HRDATA[1]'(source:'u_AE350_SOC') in module 'RiscV_AE350_SOC' has no destination
WARN  (PA1001) : Dangling net 'EXTM_HRDATA[2]'(source:'u_AE350_SOC') in module 'RiscV_AE350_SOC' has no destination
WARN  (PA1001) : Dangling net 'EXTM_HRDATA[3]'(source:'u_AE350_SOC') in module 'RiscV_AE350_SOC' has no destination
WARN  (PA1001) : Dangling net 'EXTM_HRDATA[4]'(source:'u_AE350_SOC') in module 'RiscV_AE350_SOC' has no destination
WARN  (PA1001) : Dangling net 'EXTM_HRDATA[5]'(source:'u_AE350_SOC') in module 'RiscV_AE350_SOC' has no destination
WARN  (PA1001) : Dangling net 'EXTM_HRDATA[6]'(source:'u_AE350_SOC') in module 'RiscV_AE350_SOC' has no destination
WARN  (PA1001) : Dangling net 'EXTM_HRDATA[7]'(source:'u_AE350_SOC') in module 'RiscV_AE350_SOC' has no destination
WARN  (PA1001) : Dangling net 'EXTM_HRDATA[8]'(source:'u_AE350_SOC') in module 'RiscV_AE350_SOC' has no destination
WARN  (PA1001) : Dangling net 'EXTM_HRDATA[9]'(source:'u_AE350_SOC') in module 'RiscV_AE350_SOC' has no destination
WARN  (PA1001) : Dangling net 'EXTM_HRDATA[10]'(source:'u_AE350_SOC') in module 'RiscV_AE350_SOC' has no destination
WARN  (PA1001) : Dangling net 'EXTM_HRDATA[11]'(source:'u_AE350_SOC') in module 'RiscV_AE350_SOC' has no destination
WARN  (PA1001) : Dangling net 'EXTM_HRDATA[12]'(source:'u_AE350_SOC') in module 'RiscV_AE350_SOC' has no destination
WARN  (PA1001) : Dangling net 'EXTM_HRDATA[13]'(source:'u_AE350_SOC') in module 'RiscV_AE350_SOC' has no destination
WARN  (PA1001) : Dangling net 'EXTM_HRDATA[14]'(source:'u_AE350_SOC') in module 'RiscV_AE350_SOC' has no destination
WARN  (PA1001) : Dangling net 'EXTM_HRDATA[15]'(source:'u_AE350_SOC') in module 'RiscV_AE350_SOC' has no destination
WARN  (PA1001) : Dangling net 'EXTM_HRDATA[16]'(source:'u_AE350_SOC') in module 'RiscV_AE350_SOC' has no destination
WARN  (PA1001) : Dangling net 'EXTM_HRDATA[17]'(source:'u_AE350_SOC') in module 'RiscV_AE350_SOC' has no destination
WARN  (PA1001) : Dangling net 'EXTM_HRDATA[18]'(source:'u_AE350_SOC') in module 'RiscV_AE350_SOC' has no destination
WARN  (PA1001) : Dangling net 'EXTM_HRDATA[19]'(source:'u_AE350_SOC') in module 'RiscV_AE350_SOC' has no destination
WARN  (PA1001) : Dangling net 'EXTM_HRDATA[20]'(source:'u_AE350_SOC') in module 'RiscV_AE350_SOC' has no destination
WARN  (PA1001) : Dangling net 'EXTM_HRDATA[21]'(source:'u_AE350_SOC') in module 'RiscV_AE350_SOC' has no destination
WARN  (PA1001) : Dangling net 'EXTM_HRDATA[22]'(source:'u_AE350_SOC') in module 'RiscV_AE350_SOC' has no destination
WARN  (PA1001) : Dangling net 'EXTM_HRDATA[23]'(source:'u_AE350_SOC') in module 'RiscV_AE350_SOC' has no destination
WARN  (PA1001) : Dangling net 'EXTM_HRDATA[24]'(source:'u_AE350_SOC') in module 'RiscV_AE350_SOC' has no destination
WARN  (PA1001) : Dangling net 'EXTM_HRDATA[25]'(source:'u_AE350_SOC') in module 'RiscV_AE350_SOC' has no destination
WARN  (PA1001) : Dangling net 'EXTM_HRDATA[26]'(source:'u_AE350_SOC') in module 'RiscV_AE350_SOC' has no destination
WARN  (PA1001) : Dangling net 'EXTM_HRDATA[27]'(source:'u_AE350_SOC') in module 'RiscV_AE350_SOC' has no destination
WARN  (PA1001) : Dangling net 'EXTM_HRDATA[28]'(source:'u_AE350_SOC') in module 'RiscV_AE350_SOC' has no destination
WARN  (PA1001) : Dangling net 'EXTM_HRDATA[29]'(source:'u_AE350_SOC') in module 'RiscV_AE350_SOC' has no destination
WARN  (PA1001) : Dangling net 'EXTM_HRDATA[30]'(source:'u_AE350_SOC') in module 'RiscV_AE350_SOC' has no destination
WARN  (PA1001) : Dangling net 'EXTM_HRDATA[31]'(source:'u_AE350_SOC') in module 'RiscV_AE350_SOC' has no destination
WARN  (PA1001) : Dangling net 'EXTM_HRDATA[32]'(source:'u_AE350_SOC') in module 'RiscV_AE350_SOC' has no destination
WARN  (PA1001) : Dangling net 'EXTM_HRDATA[33]'(source:'u_AE350_SOC') in module 'RiscV_AE350_SOC' has no destination
WARN  (PA1001) : Dangling net 'EXTM_HRDATA[34]'(source:'u_AE350_SOC') in module 'RiscV_AE350_SOC' has no destination
WARN  (PA1001) : Dangling net 'EXTM_HRDATA[35]'(source:'u_AE350_SOC') in module 'RiscV_AE350_SOC' has no destination
WARN  (PA1001) : Dangling net 'EXTM_HRDATA[36]'(source:'u_AE350_SOC') in module 'RiscV_AE350_SOC' has no destination
WARN  (PA1001) : Dangling net 'EXTM_HRDATA[37]'(source:'u_AE350_SOC') in module 'RiscV_AE350_SOC' has no destination
WARN  (PA1001) : Dangling net 'EXTM_HRDATA[38]'(source:'u_AE350_SOC') in module 'RiscV_AE350_SOC' has no destination
WARN  (PA1001) : Dangling net 'EXTM_HRDATA[39]'(source:'u_AE350_SOC') in module 'RiscV_AE350_SOC' has no destination
WARN  (PA1001) : Dangling net 'EXTM_HRDATA[40]'(source:'u_AE350_SOC') in module 'RiscV_AE350_SOC' has no destination
WARN  (PA1001) : Dangling net 'EXTM_HRDATA[41]'(source:'u_AE350_SOC') in module 'RiscV_AE350_SOC' has no destination
WARN  (PA1001) : Dangling net 'EXTM_HRDATA[42]'(source:'u_AE350_SOC') in module 'RiscV_AE350_SOC' has no destination
WARN  (PA1001) : Dangling net 'EXTM_HRDATA[43]'(source:'u_AE350_SOC') in module 'RiscV_AE350_SOC' has no destination
WARN  (PA1001) : Dangling net 'EXTM_HRDATA[44]'(source:'u_AE350_SOC') in module 'RiscV_AE350_SOC' has no destination
WARN  (PA1001) : Dangling net 'EXTM_HRDATA[45]'(source:'u_AE350_SOC') in module 'RiscV_AE350_SOC' has no destination
WARN  (PA1001) : Dangling net 'EXTM_HRDATA[46]'(source:'u_AE350_SOC') in module 'RiscV_AE350_SOC' has no destination
WARN  (PA1001) : Dangling net 'EXTM_HRDATA[47]'(source:'u_AE350_SOC') in module 'RiscV_AE350_SOC' has no destination
WARN  (PA1001) : Dangling net 'EXTM_HRDATA[48]'(source:'u_AE350_SOC') in module 'RiscV_AE350_SOC' has no destination
WARN  (PA1001) : Dangling net 'EXTM_HRDATA[49]'(source:'u_AE350_SOC') in module 'RiscV_AE350_SOC' has no destination
WARN  (PA1001) : Dangling net 'EXTM_HRDATA[50]'(source:'u_AE350_SOC') in module 'RiscV_AE350_SOC' has no destination
WARN  (PA1001) : Dangling net 'EXTM_HRDATA[51]'(source:'u_AE350_SOC') in module 'RiscV_AE350_SOC' has no destination
WARN  (PA1001) : Dangling net 'EXTM_HRDATA[52]'(source:'u_AE350_SOC') in module 'RiscV_AE350_SOC' has no destination
WARN  (PA1001) : Dangling net 'EXTM_HRDATA[53]'(source:'u_AE350_SOC') in module 'RiscV_AE350_SOC' has no destination
WARN  (PA1001) : Dangling net 'EXTM_HRDATA[54]'(source:'u_AE350_SOC') in module 'RiscV_AE350_SOC' has no destination
WARN  (PA1001) : Dangling net 'EXTM_HRDATA[55]'(source:'u_AE350_SOC') in module 'RiscV_AE350_SOC' has no destination
WARN  (PA1001) : Dangling net 'EXTM_HRDATA[56]'(source:'u_AE350_SOC') in module 'RiscV_AE350_SOC' has no destination
WARN  (PA1001) : Dangling net 'EXTM_HRDATA[57]'(source:'u_AE350_SOC') in module 'RiscV_AE350_SOC' has no destination
WARN  (PA1001) : Dangling net 'EXTM_HRDATA[58]'(source:'u_AE350_SOC') in module 'RiscV_AE350_SOC' has no destination
WARN  (PA1001) : Dangling net 'EXTM_HRDATA[59]'(source:'u_AE350_SOC') in module 'RiscV_AE350_SOC' has no destination
WARN  (PA1001) : Dangling net 'EXTM_HRDATA[60]'(source:'u_AE350_SOC') in module 'RiscV_AE350_SOC' has no destination
WARN  (PA1001) : Dangling net 'EXTM_HRDATA[61]'(source:'u_AE350_SOC') in module 'RiscV_AE350_SOC' has no destination
WARN  (PA1001) : Dangling net 'EXTM_HRDATA[62]'(source:'u_AE350_SOC') in module 'RiscV_AE350_SOC' has no destination
WARN  (PA1001) : Dangling net 'EXTM_HRDATA[63]'(source:'u_AE350_SOC') in module 'RiscV_AE350_SOC' has no destination
WARN  (PA1001) : Dangling net 'u_AE350_SOC_218_EXTM_HREADYOUT'(source:'u_AE350_SOC') in module 'RiscV_AE350_SOC' has no destination
WARN  (PA1001) : Dangling net 'u_AE350_SOC_218_EXTM_HRESP'(source:'u_AE350_SOC') in module 'RiscV_AE350_SOC' has no destination
WARN  (PA1001) : Dangling net 'DDR_HBURST[0]'(source:'u_AE350_SOC') in module 'RiscV_AE350_SOC' has no destination
WARN  (PA1001) : Dangling net 'DDR_HBURST[1]'(source:'u_AE350_SOC') in module 'RiscV_AE350_SOC' has no destination
WARN  (PA1001) : Dangling net 'DDR_HBURST[2]'(source:'u_AE350_SOC') in module 'RiscV_AE350_SOC' has no destination
WARN  (PA1001) : Dangling net 'DDR_HPROT[0]'(source:'u_AE350_SOC') in module 'RiscV_AE350_SOC' has no destination
WARN  (PA1001) : Dangling net 'DDR_HPROT[1]'(source:'u_AE350_SOC') in module 'RiscV_AE350_SOC' has no destination
WARN  (PA1001) : Dangling net 'DDR_HPROT[2]'(source:'u_AE350_SOC') in module 'RiscV_AE350_SOC' has no destination
WARN  (PA1001) : Dangling net 'DDR_HPROT[3]'(source:'u_AE350_SOC') in module 'RiscV_AE350_SOC' has no destination
WARN  (PA1001) : Dangling net 'DDR_HTRANS_0[0]'(source:'u_AE350_SOC') in module 'RiscV_AE350_SOC' has no destination
WARN  (PA1001) : Dangling net 'TDO_OE'(source:'u_AE350_SOC') in module 'RiscV_AE350_SOC' has no destination
WARN  (PA1001) : Dangling net 'u_AE350_SOC_218_SPI2_HOLDN_OUT'(source:'u_AE350_SOC') in module 'RiscV_AE350_SOC' has no destination
WARN  (PA1001) : Dangling net 'u_AE350_SOC_218_SPI2_HOLDN_OE'(source:'u_AE350_SOC') in module 'RiscV_AE350_SOC' has no destination
WARN  (PA1001) : Dangling net 'u_AE350_SOC_218_SPI2_WPN_OUT'(source:'u_AE350_SOC') in module 'RiscV_AE350_SOC' has no destination
WARN  (PA1001) : Dangling net 'u_AE350_SOC_218_SPI2_WPN_OE'(source:'u_AE350_SOC') in module 'RiscV_AE350_SOC' has no destination
WARN  (PA1001) : Dangling net 'u_AE350_SOC_218_SPI2_CLK_OUT'(source:'u_AE350_SOC') in module 'RiscV_AE350_SOC' has no destination
WARN  (PA1001) : Dangling net 'u_AE350_SOC_218_SPI2_CLK_OE'(source:'u_AE350_SOC') in module 'RiscV_AE350_SOC' has no destination
WARN  (PA1001) : Dangling net 'u_AE350_SOC_218_SPI2_CSN_OUT'(source:'u_AE350_SOC') in module 'RiscV_AE350_SOC' has no destination
WARN  (PA1001) : Dangling net 'u_AE350_SOC_218_SPI2_CSN_OE'(source:'u_AE350_SOC') in module 'RiscV_AE350_SOC' has no destination
WARN  (PA1001) : Dangling net 'u_AE350_SOC_218_SPI2_MISO_OUT'(source:'u_AE350_SOC') in module 'RiscV_AE350_SOC' has no destination
WARN  (PA1001) : Dangling net 'u_AE350_SOC_218_SPI2_MISO_OE'(source:'u_AE350_SOC') in module 'RiscV_AE350_SOC' has no destination
WARN  (PA1001) : Dangling net 'u_AE350_SOC_218_SPI2_MOSI_OUT'(source:'u_AE350_SOC') in module 'RiscV_AE350_SOC' has no destination
WARN  (PA1001) : Dangling net 'u_AE350_SOC_218_SPI2_MOSI_OE'(source:'u_AE350_SOC') in module 'RiscV_AE350_SOC' has no destination
WARN  (PA1001) : Dangling net 'u_AE350_SOC_218_I2C_SCL'(source:'u_AE350_SOC') in module 'RiscV_AE350_SOC' has no destination
WARN  (PA1001) : Dangling net 'u_AE350_SOC_218_I2C_SDA'(source:'u_AE350_SOC') in module 'RiscV_AE350_SOC' has no destination
WARN  (PA1001) : Dangling net 'u_AE350_SOC_218_UART1_TXD'(source:'u_AE350_SOC') in module 'RiscV_AE350_SOC' has no destination
WARN  (PA1001) : Dangling net 'u_AE350_SOC_218_UART1_RTSN'(source:'u_AE350_SOC') in module 'RiscV_AE350_SOC' has no destination
WARN  (PA1001) : Dangling net 'u_AE350_SOC_218_UART1_DTRN'(source:'u_AE350_SOC') in module 'RiscV_AE350_SOC' has no destination
WARN  (PA1001) : Dangling net 'u_AE350_SOC_218_UART1_OUT1N'(source:'u_AE350_SOC') in module 'RiscV_AE350_SOC' has no destination
WARN  (PA1001) : Dangling net 'u_AE350_SOC_218_UART1_OUT2N'(source:'u_AE350_SOC') in module 'RiscV_AE350_SOC' has no destination
WARN  (PA1001) : Dangling net 'UART2_RTSN'(source:'u_AE350_SOC') in module 'RiscV_AE350_SOC' has no destination
WARN  (PA1001) : Dangling net 'UART2_DTRN'(source:'u_AE350_SOC') in module 'RiscV_AE350_SOC' has no destination
WARN  (PA1001) : Dangling net 'UART2_OUT1N'(source:'u_AE350_SOC') in module 'RiscV_AE350_SOC' has no destination
WARN  (PA1001) : Dangling net 'UART2_OUT2N'(source:'u_AE350_SOC') in module 'RiscV_AE350_SOC' has no destination
WARN  (PA1001) : Dangling net 'u_AE350_SOC_218_CH0_PWM'(source:'u_AE350_SOC') in module 'RiscV_AE350_SOC' has no destination
WARN  (PA1001) : Dangling net 'u_AE350_SOC_218_CH0_PWMOE'(source:'u_AE350_SOC') in module 'RiscV_AE350_SOC' has no destination
WARN  (PA1001) : Dangling net 'u_AE350_SOC_218_CH1_PWM'(source:'u_AE350_SOC') in module 'RiscV_AE350_SOC' has no destination
WARN  (PA1001) : Dangling net 'u_AE350_SOC_218_CH1_PWMOE'(source:'u_AE350_SOC') in module 'RiscV_AE350_SOC' has no destination
WARN  (PA1001) : Dangling net 'u_AE350_SOC_218_CH2_PWM'(source:'u_AE350_SOC') in module 'RiscV_AE350_SOC' has no destination
WARN  (PA1001) : Dangling net 'u_AE350_SOC_218_CH2_PWMOE'(source:'u_AE350_SOC') in module 'RiscV_AE350_SOC' has no destination
WARN  (PA1001) : Dangling net 'u_AE350_SOC_218_CH3_PWM'(source:'u_AE350_SOC') in module 'RiscV_AE350_SOC' has no destination
WARN  (PA1001) : Dangling net 'u_AE350_SOC_218_CH3_PWMOE'(source:'u_AE350_SOC') in module 'RiscV_AE350_SOC' has no destination
WARN  (PA1001) : Dangling net 'GPIO_OE_0[6]'(source:'u_AE350_SOC') in module 'RiscV_AE350_SOC' has no destination
WARN  (PA1001) : Dangling net 'GPIO_OE_0[7]'(source:'u_AE350_SOC') in module 'RiscV_AE350_SOC' has no destination
WARN  (PA1001) : Dangling net 'GPIO_OE_0[8]'(source:'u_AE350_SOC') in module 'RiscV_AE350_SOC' has no destination
WARN  (PA1001) : Dangling net 'GPIO_OE_0[9]'(source:'u_AE350_SOC') in module 'RiscV_AE350_SOC' has no destination
WARN  (PA1001) : Dangling net 'GPIO_OE_0[10]'(source:'u_AE350_SOC') in module 'RiscV_AE350_SOC' has no destination
WARN  (PA1001) : Dangling net 'GPIO_OE_0[11]'(source:'u_AE350_SOC') in module 'RiscV_AE350_SOC' has no destination
WARN  (PA1001) : Dangling net 'GPIO_OE_0[12]'(source:'u_AE350_SOC') in module 'RiscV_AE350_SOC' has no destination
WARN  (PA1001) : Dangling net 'GPIO_OE_0[13]'(source:'u_AE350_SOC') in module 'RiscV_AE350_SOC' has no destination
WARN  (PA1001) : Dangling net 'GPIO_OE_0[14]'(source:'u_AE350_SOC') in module 'RiscV_AE350_SOC' has no destination
WARN  (PA1001) : Dangling net 'GPIO_OE_0[15]'(source:'u_AE350_SOC') in module 'RiscV_AE350_SOC' has no destination
WARN  (PA1001) : Dangling net 'GPIO_OE_0[16]'(source:'u_AE350_SOC') in module 'RiscV_AE350_SOC' has no destination
WARN  (PA1001) : Dangling net 'GPIO_OE_0[17]'(source:'u_AE350_SOC') in module 'RiscV_AE350_SOC' has no destination
WARN  (PA1001) : Dangling net 'GPIO_OE_0[18]'(source:'u_AE350_SOC') in module 'RiscV_AE350_SOC' has no destination
WARN  (PA1001) : Dangling net 'GPIO_OE_0[19]'(source:'u_AE350_SOC') in module 'RiscV_AE350_SOC' has no destination
WARN  (PA1001) : Dangling net 'GPIO_OE_0[20]'(source:'u_AE350_SOC') in module 'RiscV_AE350_SOC' has no destination
WARN  (PA1001) : Dangling net 'GPIO_OE_0[21]'(source:'u_AE350_SOC') in module 'RiscV_AE350_SOC' has no destination
WARN  (PA1001) : Dangling net 'GPIO_OE_0[22]'(source:'u_AE350_SOC') in module 'RiscV_AE350_SOC' has no destination
WARN  (PA1001) : Dangling net 'GPIO_OE_0[23]'(source:'u_AE350_SOC') in module 'RiscV_AE350_SOC' has no destination
WARN  (PA1001) : Dangling net 'GPIO_OE_0[24]'(source:'u_AE350_SOC') in module 'RiscV_AE350_SOC' has no destination
WARN  (PA1001) : Dangling net 'GPIO_OE_0[25]'(source:'u_AE350_SOC') in module 'RiscV_AE350_SOC' has no destination
WARN  (PA1001) : Dangling net 'GPIO_OE_0[26]'(source:'u_AE350_SOC') in module 'RiscV_AE350_SOC' has no destination
WARN  (PA1001) : Dangling net 'GPIO_OE_0[27]'(source:'u_AE350_SOC') in module 'RiscV_AE350_SOC' has no destination
WARN  (PA1001) : Dangling net 'GPIO_OE_0[28]'(source:'u_AE350_SOC') in module 'RiscV_AE350_SOC' has no destination
WARN  (PA1001) : Dangling net 'GPIO_OE_0[29]'(source:'u_AE350_SOC') in module 'RiscV_AE350_SOC' has no destination
WARN  (PA1001) : Dangling net 'GPIO_OE_0[30]'(source:'u_AE350_SOC') in module 'RiscV_AE350_SOC' has no destination
WARN  (PA1001) : Dangling net 'GPIO_OE_0[31]'(source:'u_AE350_SOC') in module 'RiscV_AE350_SOC' has no destination
WARN  (PA1001) : Dangling net 'GPIO_OUT_0[6]'(source:'u_AE350_SOC') in module 'RiscV_AE350_SOC' has no destination
WARN  (PA1001) : Dangling net 'GPIO_OUT_0[7]'(source:'u_AE350_SOC') in module 'RiscV_AE350_SOC' has no destination
WARN  (PA1001) : Dangling net 'GPIO_OUT_0[8]'(source:'u_AE350_SOC') in module 'RiscV_AE350_SOC' has no destination
WARN  (PA1001) : Dangling net 'GPIO_OUT_0[9]'(source:'u_AE350_SOC') in module 'RiscV_AE350_SOC' has no destination
WARN  (PA1001) : Dangling net 'GPIO_OUT_0[10]'(source:'u_AE350_SOC') in module 'RiscV_AE350_SOC' has no destination
WARN  (PA1001) : Dangling net 'GPIO_OUT_0[11]'(source:'u_AE350_SOC') in module 'RiscV_AE350_SOC' has no destination
WARN  (PA1001) : Dangling net 'GPIO_OUT_0[12]'(source:'u_AE350_SOC') in module 'RiscV_AE350_SOC' has no destination
WARN  (PA1001) : Dangling net 'GPIO_OUT_0[13]'(source:'u_AE350_SOC') in module 'RiscV_AE350_SOC' has no destination
WARN  (PA1001) : Dangling net 'GPIO_OUT_0[14]'(source:'u_AE350_SOC') in module 'RiscV_AE350_SOC' has no destination
WARN  (PA1001) : Dangling net 'GPIO_OUT_0[15]'(source:'u_AE350_SOC') in module 'RiscV_AE350_SOC' has no destination
WARN  (PA1001) : Dangling net 'GPIO_OUT_0[16]'(source:'u_AE350_SOC') in module 'RiscV_AE350_SOC' has no destination
WARN  (PA1001) : Dangling net 'GPIO_OUT_0[17]'(source:'u_AE350_SOC') in module 'RiscV_AE350_SOC' has no destination
WARN  (PA1001) : Dangling net 'GPIO_OUT_0[18]'(source:'u_AE350_SOC') in module 'RiscV_AE350_SOC' has no destination
WARN  (PA1001) : Dangling net 'GPIO_OUT_0[19]'(source:'u_AE350_SOC') in module 'RiscV_AE350_SOC' has no destination
WARN  (PA1001) : Dangling net 'GPIO_OUT_0[20]'(source:'u_AE350_SOC') in module 'RiscV_AE350_SOC' has no destination
WARN  (PA1001) : Dangling net 'GPIO_OUT_0[21]'(source:'u_AE350_SOC') in module 'RiscV_AE350_SOC' has no destination
WARN  (PA1001) : Dangling net 'GPIO_OUT_0[22]'(source:'u_AE350_SOC') in module 'RiscV_AE350_SOC' has no destination
WARN  (PA1001) : Dangling net 'GPIO_OUT_0[23]'(source:'u_AE350_SOC') in module 'RiscV_AE350_SOC' has no destination
WARN  (PA1001) : Dangling net 'GPIO_OUT_0[24]'(source:'u_AE350_SOC') in module 'RiscV_AE350_SOC' has no destination
WARN  (PA1001) : Dangling net 'GPIO_OUT_0[25]'(source:'u_AE350_SOC') in module 'RiscV_AE350_SOC' has no destination
WARN  (PA1001) : Dangling net 'GPIO_OUT_0[26]'(source:'u_AE350_SOC') in module 'RiscV_AE350_SOC' has no destination
WARN  (PA1001) : Dangling net 'GPIO_OUT_0[27]'(source:'u_AE350_SOC') in module 'RiscV_AE350_SOC' has no destination
WARN  (PA1001) : Dangling net 'GPIO_OUT_0[28]'(source:'u_AE350_SOC') in module 'RiscV_AE350_SOC' has no destination
WARN  (PA1001) : Dangling net 'GPIO_OUT_0[29]'(source:'u_AE350_SOC') in module 'RiscV_AE350_SOC' has no destination
WARN  (PA1001) : Dangling net 'GPIO_OUT_0[30]'(source:'u_AE350_SOC') in module 'RiscV_AE350_SOC' has no destination
WARN  (PA1001) : Dangling net 'GPIO_OUT_0[31]'(source:'u_AE350_SOC') in module 'RiscV_AE350_SOC' has no destination
WARN  (PA1001) : Dangling net 'u_AE350_SOC_218_INTEG_TDO'(source:'u_AE350_SOC') in module 'RiscV_AE350_SOC' has no destination
WARN  (PA1001) : Dangling net 'SCAN_OUT[0]'(source:'u_AE350_SOC') in module 'RiscV_AE350_SOC' has no destination
WARN  (PA1001) : Dangling net 'SCAN_OUT[1]'(source:'u_AE350_SOC') in module 'RiscV_AE350_SOC' has no destination
WARN  (PA1001) : Dangling net 'SCAN_OUT[2]'(source:'u_AE350_SOC') in module 'RiscV_AE350_SOC' has no destination
WARN  (PA1001) : Dangling net 'SCAN_OUT[3]'(source:'u_AE350_SOC') in module 'RiscV_AE350_SOC' has no destination
WARN  (PA1001) : Dangling net 'SCAN_OUT[4]'(source:'u_AE350_SOC') in module 'RiscV_AE350_SOC' has no destination
WARN  (PA1001) : Dangling net 'SCAN_OUT[5]'(source:'u_AE350_SOC') in module 'RiscV_AE350_SOC' has no destination
WARN  (PA1001) : Dangling net 'SCAN_OUT[6]'(source:'u_AE350_SOC') in module 'RiscV_AE350_SOC' has no destination
WARN  (PA1001) : Dangling net 'SCAN_OUT[7]'(source:'u_AE350_SOC') in module 'RiscV_AE350_SOC' has no destination
WARN  (PA1001) : Dangling net 'SCAN_OUT[8]'(source:'u_AE350_SOC') in module 'RiscV_AE350_SOC' has no destination
WARN  (PA1001) : Dangling net 'SCAN_OUT[9]'(source:'u_AE350_SOC') in module 'RiscV_AE350_SOC' has no destination
WARN  (PA1001) : Dangling net 'SCAN_OUT[10]'(source:'u_AE350_SOC') in module 'RiscV_AE350_SOC' has no destination
WARN  (PA1001) : Dangling net 'SCAN_OUT[11]'(source:'u_AE350_SOC') in module 'RiscV_AE350_SOC' has no destination
WARN  (PA1001) : Dangling net 'SCAN_OUT[12]'(source:'u_AE350_SOC') in module 'RiscV_AE350_SOC' has no destination
WARN  (PA1001) : Dangling net 'SCAN_OUT[13]'(source:'u_AE350_SOC') in module 'RiscV_AE350_SOC' has no destination
WARN  (PA1001) : Dangling net 'SCAN_OUT[14]'(source:'u_AE350_SOC') in module 'RiscV_AE350_SOC' has no destination
WARN  (PA1001) : Dangling net 'SCAN_OUT[15]'(source:'u_AE350_SOC') in module 'RiscV_AE350_SOC' has no destination
WARN  (PA1001) : Dangling net 'SCAN_OUT[16]'(source:'u_AE350_SOC') in module 'RiscV_AE350_SOC' has no destination
WARN  (PA1001) : Dangling net 'SCAN_OUT[17]'(source:'u_AE350_SOC') in module 'RiscV_AE350_SOC' has no destination
WARN  (PA1001) : Dangling net 'SCAN_OUT[18]'(source:'u_AE350_SOC') in module 'RiscV_AE350_SOC' has no destination
WARN  (PA1001) : Dangling net 'SCAN_OUT[19]'(source:'u_AE350_SOC') in module 'RiscV_AE350_SOC' has no destination
WARN  (PA1001) : Dangling net 'u_AE350_SOC_218_PRDYN_CHAIN_O'(source:'u_AE350_SOC') in module 'RiscV_AE350_SOC' has no destination
WARN  (PA1001) : Dangling net 'n21_1_SUM'(source:'n21_s0') in module 'gwspiflash_ahbif_ctrl' has no destination
WARN  (PA1001) : Dangling net 'n22_1_SUM'(source:'n22_s0') in module 'gwspiflash_ahbif_ctrl' has no destination
WARN  (PA1001) : Dangling net 'n23_1_SUM'(source:'n23_s0') in module 'gwspiflash_ahbif_ctrl' has no destination
WARN  (PA1001) : Dangling net 'n24_1_SUM'(source:'n24_s0') in module 'gwspiflash_ahbif_ctrl' has no destination
WARN  (PA1001) : Dangling net 'n25_1_SUM'(source:'n25_s0') in module 'gwspiflash_ahbif_ctrl' has no destination
WARN  (PA1001) : Dangling net 'n26_1_SUM'(source:'n26_s0') in module 'gwspiflash_ahbif_ctrl' has no destination
WARN  (PA1001) : Dangling net 'n27_1_SUM'(source:'n27_s0') in module 'gwspiflash_ahbif_ctrl' has no destination
WARN  (PA1001) : Dangling net 'n28_1_SUM'(source:'n28_s0') in module 'gwspiflash_ahbif_ctrl' has no destination
WARN  (PA1001) : Dangling net 'n29_1_SUM'(source:'n29_s0') in module 'gwspiflash_ahbif_ctrl' has no destination
WARN  (PA1001) : Dangling net 'n30_1_SUM'(source:'n30_s0') in module 'gwspiflash_ahbif_ctrl' has no destination
WARN  (PA1001) : Dangling net 'n31_1_SUM'(source:'n31_s0') in module 'gwspiflash_ahbif_ctrl' has no destination
WARN  (PA1001) : Dangling net 'n32_1_SUM'(source:'n32_s0') in module 'gwspiflash_ahbif_ctrl' has no destination
WARN  (PA1001) : Dangling net 'n33_1_SUM'(source:'n33_s0') in module 'gwspiflash_ahbif_ctrl' has no destination
WARN  (PA1001) : Dangling net 'n34_1_SUM'(source:'n34_s0') in module 'gwspiflash_ahbif_ctrl' has no destination
WARN  (PA1001) : Dangling net 'n35_1_SUM'(source:'n35_s0') in module 'gwspiflash_ahbif_ctrl' has no destination
WARN  (PA1001) : Dangling net 'n36_1_SUM'(source:'n36_s0') in module 'gwspiflash_ahbif_ctrl' has no destination
WARN  (PA1001) : Dangling net 'n37_1_SUM'(source:'n37_s0') in module 'gwspiflash_ahbif_ctrl' has no destination
WARN  (PA1001) : Dangling net 'n38_1_SUM'(source:'n38_s0') in module 'gwspiflash_ahbif_ctrl' has no destination
WARN  (PA1001) : Dangling net 'n39_1_SUM'(source:'n39_s0') in module 'gwspiflash_ahbif_ctrl' has no destination
WARN  (PA1001) : Dangling net 'n40_1_SUM'(source:'n40_s0') in module 'gwspiflash_ahbif_ctrl' has no destination
WARN  (PA1001) : Dangling net 'n41_1_SUM'(source:'n41_s0') in module 'gwspiflash_ahbif_ctrl' has no destination
WARN  (PA1001) : Dangling net 'n42_1_SUM'(source:'n42_s0') in module 'gwspiflash_ahbif_ctrl' has no destination
WARN  (PA1001) : Dangling net 'n43_1_SUM'(source:'n43_s0') in module 'gwspiflash_ahbif_ctrl' has no destination
WARN  (PA1001) : Dangling net 'n44_1_SUM'(source:'n44_s0') in module 'gwspiflash_ahbif_ctrl' has no destination
WARN  (PA1001) : Dangling net 'n45_1_SUM'(source:'n45_s0') in module 'gwspiflash_ahbif_ctrl' has no destination
WARN  (PA1001) : Dangling net 'n46_1_SUM'(source:'n46_s0') in module 'gwspiflash_ahbif_ctrl' has no destination
WARN  (PA1001) : Dangling net 'n47_1_SUM'(source:'n47_s0') in module 'gwspiflash_ahbif_ctrl' has no destination
WARN  (PA1001) : Dangling net 'n48_1_SUM'(source:'n48_s0') in module 'gwspiflash_ahbif_ctrl' has no destination
WARN  (PA1001) : Dangling net 'n49_1_SUM'(source:'n49_s0') in module 'gwspiflash_ahbif_ctrl' has no destination
WARN  (PA1001) : Dangling net 'n50_1_SUM'(source:'n50_s0') in module 'gwspiflash_ahbif_ctrl' has no destination
WARN  (PA1001) : Dangling net 'next_gray_rd_ptr_0_1_SUM'(source:'next_gray_rd_ptr_0_s0') in module 'gw_async_fifo_clr' has no destination
WARN  (PA1001) : Dangling net 'next_gray_rd_ptr_1_1_SUM'(source:'next_gray_rd_ptr_1_s0') in module 'gw_async_fifo_clr' has no destination
WARN  (PA1001) : Dangling net 'next_gray_rd_ptr_2_1_SUM'(source:'next_gray_rd_ptr_2_s0') in module 'gw_async_fifo_clr' has no destination
WARN  (PA1001) : Dangling net 'next_gray_rd_ptr_3_1_SUM'(source:'next_gray_rd_ptr_3_s0') in module 'gw_async_fifo_clr' has no destination
WARN  (PA1001) : Dangling net 'next_gray_rd_ptr_4_1_SUM'(source:'next_gray_rd_ptr_4_s0') in module 'gw_async_fifo_clr' has no destination
WARN  (PA1001) : Dangling net 'next_gray_rd_ptr_5_1_SUM'(source:'next_gray_rd_ptr_5_s0') in module 'gw_async_fifo_clr' has no destination
WARN  (PA1001) : Dangling net 'next_gray_rd_ptr_6_1_SUM'(source:'next_gray_rd_ptr_6_s0') in module 'gw_async_fifo_clr' has no destination
WARN  (PA1001) : Dangling net 'n457_1_SUM'(source:'n457_s0') in module 'gw_async_fifo_clr_0' has no destination
WARN  (PA1001) : Dangling net 'n458_1_SUM'(source:'n458_s0') in module 'gw_async_fifo_clr_0' has no destination
WARN  (PA1001) : Dangling net 'n459_1_SUM'(source:'n459_s0') in module 'gw_async_fifo_clr_0' has no destination
WARN  (PA1001) : Dangling net 'n460_1_SUM'(source:'n460_s0') in module 'gw_async_fifo_clr_0' has no destination
WARN  (PA1001) : Dangling net 'n461_1_SUM'(source:'n461_s0') in module 'gw_async_fifo_clr_0' has no destination
WARN  (PA1001) : Dangling net 'n462_1_SUM'(source:'n462_s0') in module 'gw_async_fifo_clr_0' has no destination
WARN  (PA1001) : Dangling net 'n463_1_SUM'(source:'n463_s0') in module 'gw_async_fifo_clr_0' has no destination
WARN  (PA1001) : Dangling net 'n9_1_SUM'(source:'n9_s0') in module 'gwspiflash_ctrl' has no destination
WARN  (PA1001) : Dangling net 'n10_1_SUM'(source:'n10_s0') in module 'gwspiflash_ctrl' has no destination
WARN  (PA1001) : Dangling net 'n11_1_SUM'(source:'n11_s0') in module 'gwspiflash_ctrl' has no destination
WARN  (PA1001) : Dangling net 'n12_1_SUM'(source:'n12_s0') in module 'gwspiflash_ctrl' has no destination
WARN  (PA1001) : Dangling net 'n258_1_SUM'(source:'n258_s0') in module 'gwspiflash_spiif' has no destination
WARN  (PA1001) : Dangling net 'n259_1_SUM'(source:'n259_s0') in module 'gwspiflash_spiif' has no destination
WARN  (PA1001) : Dangling net 'n260_1_SUM'(source:'n260_s0') in module 'gwspiflash_spiif' has no destination
WARN  (PA1001) : Dangling net 'n28_0_SUM'(source:'n28_s') in module '~gwmc_cmd_buffer.DDR3_Memory_Interface_Top' has no destination
WARN  (PA1001) : Dangling net 'n27_0_SUM'(source:'n27_s') in module '~gwmc_cmd_buffer.DDR3_Memory_Interface_Top' has no destination
WARN  (PA1001) : Dangling net 'n16_1_SUM'(source:'n16_s0') in module '~gwmc_cmd_buffer.DDR3_Memory_Interface_Top' has no destination
WARN  (PA1001) : Dangling net 'n17_1_SUM'(source:'n17_s0') in module '~gwmc_cmd_buffer.DDR3_Memory_Interface_Top' has no destination
WARN  (PA1001) : Dangling net 'n18_1_SUM'(source:'n18_s0') in module '~gwmc_cmd_buffer.DDR3_Memory_Interface_Top' has no destination
WARN  (PA1001) : Dangling net 'n462_1_SUM'(source:'n462_s0') in module '~gwmc_cmd_buffer.DDR3_Memory_Interface_Top' has no destination
WARN  (PA1001) : Dangling net 'n463_1_SUM'(source:'n463_s0') in module '~gwmc_cmd_buffer.DDR3_Memory_Interface_Top' has no destination
WARN  (PA1001) : Dangling net 'n464_1_SUM'(source:'n464_s0') in module '~gwmc_cmd_buffer.DDR3_Memory_Interface_Top' has no destination
WARN  (PA1001) : Dangling net 'n465_1_SUM'(source:'n465_s0') in module '~gwmc_cmd_buffer.DDR3_Memory_Interface_Top' has no destination
WARN  (PA1001) : Dangling net 'n466_1_SUM'(source:'n466_s0') in module '~gwmc_cmd_buffer.DDR3_Memory_Interface_Top' has no destination
WARN  (PA1001) : Dangling net 'n467_1_SUM'(source:'n467_s0') in module '~gwmc_cmd_buffer.DDR3_Memory_Interface_Top' has no destination
WARN  (PA1001) : Dangling net 'n468_1_SUM'(source:'n468_s0') in module '~gwmc_cmd_buffer.DDR3_Memory_Interface_Top' has no destination
WARN  (PA1001) : Dangling net 'n469_1_SUM'(source:'n469_s0') in module '~gwmc_cmd_buffer.DDR3_Memory_Interface_Top' has no destination
WARN  (PA1001) : Dangling net 'n470_1_SUM'(source:'n470_s0') in module '~gwmc_cmd_buffer.DDR3_Memory_Interface_Top' has no destination
WARN  (PA1001) : Dangling net 'n471_1_SUM'(source:'n471_s0') in module '~gwmc_cmd_buffer.DDR3_Memory_Interface_Top' has no destination
WARN  (PA1001) : Dangling net 'n472_1_SUM'(source:'n472_s0') in module '~gwmc_cmd_buffer.DDR3_Memory_Interface_Top' has no destination
WARN  (PA1001) : Dangling net 'n473_1_SUM'(source:'n473_s0') in module '~gwmc_cmd_buffer.DDR3_Memory_Interface_Top' has no destination
WARN  (PA1001) : Dangling net 'n474_1_SUM'(source:'n474_s0') in module '~gwmc_cmd_buffer.DDR3_Memory_Interface_Top' has no destination
WARN  (PA1001) : Dangling net 'n475_1_SUM'(source:'n475_s0') in module '~gwmc_cmd_buffer.DDR3_Memory_Interface_Top' has no destination
WARN  (PA1001) : Dangling net 'wcnt_sub[0]'(source:'wcnt_sub_0_s') in module '~fifo_sc.DDR3_Memory_Interface_Top' has no destination
WARN  (PA1001) : Dangling net 'n652_1_SUM'(source:'n652_s0') in module '~fifo_sc.DDR3_Memory_Interface_Top' has no destination
WARN  (PA1001) : Dangling net 'n653_1_SUM'(source:'n653_s0') in module '~fifo_sc.DDR3_Memory_Interface_Top' has no destination
WARN  (PA1001) : Dangling net 'n654_1_SUM'(source:'n654_s0') in module '~fifo_sc.DDR3_Memory_Interface_Top' has no destination
WARN  (PA1001) : Dangling net 'n655_1_SUM'(source:'n655_s0') in module '~fifo_sc.DDR3_Memory_Interface_Top' has no destination
WARN  (PA1001) : Dangling net 'dq_iobuf_gen[0].dq_iodelay_1_DF'(source:'dq_iobuf_gen[0].dq_iodelay') in module '~ddr_phy_wd.DDR3_Memory_Interface_Top' has no destination
WARN  (PA1001) : Dangling net 'dq_iobuf_gen[1].dq_iodelay_1_DF'(source:'dq_iobuf_gen[1].dq_iodelay') in module '~ddr_phy_wd.DDR3_Memory_Interface_Top' has no destination
WARN  (PA1001) : Dangling net 'dq_iobuf_gen[2].dq_iodelay_1_DF'(source:'dq_iobuf_gen[2].dq_iodelay') in module '~ddr_phy_wd.DDR3_Memory_Interface_Top' has no destination
WARN  (PA1001) : Dangling net 'dq_iobuf_gen[3].dq_iodelay_1_DF'(source:'dq_iobuf_gen[3].dq_iodelay') in module '~ddr_phy_wd.DDR3_Memory_Interface_Top' has no destination
WARN  (PA1001) : Dangling net 'dq_iobuf_gen[4].dq_iodelay_1_DF'(source:'dq_iobuf_gen[4].dq_iodelay') in module '~ddr_phy_wd.DDR3_Memory_Interface_Top' has no destination
WARN  (PA1001) : Dangling net 'dq_iobuf_gen[5].dq_iodelay_1_DF'(source:'dq_iobuf_gen[5].dq_iodelay') in module '~ddr_phy_wd.DDR3_Memory_Interface_Top' has no destination
WARN  (PA1001) : Dangling net 'dq_iobuf_gen[6].dq_iodelay_1_DF'(source:'dq_iobuf_gen[6].dq_iodelay') in module '~ddr_phy_wd.DDR3_Memory_Interface_Top' has no destination
WARN  (PA1001) : Dangling net 'dq_iobuf_gen[7].dq_iodelay_1_DF'(source:'dq_iobuf_gen[7].dq_iodelay') in module '~ddr_phy_wd.DDR3_Memory_Interface_Top' has no destination
WARN  (PA1001) : Dangling net 'dq_iobuf_gen[8].dq_iodelay_1_DF'(source:'dq_iobuf_gen[8].dq_iodelay') in module '~ddr_phy_wd.DDR3_Memory_Interface_Top' has no destination
WARN  (PA1001) : Dangling net 'dq_iobuf_gen[9].dq_iodelay_1_DF'(source:'dq_iobuf_gen[9].dq_iodelay') in module '~ddr_phy_wd.DDR3_Memory_Interface_Top' has no destination
WARN  (PA1001) : Dangling net 'dq_iobuf_gen[10].dq_iodelay_1_DF'(source:'dq_iobuf_gen[10].dq_iodelay') in module '~ddr_phy_wd.DDR3_Memory_Interface_Top' has no destination
WARN  (PA1001) : Dangling net 'dq_iobuf_gen[11].dq_iodelay_1_DF'(source:'dq_iobuf_gen[11].dq_iodelay') in module '~ddr_phy_wd.DDR3_Memory_Interface_Top' has no destination
WARN  (PA1001) : Dangling net 'dq_iobuf_gen[12].dq_iodelay_1_DF'(source:'dq_iobuf_gen[12].dq_iodelay') in module '~ddr_phy_wd.DDR3_Memory_Interface_Top' has no destination
WARN  (PA1001) : Dangling net 'dq_iobuf_gen[13].dq_iodelay_1_DF'(source:'dq_iobuf_gen[13].dq_iodelay') in module '~ddr_phy_wd.DDR3_Memory_Interface_Top' has no destination
WARN  (PA1001) : Dangling net 'dq_iobuf_gen[14].dq_iodelay_1_DF'(source:'dq_iobuf_gen[14].dq_iodelay') in module '~ddr_phy_wd.DDR3_Memory_Interface_Top' has no destination
WARN  (PA1001) : Dangling net 'dq_iobuf_gen[15].dq_iodelay_1_DF'(source:'dq_iobuf_gen[15].dq_iodelay') in module '~ddr_phy_wd.DDR3_Memory_Interface_Top' has no destination
WARN  (PA1001) : Dangling net 'rflag_wire'(source:'u_dqs') in module '~ddr_phy_data_io.DDR3_Memory_Interface_Top' has no destination
WARN  (PA1001) : Dangling net 'wflag'(source:'u_dqs') in module '~ddr_phy_data_io.DDR3_Memory_Interface_Top' has no destination
WARN  (PA1001) : Dangling net 'rflag_wire'(source:'u_dqs') in module '~ddr_phy_data_io.DDR3_Memory_Interface_Top_0' has no destination
WARN  (PA1001) : Dangling net 'wflag'(source:'u_dqs') in module '~ddr_phy_data_io.DDR3_Memory_Interface_Top_0' has no destination
WARN  (PA1001) : Dangling net 'cmd_oserdes_gen[0].u_cmd_gen_1_Q1'(source:'cmd_oserdes_gen[0].u_cmd_gen') in module '~ddr_phy_cmd_io.DDR3_Memory_Interface_Top' has no destination
WARN  (PA1001) : Dangling net 'cmd_oserdes_gen[1].u_cmd_gen_1_Q1'(source:'cmd_oserdes_gen[1].u_cmd_gen') in module '~ddr_phy_cmd_io.DDR3_Memory_Interface_Top' has no destination
WARN  (PA1001) : Dangling net 'cmd_oserdes_gen[2].u_cmd_gen_1_Q1'(source:'cmd_oserdes_gen[2].u_cmd_gen') in module '~ddr_phy_cmd_io.DDR3_Memory_Interface_Top' has no destination
WARN  (PA1001) : Dangling net 'cmd_oserdes_gen[3].u_cmd_gen_1_Q1'(source:'cmd_oserdes_gen[3].u_cmd_gen') in module '~ddr_phy_cmd_io.DDR3_Memory_Interface_Top' has no destination
WARN  (PA1001) : Dangling net 'cmd_oserdes_gen[4].u_cmd_gen_1_Q1'(source:'cmd_oserdes_gen[4].u_cmd_gen') in module '~ddr_phy_cmd_io.DDR3_Memory_Interface_Top' has no destination
WARN  (PA1001) : Dangling net 'cmd_oserdes_gen[5].u_cmd_gen_1_Q1'(source:'cmd_oserdes_gen[5].u_cmd_gen') in module '~ddr_phy_cmd_io.DDR3_Memory_Interface_Top' has no destination
WARN  (PA1001) : Dangling net 'cmd_oserdes_gen[6].u_cmd_gen_1_Q1'(source:'cmd_oserdes_gen[6].u_cmd_gen') in module '~ddr_phy_cmd_io.DDR3_Memory_Interface_Top' has no destination
WARN  (PA1001) : Dangling net 'cmd_oserdes_gen[7].u_cmd_gen_1_Q1'(source:'cmd_oserdes_gen[7].u_cmd_gen') in module '~ddr_phy_cmd_io.DDR3_Memory_Interface_Top' has no destination
WARN  (PA1001) : Dangling net 'cmd_oserdes_gen[8].u_cmd_gen_1_Q1'(source:'cmd_oserdes_gen[8].u_cmd_gen') in module '~ddr_phy_cmd_io.DDR3_Memory_Interface_Top' has no destination
WARN  (PA1001) : Dangling net 'cmd_oserdes_gen[9].u_cmd_gen_1_Q1'(source:'cmd_oserdes_gen[9].u_cmd_gen') in module '~ddr_phy_cmd_io.DDR3_Memory_Interface_Top' has no destination
WARN  (PA1001) : Dangling net 'cmd_oserdes_gen[10].u_cmd_gen_1_Q1'(source:'cmd_oserdes_gen[10].u_cmd_gen') in module '~ddr_phy_cmd_io.DDR3_Memory_Interface_Top' has no destination
WARN  (PA1001) : Dangling net 'cmd_oserdes_gen[11].u_cmd_gen_1_Q1'(source:'cmd_oserdes_gen[11].u_cmd_gen') in module '~ddr_phy_cmd_io.DDR3_Memory_Interface_Top' has no destination
WARN  (PA1001) : Dangling net 'cmd_oserdes_gen[12].u_cmd_gen_1_Q1'(source:'cmd_oserdes_gen[12].u_cmd_gen') in module '~ddr_phy_cmd_io.DDR3_Memory_Interface_Top' has no destination
WARN  (PA1001) : Dangling net 'cmd_oserdes_gen[13].u_cmd_gen_1_Q1'(source:'cmd_oserdes_gen[13].u_cmd_gen') in module '~ddr_phy_cmd_io.DDR3_Memory_Interface_Top' has no destination
WARN  (PA1001) : Dangling net 'cmd_oserdes_gen[14].u_cmd_gen_1_Q1'(source:'cmd_oserdes_gen[14].u_cmd_gen') in module '~ddr_phy_cmd_io.DDR3_Memory_Interface_Top' has no destination
WARN  (PA1001) : Dangling net 'cmd_oserdes_gen[15].u_cmd_gen_1_Q1'(source:'cmd_oserdes_gen[15].u_cmd_gen') in module '~ddr_phy_cmd_io.DDR3_Memory_Interface_Top' has no destination
WARN  (PA1001) : Dangling net 'cmd_oserdes_gen[16].u_cmd_gen_1_Q1'(source:'cmd_oserdes_gen[16].u_cmd_gen') in module '~ddr_phy_cmd_io.DDR3_Memory_Interface_Top' has no destination
WARN  (PA1001) : Dangling net 'cmd_oserdes_gen[17].u_cmd_gen_1_Q1'(source:'cmd_oserdes_gen[17].u_cmd_gen') in module '~ddr_phy_cmd_io.DDR3_Memory_Interface_Top' has no destination
WARN  (PA1001) : Dangling net 'cmd_oserdes_gen[18].u_cmd_gen_1_Q1'(source:'cmd_oserdes_gen[18].u_cmd_gen') in module '~ddr_phy_cmd_io.DDR3_Memory_Interface_Top' has no destination
WARN  (PA1001) : Dangling net 'cmd_oserdes_gen[19].u_cmd_gen_1_Q1'(source:'cmd_oserdes_gen[19].u_cmd_gen') in module '~ddr_phy_cmd_io.DDR3_Memory_Interface_Top' has no destination
WARN  (PA1001) : Dangling net 'cmd_oserdes_gen[20].u_cmd_gen_1_Q1'(source:'cmd_oserdes_gen[20].u_cmd_gen') in module '~ddr_phy_cmd_io.DDR3_Memory_Interface_Top' has no destination
WARN  (PA1001) : Dangling net 'cmd_oserdes_gen[21].u_cmd_gen_1_Q1'(source:'cmd_oserdes_gen[21].u_cmd_gen') in module '~ddr_phy_cmd_io.DDR3_Memory_Interface_Top' has no destination
WARN  (PA1001) : Dangling net 'cmd_oserdes_gen[22].u_cmd_gen_1_Q1'(source:'cmd_oserdes_gen[22].u_cmd_gen') in module '~ddr_phy_cmd_io.DDR3_Memory_Interface_Top' has no destination
WARN  (PA1001) : Dangling net 'u_ck_gen_1_Q1'(source:'u_ck_gen') in module '~ddr_phy_cmd_io.DDR3_Memory_Interface_Top' has no destination
WARN  (PA1001) : Dangling net 'n31_1_SUM'(source:'n31_s0') in module '~if_fifo_ctrl.DDR3_Memory_Interface_Top' has no destination
WARN  (PA1001) : Dangling net 'n32_1_SUM'(source:'n32_s0') in module '~if_fifo_ctrl.DDR3_Memory_Interface_Top' has no destination
WARN  (PA1001) : Dangling net 'n33_1_SUM'(source:'n33_s0') in module '~if_fifo_ctrl.DDR3_Memory_Interface_Top' has no destination
WARN  (PA1001) : Dangling net 'n31_1_SUM'(source:'n31_s0') in module '~if_fifo_ctrl.DDR3_Memory_Interface_Top_0' has no destination
WARN  (PA1001) : Dangling net 'n32_1_SUM'(source:'n32_s0') in module '~if_fifo_ctrl.DDR3_Memory_Interface_Top_0' has no destination
WARN  (PA1001) : Dangling net 'n33_1_SUM'(source:'n33_s0') in module '~if_fifo_ctrl.DDR3_Memory_Interface_Top_0' has no destination
WARN  (PA1001) : Dangling net 'n52_1_SUM'(source:'n52_s0') in module '~init_rmove_mod.DDR3_Memory_Interface_Top' has no destination
WARN  (PA1001) : Dangling net 'n53_1_SUM'(source:'n53_s0') in module '~init_rmove_mod.DDR3_Memory_Interface_Top' has no destination
WARN  (PA1001) : Dangling net 'n54_1_SUM'(source:'n54_s0') in module '~init_rmove_mod.DDR3_Memory_Interface_Top' has no destination
WARN  (PA1001) : Dangling net 'n55_1_SUM'(source:'n55_s0') in module '~init_rmove_mod.DDR3_Memory_Interface_Top' has no destination
WARN  (PA1001) : Dangling net 'n56_1_SUM'(source:'n56_s0') in module '~init_rmove_mod.DDR3_Memory_Interface_Top' has no destination
WARN  (PA1001) : Dangling net 'n57_1_SUM'(source:'n57_s0') in module '~init_rmove_mod.DDR3_Memory_Interface_Top' has no destination
WARN  (PA1001) : Dangling net 'n58_1_SUM'(source:'n58_s0') in module '~init_rmove_mod.DDR3_Memory_Interface_Top' has no destination
WARN  (PA1001) : Dangling net 'n59_1_SUM'(source:'n59_s0') in module '~init_rmove_mod.DDR3_Memory_Interface_Top' has no destination
WARN  (PA1001) : Dangling net 'n52_2_SUM'(source:'n52_s1') in module '~init_rmove_mod.DDR3_Memory_Interface_Top' has no destination
WARN  (PA1001) : Dangling net 'n53_2_SUM'(source:'n53_s1') in module '~init_rmove_mod.DDR3_Memory_Interface_Top' has no destination
WARN  (PA1001) : Dangling net 'n54_2_SUM'(source:'n54_s1') in module '~init_rmove_mod.DDR3_Memory_Interface_Top' has no destination
WARN  (PA1001) : Dangling net 'n55_2_SUM'(source:'n55_s1') in module '~init_rmove_mod.DDR3_Memory_Interface_Top' has no destination
WARN  (PA1001) : Dangling net 'n56_2_SUM'(source:'n56_s1') in module '~init_rmove_mod.DDR3_Memory_Interface_Top' has no destination
WARN  (PA1001) : Dangling net 'n57_2_SUM'(source:'n57_s1') in module '~init_rmove_mod.DDR3_Memory_Interface_Top' has no destination
WARN  (PA1001) : Dangling net 'n58_2_SUM'(source:'n58_s1') in module '~init_rmove_mod.DDR3_Memory_Interface_Top' has no destination
WARN  (PA1001) : Dangling net 'n268_1_SUM'(source:'n268_s0') in module '~init_rmove_mod.DDR3_Memory_Interface_Top' has no destination
WARN  (PA1001) : Dangling net 'n269_1_SUM'(source:'n269_s0') in module '~init_rmove_mod.DDR3_Memory_Interface_Top' has no destination
WARN  (PA1001) : Dangling net 'n270_1_SUM'(source:'n270_s0') in module '~init_rmove_mod.DDR3_Memory_Interface_Top' has no destination
WARN  (PA1001) : Dangling net 'n271_1_SUM'(source:'n271_s0') in module '~init_rmove_mod.DDR3_Memory_Interface_Top' has no destination
WARN  (PA1001) : Dangling net 'n272_1_SUM'(source:'n272_s0') in module '~init_rmove_mod.DDR3_Memory_Interface_Top' has no destination
WARN  (PA1001) : Dangling net 'n273_1_SUM'(source:'n273_s0') in module '~init_rmove_mod.DDR3_Memory_Interface_Top' has no destination
WARN  (PA1001) : Dangling net 'n274_1_SUM'(source:'n274_s0') in module '~init_rmove_mod.DDR3_Memory_Interface_Top' has no destination
WARN  (PA1001) : Dangling net 'n444_1_SUM'(source:'n444_s0') in module '~init_rmove_mod.DDR3_Memory_Interface_Top' has no destination
WARN  (PA1001) : Dangling net 'n445_1_SUM'(source:'n445_s0') in module '~init_rmove_mod.DDR3_Memory_Interface_Top' has no destination
WARN  (PA1001) : Dangling net 'n446_1_SUM'(source:'n446_s0') in module '~init_rmove_mod.DDR3_Memory_Interface_Top' has no destination
WARN  (PA1001) : Dangling net 'n447_1_SUM'(source:'n447_s0') in module '~init_rmove_mod.DDR3_Memory_Interface_Top' has no destination
WARN  (PA1001) : Dangling net 'n448_1_SUM'(source:'n448_s0') in module '~init_rmove_mod.DDR3_Memory_Interface_Top' has no destination
WARN  (PA1001) : Dangling net 'n449_1_SUM'(source:'n449_s0') in module '~init_rmove_mod.DDR3_Memory_Interface_Top' has no destination
WARN  (PA1001) : Dangling net 'n450_1_SUM'(source:'n450_s0') in module '~init_rmove_mod.DDR3_Memory_Interface_Top' has no destination
WARN  (PA1001) : Dangling net 'n317_17_SUM'(source:'n317_s16') in module '~T_Auto_ADJ.DDR3_Memory_Interface_Top' has no destination
WARN  (PA1001) : Dangling net 'n317_18_SUM'(source:'n317_s17') in module '~T_Auto_ADJ.DDR3_Memory_Interface_Top' has no destination
WARN  (PA1001) : Dangling net 'n317_19_SUM'(source:'n317_s18') in module '~T_Auto_ADJ.DDR3_Memory_Interface_Top' has no destination
WARN  (PA1001) : Dangling net 'n317_20_SUM'(source:'n317_s19') in module '~T_Auto_ADJ.DDR3_Memory_Interface_Top' has no destination
WARN  (PA1001) : Dangling net 'n317_21_SUM'(source:'n317_s20') in module '~T_Auto_ADJ.DDR3_Memory_Interface_Top' has no destination
WARN  (PA1001) : Dangling net 'n317_22_SUM'(source:'n317_s21') in module '~T_Auto_ADJ.DDR3_Memory_Interface_Top' has no destination
WARN  (PA1001) : Dangling net 'n317_23_SUM'(source:'n317_s22') in module '~T_Auto_ADJ.DDR3_Memory_Interface_Top' has no destination
WARN  (PA1001) : Dangling net 'n247_17_SUM'(source:'n247_s16') in module '~T_Auto_ADJ.DDR3_Memory_Interface_Top' has no destination
WARN  (PA1001) : Dangling net 'n180_17_SUM'(source:'n180_s16') in module '~T_Auto_ADJ.DDR3_Memory_Interface_Top' has no destination
WARN  (PA1001) : Dangling net 'n247_18_SUM'(source:'n247_s17') in module '~T_Auto_ADJ.DDR3_Memory_Interface_Top' has no destination
WARN  (PA1001) : Dangling net 'n180_18_SUM'(source:'n180_s17') in module '~T_Auto_ADJ.DDR3_Memory_Interface_Top' has no destination
WARN  (PA1001) : Dangling net 'n247_19_SUM'(source:'n247_s18') in module '~T_Auto_ADJ.DDR3_Memory_Interface_Top' has no destination
WARN  (PA1001) : Dangling net 'n180_19_SUM'(source:'n180_s18') in module '~T_Auto_ADJ.DDR3_Memory_Interface_Top' has no destination
WARN  (PA1001) : Dangling net 'n247_20_SUM'(source:'n247_s19') in module '~T_Auto_ADJ.DDR3_Memory_Interface_Top' has no destination
WARN  (PA1001) : Dangling net 'n180_20_SUM'(source:'n180_s19') in module '~T_Auto_ADJ.DDR3_Memory_Interface_Top' has no destination
WARN  (PA1001) : Dangling net 'n247_21_SUM'(source:'n247_s20') in module '~T_Auto_ADJ.DDR3_Memory_Interface_Top' has no destination
WARN  (PA1001) : Dangling net 'n180_21_SUM'(source:'n180_s20') in module '~T_Auto_ADJ.DDR3_Memory_Interface_Top' has no destination
WARN  (PA1001) : Dangling net 'n247_22_SUM'(source:'n247_s21') in module '~T_Auto_ADJ.DDR3_Memory_Interface_Top' has no destination
WARN  (PA1001) : Dangling net 'n180_22_SUM'(source:'n180_s21') in module '~T_Auto_ADJ.DDR3_Memory_Interface_Top' has no destination
WARN  (PA1001) : Dangling net 'n247_23_SUM'(source:'n247_s22') in module '~T_Auto_ADJ.DDR3_Memory_Interface_Top' has no destination
WARN  (PA1001) : Dangling net 'n180_23_SUM'(source:'n180_s22') in module '~T_Auto_ADJ.DDR3_Memory_Interface_Top' has no destination
WARN  (PA1001) : Dangling net 'n247_24_SUM'(source:'n247_s23') in module '~T_Auto_ADJ.DDR3_Memory_Interface_Top' has no destination
WARN  (PA1001) : Dangling net 'n355_1_SUM'(source:'n355_s0') in module '~T_Auto_ADJ.DDR3_Memory_Interface_Top' has no destination
WARN  (PA1001) : Dangling net 'n356_1_SUM'(source:'n356_s0') in module '~T_Auto_ADJ.DDR3_Memory_Interface_Top' has no destination
WARN  (PA1001) : Dangling net 'n357_1_SUM'(source:'n357_s0') in module '~T_Auto_ADJ.DDR3_Memory_Interface_Top' has no destination
WARN  (PA1001) : Dangling net 'n358_1_SUM'(source:'n358_s0') in module '~T_Auto_ADJ.DDR3_Memory_Interface_Top' has no destination
WARN  (PA1001) : Dangling net 'n359_1_SUM'(source:'n359_s0') in module '~T_Auto_ADJ.DDR3_Memory_Interface_Top' has no destination
WARN  (PA1001) : Dangling net 'n360_1_SUM'(source:'n360_s0') in module '~T_Auto_ADJ.DDR3_Memory_Interface_Top' has no destination
WARN  (PA1001) : Dangling net 'n361_1_SUM'(source:'n361_s0') in module '~T_Auto_ADJ.DDR3_Memory_Interface_Top' has no destination
WARN  (PA1001) : Dangling net 'DO[3]'(source:'Equal.mem_Equal.mem_0_3_s') in module '~fifo.ddr3_memory_wrfifo' has no destination
WARN  (PA1001) : Dangling net 'DO[4]'(source:'Equal.mem_Equal.mem_0_3_s') in module '~fifo.ddr3_memory_wrfifo' has no destination
WARN  (PA1001) : Dangling net 'DO[5]'(source:'Equal.mem_Equal.mem_0_3_s') in module '~fifo.ddr3_memory_wrfifo' has no destination
WARN  (PA1001) : Dangling net 'DO[6]'(source:'Equal.mem_Equal.mem_0_3_s') in module '~fifo.ddr3_memory_wrfifo' has no destination
WARN  (PA1001) : Dangling net 'DO[7]'(source:'Equal.mem_Equal.mem_0_3_s') in module '~fifo.ddr3_memory_wrfifo' has no destination
WARN  (PA1001) : Dangling net 'DO[8]'(source:'Equal.mem_Equal.mem_0_3_s') in module '~fifo.ddr3_memory_wrfifo' has no destination
WARN  (PA1001) : Dangling net 'DO[9]'(source:'Equal.mem_Equal.mem_0_3_s') in module '~fifo.ddr3_memory_wrfifo' has no destination
WARN  (PA1001) : Dangling net 'DO[10]'(source:'Equal.mem_Equal.mem_0_3_s') in module '~fifo.ddr3_memory_wrfifo' has no destination
WARN  (PA1001) : Dangling net 'DO[11]'(source:'Equal.mem_Equal.mem_0_3_s') in module '~fifo.ddr3_memory_wrfifo' has no destination
WARN  (PA1001) : Dangling net 'DO[12]'(source:'Equal.mem_Equal.mem_0_3_s') in module '~fifo.ddr3_memory_wrfifo' has no destination
WARN  (PA1001) : Dangling net 'DO[13]'(source:'Equal.mem_Equal.mem_0_3_s') in module '~fifo.ddr3_memory_wrfifo' has no destination
WARN  (PA1001) : Dangling net 'DO[14]'(source:'Equal.mem_Equal.mem_0_3_s') in module '~fifo.ddr3_memory_wrfifo' has no destination
WARN  (PA1001) : Dangling net 'DO[15]'(source:'Equal.mem_Equal.mem_0_3_s') in module '~fifo.ddr3_memory_wrfifo' has no destination
WARN  (PA1001) : Dangling net 'DO[16]'(source:'Equal.mem_Equal.mem_0_3_s') in module '~fifo.ddr3_memory_wrfifo' has no destination
WARN  (PA1001) : Dangling net 'DO[17]'(source:'Equal.mem_Equal.mem_0_3_s') in module '~fifo.ddr3_memory_wrfifo' has no destination
WARN  (PA1001) : Dangling net 'DO[18]'(source:'Equal.mem_Equal.mem_0_3_s') in module '~fifo.ddr3_memory_wrfifo' has no destination
WARN  (PA1001) : Dangling net 'DO[19]'(source:'Equal.mem_Equal.mem_0_3_s') in module '~fifo.ddr3_memory_wrfifo' has no destination
WARN  (PA1001) : Dangling net 'DO[20]'(source:'Equal.mem_Equal.mem_0_3_s') in module '~fifo.ddr3_memory_wrfifo' has no destination
WARN  (PA1001) : Dangling net 'DO[21]'(source:'Equal.mem_Equal.mem_0_3_s') in module '~fifo.ddr3_memory_wrfifo' has no destination
WARN  (PA1001) : Dangling net 'DO[22]'(source:'Equal.mem_Equal.mem_0_3_s') in module '~fifo.ddr3_memory_wrfifo' has no destination
WARN  (PA1001) : Dangling net 'DO[23]'(source:'Equal.mem_Equal.mem_0_3_s') in module '~fifo.ddr3_memory_wrfifo' has no destination
WARN  (PA1001) : Dangling net 'DO[24]'(source:'Equal.mem_Equal.mem_0_3_s') in module '~fifo.ddr3_memory_wrfifo' has no destination
WARN  (PA1001) : Dangling net 'DO[25]'(source:'Equal.mem_Equal.mem_0_3_s') in module '~fifo.ddr3_memory_wrfifo' has no destination
WARN  (PA1001) : Dangling net 'DO[26]'(source:'Equal.mem_Equal.mem_0_3_s') in module '~fifo.ddr3_memory_wrfifo' has no destination
WARN  (PA1001) : Dangling net 'DO[27]'(source:'Equal.mem_Equal.mem_0_3_s') in module '~fifo.ddr3_memory_wrfifo' has no destination
WARN  (PA1001) : Dangling net 'DO[28]'(source:'Equal.mem_Equal.mem_0_3_s') in module '~fifo.ddr3_memory_wrfifo' has no destination
WARN  (PA1001) : Dangling net 'DO[29]'(source:'Equal.mem_Equal.mem_0_3_s') in module '~fifo.ddr3_memory_wrfifo' has no destination
WARN  (PA1001) : Dangling net 'DO[30]'(source:'Equal.mem_Equal.mem_0_3_s') in module '~fifo.ddr3_memory_wrfifo' has no destination
WARN  (PA1001) : Dangling net 'DO[31]'(source:'Equal.mem_Equal.mem_0_3_s') in module '~fifo.ddr3_memory_wrfifo' has no destination
WARN  (PA1001) : Dangling net 'n561_1_SUM'(source:'n561_s0') in module '~fifo.ddr3_memory_wrfifo' has no destination
WARN  (PA1001) : Dangling net 'n562_1_SUM'(source:'n562_s0') in module '~fifo.ddr3_memory_wrfifo' has no destination
WARN  (PA1001) : Dangling net 'n563_1_SUM'(source:'n563_s0') in module '~fifo.ddr3_memory_wrfifo' has no destination
WARN  (PA1001) : Dangling net 'n564_1_SUM'(source:'n564_s0') in module '~fifo.ddr3_memory_wrfifo' has no destination
WARN  (PA1001) : Dangling net 'n565_1_SUM'(source:'n565_s0') in module '~fifo.ddr3_memory_wrfifo' has no destination
WARN  (PA1001) : Dangling net 'DO[0]'(source:'Equal.mem_Equal.mem_0_2_s') in module '~fifo.ddr3_memory_wrfifo_0' has no destination
WARN  (PA1001) : Dangling net 'DO[1]'(source:'Equal.mem_Equal.mem_0_2_s') in module '~fifo.ddr3_memory_wrfifo_0' has no destination
WARN  (PA1001) : Dangling net 'DO[2]'(source:'Equal.mem_Equal.mem_0_2_s') in module '~fifo.ddr3_memory_wrfifo_0' has no destination
WARN  (PA1001) : Dangling net 'DO[3]'(source:'Equal.mem_Equal.mem_0_2_s') in module '~fifo.ddr3_memory_wrfifo_0' has no destination
WARN  (PA1001) : Dangling net 'DO[26]'(source:'Equal.mem_Equal.mem_0_2_s') in module '~fifo.ddr3_memory_wrfifo_0' has no destination
WARN  (PA1001) : Dangling net 'DO[27]'(source:'Equal.mem_Equal.mem_0_2_s') in module '~fifo.ddr3_memory_wrfifo_0' has no destination
WARN  (PA1001) : Dangling net 'DO[28]'(source:'Equal.mem_Equal.mem_0_2_s') in module '~fifo.ddr3_memory_wrfifo_0' has no destination
WARN  (PA1001) : Dangling net 'DO[29]'(source:'Equal.mem_Equal.mem_0_2_s') in module '~fifo.ddr3_memory_wrfifo_0' has no destination
WARN  (PA1001) : Dangling net 'DO[30]'(source:'Equal.mem_Equal.mem_0_2_s') in module '~fifo.ddr3_memory_wrfifo_0' has no destination
WARN  (PA1001) : Dangling net 'DO[31]'(source:'Equal.mem_Equal.mem_0_2_s') in module '~fifo.ddr3_memory_wrfifo_0' has no destination
WARN  (PA1001) : Dangling net 'DO_0[16]'(source:'Equal.mem_Equal.mem_0_3_s') in module '~fifo.ddr3_memory_wrfifo_0' has no destination
WARN  (PA1001) : Dangling net 'DO_0[17]'(source:'Equal.mem_Equal.mem_0_3_s') in module '~fifo.ddr3_memory_wrfifo_0' has no destination
WARN  (PA1001) : Dangling net 'DO_0[18]'(source:'Equal.mem_Equal.mem_0_3_s') in module '~fifo.ddr3_memory_wrfifo_0' has no destination
WARN  (PA1001) : Dangling net 'DO_0[19]'(source:'Equal.mem_Equal.mem_0_3_s') in module '~fifo.ddr3_memory_wrfifo_0' has no destination
WARN  (PA1001) : Dangling net 'DO_0[20]'(source:'Equal.mem_Equal.mem_0_3_s') in module '~fifo.ddr3_memory_wrfifo_0' has no destination
WARN  (PA1001) : Dangling net 'DO_0[21]'(source:'Equal.mem_Equal.mem_0_3_s') in module '~fifo.ddr3_memory_wrfifo_0' has no destination
WARN  (PA1001) : Dangling net 'DO_0[22]'(source:'Equal.mem_Equal.mem_0_3_s') in module '~fifo.ddr3_memory_wrfifo_0' has no destination
WARN  (PA1001) : Dangling net 'DO_0[23]'(source:'Equal.mem_Equal.mem_0_3_s') in module '~fifo.ddr3_memory_wrfifo_0' has no destination
WARN  (PA1001) : Dangling net 'DO_0[24]'(source:'Equal.mem_Equal.mem_0_3_s') in module '~fifo.ddr3_memory_wrfifo_0' has no destination
WARN  (PA1001) : Dangling net 'DO_0[25]'(source:'Equal.mem_Equal.mem_0_3_s') in module '~fifo.ddr3_memory_wrfifo_0' has no destination
WARN  (PA1001) : Dangling net 'DO_0[26]'(source:'Equal.mem_Equal.mem_0_3_s') in module '~fifo.ddr3_memory_wrfifo_0' has no destination
WARN  (PA1001) : Dangling net 'DO_0[27]'(source:'Equal.mem_Equal.mem_0_3_s') in module '~fifo.ddr3_memory_wrfifo_0' has no destination
WARN  (PA1001) : Dangling net 'DO_0[28]'(source:'Equal.mem_Equal.mem_0_3_s') in module '~fifo.ddr3_memory_wrfifo_0' has no destination
WARN  (PA1001) : Dangling net 'DO_0[29]'(source:'Equal.mem_Equal.mem_0_3_s') in module '~fifo.ddr3_memory_wrfifo_0' has no destination
WARN  (PA1001) : Dangling net 'DO_0[30]'(source:'Equal.mem_Equal.mem_0_3_s') in module '~fifo.ddr3_memory_wrfifo_0' has no destination
WARN  (PA1001) : Dangling net 'DO_0[31]'(source:'Equal.mem_Equal.mem_0_3_s') in module '~fifo.ddr3_memory_wrfifo_0' has no destination
WARN  (PA1001) : Dangling net 'n561_1_SUM'(source:'n561_s0') in module '~fifo.ddr3_memory_wrfifo_0' has no destination
WARN  (PA1001) : Dangling net 'n562_1_SUM'(source:'n562_s0') in module '~fifo.ddr3_memory_wrfifo_0' has no destination
WARN  (PA1001) : Dangling net 'n563_1_SUM'(source:'n563_s0') in module '~fifo.ddr3_memory_wrfifo_0' has no destination
WARN  (PA1001) : Dangling net 'n564_1_SUM'(source:'n564_s0') in module '~fifo.ddr3_memory_wrfifo_0' has no destination
WARN  (PA1001) : Dangling net 'n565_1_SUM'(source:'n565_s0') in module '~fifo.ddr3_memory_wrfifo_0' has no destination
WARN  (PA1001) : Dangling net 'n561_1_SUM'(source:'n561_s0') in module '~fifo.ddr3_memory_rdfifo' has no destination
WARN  (PA1001) : Dangling net 'n562_1_SUM'(source:'n562_s0') in module '~fifo.ddr3_memory_rdfifo' has no destination
WARN  (PA1001) : Dangling net 'n563_1_SUM'(source:'n563_s0') in module '~fifo.ddr3_memory_rdfifo' has no destination
WARN  (PA1001) : Dangling net 'n564_1_SUM'(source:'n564_s0') in module '~fifo.ddr3_memory_rdfifo' has no destination
WARN  (PA1001) : Dangling net 'n565_1_SUM'(source:'n565_s0') in module '~fifo.ddr3_memory_rdfifo' has no destination
Processing netlist completed
Reading constraint file: "G:\TangMega138K\ae350_test\ae350_demo\src\ae350_demo.cst"
Physical Constraint parsed completed
Running placement......
[10%] Placement Phase 0 completed
[20%] Placement Phase 1 completed
[30%] Placement Phase 2 completed
[50%] Placement Phase 3 completed
Running routing......
[60%] Routing Phase 0 completed
[70%] Routing Phase 1 completed
[80%] Routing Phase 2 completed
WARN  (PR1014) : Generic routing resource will be used to clock signal 'CLK_d' by the specified constraint. And then it may lead to the excessive delay or skew
WARN  (PR1014) : Generic routing resource will be used to clock signal 'TCK_IN_d' by the specified constraint. And then it may lead to the excessive delay or skew
WARN  (PR1014) : Generic routing resource will be used to clock signal '\u_RiscV_AE350_SOC_Top/FLASH_SPI_CLK_in ' by the specified constraint. And then it may lead to the excessive delay or skew
[90%] Routing Phase 3 completed
Running timing analysis......
[95%] Timing analysis completed
Placement and routing completed
Bitstream generation in progress......
Bitstream generation completed
Generate file "G:\TangMega138K\ae350_test\ae350_demo\impl\pnr\ae350_demo.pin.html" completed
Generate file "G:\TangMega138K\ae350_test\ae350_demo\impl\pnr\ae350_demo.rpt.html" completed
Generate file "G:\TangMega138K\ae350_test\ae350_demo\impl\pnr\ae350_demo.rpt.txt" completed
Generate file "G:\TangMega138K\ae350_test\ae350_demo\impl\pnr\ae350_demo.tr.html" completed
Mon Dec  4 00:05:55 2023

